[2025-02-14T15:02:33.419] [DEBUG] ClazzStructAnalyzer - Analyzing comment for annotation ... 
[2025-02-14T15:02:33.424] [DEBUG] ClazzStructAnalyzer - Annotation object from comment 
[2025-02-14T15:02:33.426] [DEBUG] ClazzStructAnalyzer - Component { value: 'ComponentBean', namespace: null, support: [] }
[2025-02-14T15:02:33.629] [DEBUG] ClazzStructAnalyzer - Analyzing comment for annotation ... 
[2025-02-14T15:02:33.629] [DEBUG] ClazzStructAnalyzer - Annotation object from comment 
[2025-02-14T15:02:33.629] [DEBUG] ClazzStructAnalyzer - Component { value: 'ComponentBean', namespace: null, support: [] }
[2025-02-14T15:02:33.632] [DEBUG] ClazzStructAnalyzer - Annotation object from comment 
[2025-02-14T15:02:33.634] [DEBUG] ClazzStructAnalyzer - Namespace { value: null }
[2025-02-14T15:02:33.929] [DEBUG] ClazzStructAnalyzer - Analyzing comment for annotation ... 
[2025-02-14T15:02:33.929] [DEBUG] ClazzStructAnalyzer - Annotation object from comment 
[2025-02-14T15:02:33.929] [DEBUG] ClazzStructAnalyzer - Component { value: 'ComponentBean', namespace: null, support: [] }
[2025-02-14T15:02:33.932] [DEBUG] ClazzStructAnalyzer - Annotation object from comment 
[2025-02-14T15:02:33.933] [DEBUG] ClazzStructAnalyzer - Namespace { value: null }
[2025-02-14T15:02:33.933] [DEBUG] ClazzStructAnalyzer - Annotation object from comment 
[2025-02-14T15:02:33.933] [DEBUG] ClazzStructAnalyzer - Inherits { value: 'Service' }
[2025-02-14T15:02:34.231] [DEBUG] ClazzStructAnalyzer - Analyzing comment for annotation ... 
[2025-02-14T15:02:34.231] [DEBUG] ClazzStructAnalyzer - Annotation object from comment 
[2025-02-14T15:02:34.231] [DEBUG] ClazzStructAnalyzer - Component { value: 'ComponentBean', namespace: null, support: [] }
[2025-02-14T15:02:34.232] [DEBUG] ClazzStructAnalyzer - Calling asynchrous analyzer ... 
[2025-02-14T15:02:34.462] [DEBUG] ClazzStructAnalyzer - Analyzing comment for annotation ... 
[2025-02-14T15:02:34.463] [DEBUG] ClazzStructAnalyzer - Annotation object from comment 
[2025-02-14T15:02:34.463] [DEBUG] ClazzStructAnalyzer - Component { value: 'ComponentBean', namespace: null, support: [] }
[2025-02-14T15:02:34.464] [DEBUG] ClazzStructAnalyzer - Annotation object from comment 
[2025-02-14T15:02:34.464] [DEBUG] ClazzStructAnalyzer - Namespace { value: null }
[2025-02-14T15:02:34.464] [DEBUG] ClazzStructAnalyzer - Calling asynchrous analyzer ... 
[2025-02-14T15:02:34.671] [INFO] ClazzStructAnalyzer - Starting to analyze file "/home/udo-gerhards/Development/NodeJS/Nodejs-annotations/test/resources/JScript/simple/analyze/files/clazz/clazz_simple.js ...
[2025-02-14T15:02:34.755] [DEBUG] ClazzStructAnalyzer - Starting to work on class "/home/udo-gerhards/Development/NodeJS/Nodejs-annotations/test/resources/JScript/simple/analyze/files/clazz/clazz_simple.js"
[2025-02-14T15:02:34.852] [DEBUG] ClazzStructAnalyzer - Analyzing comment for annotation ... 
[2025-02-14T15:02:34.853] [DEBUG] ClazzStructAnalyzer - Annotation object from comment 
[2025-02-14T15:02:34.853] [DEBUG] ClazzStructAnalyzer - Service { value: 'ServiceBean', namespace: null, support: [] }
[2025-02-14T15:02:34.858] [DEBUG] ClazzStructAnalyzer - Calling asynchrous analyzer ... 
[2025-02-14T15:02:34.868] [DEBUG] ClazzStructAnalyzer - Analyzing comment for annotation ... 
[2025-02-14T15:02:34.869] [DEBUG] ClazzStructAnalyzer - Annotation object from comment 
[2025-02-14T15:02:34.869] [DEBUG] ClazzStructAnalyzer - Init {
  value: null,
  namespace: null,
  support: [],
  property: null,
  member: null
}
[2025-02-14T15:02:34.880] [DEBUG] ClazzStructAnalyzer - Calling asynchrous analyzer ... 
