[2021-06-06T16:37:43.163] [INFO] PropertiesParser - PropertiesParser initialized ... init(/Users/udogerhards/Documents/workspace/Nodejs-annotations/lib/foundation/context/parser/annotation/Base/Base.js:25:16)
[2021-06-06T16:37:43.164] [INFO] PropertiesParser - Intializing PropertiesParser ...  init(/Users/udogerhards/Documents/workspace/Nodejs-annotations/lib/foundation/context/parser/annotation/meta/Properties/PropertiesParser.js:26:16)
[2021-06-06T16:37:49.754] [INFO] PropertiesParser - PropertiesParser initialized ...
[2021-06-06T16:37:49.754] [INFO] PropertiesParser - Intializing PropertiesParser ... 
[2021-06-06T16:37:49.843] [INFO] PropertiesParser - PropertiesParser initialized ...
[2021-06-06T16:37:49.843] [INFO] PropertiesParser - Intializing PropertiesParser ... 
[2021-06-06T16:37:49.916] [INFO] PropertiesParser - PropertiesParser initialized ...
[2021-06-06T16:37:49.916] [INFO] PropertiesParser - Intializing PropertiesParser ... 
[2021-06-06T16:37:50.066] [INFO] PropertiesParser - PropertiesParser initialized ...
[2021-06-06T16:37:50.066] [INFO] PropertiesParser - Intializing PropertiesParser ... 
[2021-06-06T16:37:50.141] [INFO] PropertiesParser - PropertiesParser initialized ...
[2021-06-06T16:37:50.141] [INFO] PropertiesParser - Intializing PropertiesParser ... 
[2021-06-06T16:37:50.239] [INFO] PropertiesParser - PropertiesParser initialized ...
[2021-06-06T16:37:50.239] [INFO] PropertiesParser - Intializing PropertiesParser ... 
[2021-06-06T16:37:50.310] [INFO] PropertiesParser - PropertiesParser initialized ...
[2021-06-06T16:37:50.310] [INFO] PropertiesParser - Intializing PropertiesParser ... 
[2021-06-06T16:37:50.382] [INFO] PropertiesParser - PropertiesParser initialized ...
[2021-06-06T16:37:50.382] [INFO] PropertiesParser - Intializing PropertiesParser ... 
[2021-06-06T16:37:50.433] [INFO] PropertiesParser - PropertiesParser initialized ...
[2021-06-06T16:37:50.433] [INFO] PropertiesParser - Intializing PropertiesParser ... 
[2021-06-06T16:37:50.481] [INFO] PropertiesParser - PropertiesParser initialized ...
[2021-06-06T16:37:50.482] [INFO] PropertiesParser - Intializing PropertiesParser ... 
[2021-06-06T16:37:50.532] [INFO] PropertiesParser - PropertiesParser initialized ...
[2021-06-06T16:37:50.532] [INFO] PropertiesParser - Intializing PropertiesParser ... 
[2021-06-06T16:37:50.586] [INFO] PropertiesParser - PropertiesParser initialized ...
[2021-06-06T16:37:50.587] [INFO] PropertiesParser - Intializing PropertiesParser ... 
[2021-06-06T16:38:02.337] [INFO] PropertiesParser - PropertiesParser initialized ... init(/Users/udogerhards/Documents/workspace/Nodejs-annotations/lib/foundation/context/parser/annotation/Base/Base.js:25:16)
[2021-06-06T16:38:02.337] [INFO] PropertiesParser - Intializing PropertiesParser ...  init(/Users/udogerhards/Documents/workspace/Nodejs-annotations/lib/foundation/context/parser/annotation/meta/Properties/PropertiesParser.js:26:16)
[2021-06-06T16:38:02.414] [INFO] PropertiesParser - PropertiesParser initialized ...
[2021-06-06T16:38:02.414] [INFO] PropertiesParser - Intializing PropertiesParser ... 
[2021-06-06T16:38:02.470] [INFO] PropertiesParser - PropertiesParser initialized ...
[2021-06-06T16:38:02.470] [INFO] PropertiesParser - Intializing PropertiesParser ... 
[2021-06-06T16:38:02.512] [INFO] PropertiesParser - PropertiesParser initialized ...
[2021-06-06T16:38:02.513] [INFO] PropertiesParser - Intializing PropertiesParser ... 
[2021-06-06T16:38:02.574] [INFO] PropertiesParser - PropertiesParser initialized ...
[2021-06-06T16:38:02.574] [INFO] PropertiesParser - Intializing PropertiesParser ... 
[2021-06-06T16:38:02.644] [INFO] PropertiesParser - PropertiesParser initialized ...
[2021-06-06T16:38:02.644] [INFO] PropertiesParser - Intializing PropertiesParser ... 
[2021-06-06T16:38:02.709] [INFO] PropertiesParser - PropertiesParser initialized ...
[2021-06-06T16:38:02.710] [INFO] PropertiesParser - Intializing PropertiesParser ... 
[2021-06-06T16:38:02.770] [INFO] PropertiesParser - PropertiesParser initialized ...
[2021-06-06T16:38:02.770] [INFO] PropertiesParser - Intializing PropertiesParser ... 
[2021-06-06T16:38:02.818] [INFO] PropertiesParser - PropertiesParser initialized ...
[2021-06-06T16:38:02.818] [INFO] PropertiesParser - Intializing PropertiesParser ... 
[2021-06-06T16:38:02.872] [INFO] PropertiesParser - PropertiesParser initialized ...
[2021-06-06T16:38:02.873] [INFO] PropertiesParser - Intializing PropertiesParser ... 
[2021-06-06T16:38:02.913] [INFO] PropertiesParser - PropertiesParser initialized ...
[2021-06-06T16:38:02.914] [INFO] PropertiesParser - Intializing PropertiesParser ... 
[2021-06-06T16:38:02.954] [INFO] PropertiesParser - PropertiesParser initialized ...
[2021-06-06T16:38:02.954] [INFO] PropertiesParser - Intializing PropertiesParser ... 
[2021-06-06T16:38:02.997] [INFO] PropertiesParser - PropertiesParser initialized ...
[2021-06-06T16:38:02.997] [INFO] PropertiesParser - Intializing PropertiesParser ... 
[2021-06-06T16:38:14.979] [INFO] PropertiesParser - PropertiesParser initialized ... init(/Users/udogerhards/Documents/workspace/Nodejs-annotations/lib/foundation/context/parser/annotation/Base/Base.js:25:16)
[2021-06-06T16:38:14.979] [INFO] PropertiesParser - Intializing PropertiesParser ...  init(/Users/udogerhards/Documents/workspace/Nodejs-annotations/lib/foundation/context/parser/annotation/meta/Properties/PropertiesParser.js:26:16)
[2021-06-06T16:38:15.048] [INFO] PropertiesParser - PropertiesParser initialized ...
[2021-06-06T16:38:15.048] [INFO] PropertiesParser - Intializing PropertiesParser ... 
[2021-06-06T16:38:15.090] [INFO] PropertiesParser - PropertiesParser initialized ...
[2021-06-06T16:38:15.090] [INFO] PropertiesParser - Intializing PropertiesParser ... 
[2021-06-06T16:38:15.119] [INFO] PropertiesParser - PropertiesParser initialized ...
[2021-06-06T16:38:15.119] [INFO] PropertiesParser - Intializing PropertiesParser ... 
[2021-06-06T16:38:15.159] [INFO] PropertiesParser - PropertiesParser initialized ...
[2021-06-06T16:38:15.159] [INFO] PropertiesParser - Intializing PropertiesParser ... 
[2021-06-06T16:38:15.186] [INFO] PropertiesParser - PropertiesParser initialized ...
[2021-06-06T16:38:15.186] [INFO] PropertiesParser - Intializing PropertiesParser ... 
[2021-06-06T16:38:15.214] [INFO] PropertiesParser - PropertiesParser initialized ...
[2021-06-06T16:38:15.214] [INFO] PropertiesParser - Intializing PropertiesParser ... 
[2021-06-06T16:38:15.252] [INFO] PropertiesParser - PropertiesParser initialized ...
[2021-06-06T16:38:15.253] [INFO] PropertiesParser - Intializing PropertiesParser ... 
[2021-06-06T16:38:15.281] [INFO] PropertiesParser - PropertiesParser initialized ...
[2021-06-06T16:38:15.281] [INFO] PropertiesParser - Intializing PropertiesParser ... 
[2021-06-06T16:38:15.309] [INFO] PropertiesParser - PropertiesParser initialized ...
[2021-06-06T16:38:15.309] [INFO] PropertiesParser - Intializing PropertiesParser ... 
[2021-06-06T16:38:15.341] [INFO] PropertiesParser - PropertiesParser initialized ...
[2021-06-06T16:38:15.341] [INFO] PropertiesParser - Intializing PropertiesParser ... 
[2021-06-06T16:38:15.364] [INFO] PropertiesParser - PropertiesParser initialized ...
[2021-06-06T16:38:15.364] [INFO] PropertiesParser - Intializing PropertiesParser ... 
[2021-06-06T16:38:15.390] [INFO] PropertiesParser - PropertiesParser initialized ...
[2021-06-06T16:38:15.390] [INFO] PropertiesParser - Intializing PropertiesParser ... 
[2021-06-06T16:49:53.674] [INFO] PropertiesParser - PropertiesParser initialized ... init(/Users/udogerhards/Documents/workspace/Nodejs-annotations/lib/foundation/context/parser/annotation/Base/Base.js:25:16)
[2021-06-06T16:49:53.674] [INFO] PropertiesParser - Intializing PropertiesParser ...  init(/Users/udogerhards/Documents/workspace/Nodejs-annotations/lib/foundation/context/parser/annotation/meta/Properties/PropertiesParser.js:26:16)
[2021-06-06T16:52:59.609] [INFO] PropertiesParser - PropertiesParser initialized ... init(/Users/udogerhards/Documents/workspace/Nodejs-annotations/lib/foundation/context/parser/annotation/Base/Base.js:25:16)
[2021-06-06T16:52:59.609] [INFO] PropertiesParser - Intializing PropertiesParser ...  init(/Users/udogerhards/Documents/workspace/Nodejs-annotations/lib/foundation/context/parser/annotation/meta/Properties/PropertiesParser.js:26:16)
[2021-06-06T16:53:32.761] [INFO] PropertiesParser - PropertiesParser initialized ... init(/Users/udogerhards/Documents/workspace/Nodejs-annotations/lib/foundation/context/parser/annotation/Base/Base.js:25:16)
[2021-06-06T16:53:32.761] [INFO] PropertiesParser - Intializing PropertiesParser ...  init(/Users/udogerhards/Documents/workspace/Nodejs-annotations/lib/foundation/context/parser/annotation/meta/Properties/PropertiesParser.js:26:16)
[2021-06-06T16:54:09.886] [INFO] PropertiesParser - PropertiesParser initialized ... init(/Users/udogerhards/Documents/workspace/Nodejs-annotations/lib/foundation/context/parser/annotation/Base/Base.js:25:16)
[2021-06-06T16:54:09.886] [INFO] PropertiesParser - Intializing PropertiesParser ...  init(/Users/udogerhards/Documents/workspace/Nodejs-annotations/lib/foundation/context/parser/annotation/meta/Properties/PropertiesParser.js:26:16)
[2021-06-06T16:58:44.084] [INFO] PropertiesParser - PropertiesParser initialized ... init(/Users/udogerhards/Documents/workspace/Nodejs-annotations/lib/foundation/context/parser/annotation/Base/Base.js:25:16)
[2021-06-06T16:58:44.085] [INFO] PropertiesParser - Intializing PropertiesParser ...  init(/Users/udogerhards/Documents/workspace/Nodejs-annotations/lib/foundation/context/parser/annotation/meta/Properties/PropertiesParser.js:26:16)
[2021-06-06T16:59:33.696] [INFO] PropertiesParser - PropertiesParser initialized ...
[2021-06-06T16:59:33.698] [INFO] PropertiesParser - Intializing PropertiesParser ... 
[2021-06-06T17:17:19.501] [INFO] PropertiesParser - PropertiesParser initialized ... init(/Users/udogerhards/Documents/workspace/Nodejs-annotations/lib/foundation/context/parser/annotation/Base/Base.js:25:16)
[2021-06-06T17:17:19.501] [INFO] PropertiesParser - Intializing PropertiesParser ...  init(/Users/udogerhards/Documents/workspace/Nodejs-annotations/lib/foundation/context/parser/annotation/meta/Properties/PropertiesParser.js:26:16)
[2021-06-06T17:17:42.220] [INFO] PropertiesParser - PropertiesParser initialized ...
[2021-06-06T17:17:42.220] [INFO] PropertiesParser - Intializing PropertiesParser ... 
[2021-06-06T17:17:42.347] [INFO] PropertiesParser - PropertiesParser initialized ...
[2021-06-06T17:17:42.347] [INFO] PropertiesParser - Intializing PropertiesParser ... 
[2021-06-06T17:18:30.196] [INFO] PropertiesParser - PropertiesParser initialized ... init(/Users/udogerhards/Documents/workspace/Nodejs-annotations/lib/foundation/context/parser/annotation/Base/Base.js:25:16)
[2021-06-06T17:18:30.196] [INFO] PropertiesParser - Intializing PropertiesParser ...  init(/Users/udogerhards/Documents/workspace/Nodejs-annotations/lib/foundation/context/parser/annotation/meta/Properties/PropertiesParser.js:26:16)
[2021-06-06T17:18:39.587] [INFO] PropertiesParser - PropertiesParser initialized ...
[2021-06-06T17:18:39.587] [INFO] PropertiesParser - Intializing PropertiesParser ... 
[2021-06-06T17:18:39.676] [INFO] PropertiesParser - PropertiesParser initialized ...
[2021-06-06T17:18:39.676] [INFO] PropertiesParser - Intializing PropertiesParser ... 
[2021-06-06T17:19:23.770] [INFO] PropertiesParser - PropertiesParser initialized ... init(/Users/udogerhards/Documents/workspace/Nodejs-annotations/lib/foundation/context/parser/annotation/Base/Base.js:25:16)
[2021-06-06T17:19:23.770] [INFO] PropertiesParser - Intializing PropertiesParser ...  init(/Users/udogerhards/Documents/workspace/Nodejs-annotations/lib/foundation/context/parser/annotation/meta/Properties/PropertiesParser.js:26:16)
[2021-06-06T17:19:23.861] [INFO] PropertiesParser - PropertiesParser initialized ...
[2021-06-06T17:19:23.861] [INFO] PropertiesParser - Intializing PropertiesParser ... 
[2021-06-06T17:19:40.337] [INFO] PropertiesParser - PropertiesParser initialized ...
[2021-06-06T17:19:40.337] [INFO] PropertiesParser - Intializing PropertiesParser ... 
[2021-06-06T17:19:51.460] [INFO] PropertiesParser - PropertiesParser initialized ... init(/Users/udogerhards/Documents/workspace/Nodejs-annotations/lib/foundation/context/parser/annotation/Base/Base.js:25:16)
[2021-06-06T17:19:51.460] [INFO] PropertiesParser - Intializing PropertiesParser ...  init(/Users/udogerhards/Documents/workspace/Nodejs-annotations/lib/foundation/context/parser/annotation/meta/Properties/PropertiesParser.js:26:16)
[2021-06-06T17:19:51.556] [INFO] PropertiesParser - PropertiesParser initialized ...
[2021-06-06T17:19:51.556] [INFO] PropertiesParser - Intializing PropertiesParser ... 
[2021-06-06T17:21:38.356] [INFO] PropertiesParser - PropertiesParser initialized ...
[2021-06-06T17:21:38.356] [INFO] PropertiesParser - Intializing PropertiesParser ... 
[2021-06-06T17:23:24.796] [INFO] PropertiesParser - PropertiesParser initialized ...
[2021-06-06T17:23:24.796] [INFO] PropertiesParser - Intializing PropertiesParser ... 
[2021-06-06T17:24:42.837] [INFO] PropertiesParser - PropertiesParser initialized ... init(/Users/udogerhards/Documents/workspace/Nodejs-annotations/lib/foundation/context/parser/annotation/Base/Base.js:25:16)
[2021-06-06T17:24:42.838] [INFO] PropertiesParser - Intializing PropertiesParser ...  init(/Users/udogerhards/Documents/workspace/Nodejs-annotations/lib/foundation/context/parser/annotation/meta/Properties/PropertiesParser.js:26:16)
[2021-06-06T17:24:42.923] [INFO] PropertiesParser - PropertiesParser initialized ...
[2021-06-06T17:24:42.923] [INFO] PropertiesParser - Intializing PropertiesParser ... 
[2021-06-06T17:24:57.835] [INFO] PropertiesParser - PropertiesParser initialized ...
[2021-06-06T17:24:57.836] [INFO] PropertiesParser - Intializing PropertiesParser ... 
[2021-06-06T17:25:25.549] [INFO] PropertiesParser - PropertiesParser initialized ... init(/Users/udogerhards/Documents/workspace/Nodejs-annotations/lib/foundation/context/parser/annotation/Base/Base.js:25:16)
[2021-06-06T17:25:25.549] [INFO] PropertiesParser - Intializing PropertiesParser ...  init(/Users/udogerhards/Documents/workspace/Nodejs-annotations/lib/foundation/context/parser/annotation/meta/Properties/PropertiesParser.js:26:16)
[2021-06-06T17:25:25.636] [INFO] PropertiesParser - PropertiesParser initialized ...
[2021-06-06T17:25:25.636] [INFO] PropertiesParser - Intializing PropertiesParser ... 
[2021-06-06T17:28:02.953] [INFO] PropertiesParser - PropertiesParser initialized ... init(/Users/udogerhards/Documents/workspace/Nodejs-annotations/lib/foundation/context/parser/annotation/Base/Base.js:25:16)
[2021-06-06T17:28:02.954] [INFO] PropertiesParser - Intializing PropertiesParser ...  init(/Users/udogerhards/Documents/workspace/Nodejs-annotations/lib/foundation/context/parser/annotation/meta/Properties/PropertiesParser.js:26:16)
[2021-06-06T17:28:03.035] [INFO] PropertiesParser - PropertiesParser initialized ...
[2021-06-06T17:28:03.035] [INFO] PropertiesParser - Intializing PropertiesParser ... 
[2021-06-06T17:28:03.097] [INFO] PropertiesParser - PropertiesParser initialized ...
[2021-06-06T17:28:03.097] [INFO] PropertiesParser - Intializing PropertiesParser ... 
[2021-06-06T17:28:34.060] [INFO] PropertiesParser - PropertiesParser initialized ...
[2021-06-06T17:28:34.060] [INFO] PropertiesParser - Intializing PropertiesParser ... 
[2021-06-06T17:29:09.317] [INFO] PropertiesParser - PropertiesParser initialized ...
[2021-06-06T17:29:09.317] [INFO] PropertiesParser - Intializing PropertiesParser ... 
[2021-06-06T17:34:44.152] [INFO] PropertiesParser - PropertiesParser initialized ... init(/Users/udogerhards/Documents/workspace/Nodejs-annotations/lib/foundation/context/parser/annotation/Base/Base.js:25:16)
[2021-06-06T17:34:44.153] [INFO] PropertiesParser - Intializing PropertiesParser ...  init(/Users/udogerhards/Documents/workspace/Nodejs-annotations/lib/foundation/context/parser/annotation/meta/Properties/PropertiesParser.js:26:16)
[2021-06-06T17:34:44.243] [INFO] PropertiesParser - PropertiesParser initialized ...
[2021-06-06T17:34:44.243] [INFO] PropertiesParser - Intializing PropertiesParser ... 
[2021-06-06T17:35:01.625] [INFO] PropertiesParser - PropertiesParser initialized ... init(/Users/udogerhards/Documents/workspace/Nodejs-annotations/lib/foundation/context/parser/annotation/Base/Base.js:25:16)
[2021-06-06T17:35:01.626] [INFO] PropertiesParser - Intializing PropertiesParser ...  init(/Users/udogerhards/Documents/workspace/Nodejs-annotations/lib/foundation/context/parser/annotation/meta/Properties/PropertiesParser.js:26:16)
[2021-06-06T17:35:01.746] [INFO] PropertiesParser - PropertiesParser initialized ...
[2021-06-06T17:35:01.746] [INFO] PropertiesParser - Intializing PropertiesParser ... 
[2021-06-06T17:35:01.809] [INFO] PropertiesParser - PropertiesParser initialized ...
[2021-06-06T17:35:01.809] [INFO] PropertiesParser - Intializing PropertiesParser ... 
[2021-06-06T17:35:57.262] [INFO] PropertiesParser - PropertiesParser initialized ...
[2021-06-06T17:35:57.263] [INFO] PropertiesParser - Intializing PropertiesParser ... 
[2021-06-06T17:39:16.726] [INFO] PropertiesParser - PropertiesParser initialized ... init(/Users/udogerhards/Documents/workspace/Nodejs-annotations/lib/foundation/context/parser/annotation/Base/Base.js:25:16)
[2021-06-06T17:39:16.726] [INFO] PropertiesParser - Intializing PropertiesParser ...  init(/Users/udogerhards/Documents/workspace/Nodejs-annotations/lib/foundation/context/parser/annotation/meta/Properties/PropertiesParser.js:26:16)
[2021-06-06T17:39:16.821] [INFO] PropertiesParser - PropertiesParser initialized ...
[2021-06-06T17:39:16.821] [INFO] PropertiesParser - Intializing PropertiesParser ... 
[2021-06-06T17:39:16.879] [INFO] PropertiesParser - PropertiesParser initialized ...
[2021-06-06T17:39:16.879] [INFO] PropertiesParser - Intializing PropertiesParser ... 
[2021-06-06T17:39:16.933] [INFO] PropertiesParser - PropertiesParser initialized ...
[2021-06-06T17:39:16.933] [INFO] PropertiesParser - Intializing PropertiesParser ... 
[2021-06-06T17:42:01.793] [INFO] PropertiesParser - PropertiesParser initialized ... init(/Users/udogerhards/Documents/workspace/Nodejs-annotations/lib/foundation/context/parser/annotation/Base/Base.js:25:16)
[2021-06-06T17:42:01.794] [INFO] PropertiesParser - Intializing PropertiesParser ...  init(/Users/udogerhards/Documents/workspace/Nodejs-annotations/lib/foundation/context/parser/annotation/meta/Properties/PropertiesParser.js:26:16)
[2021-06-06T17:42:01.875] [INFO] PropertiesParser - PropertiesParser initialized ...
[2021-06-06T17:42:01.875] [INFO] PropertiesParser - Intializing PropertiesParser ... 
[2021-06-06T17:42:01.941] [INFO] PropertiesParser - PropertiesParser initialized ...
[2021-06-06T17:42:01.942] [INFO] PropertiesParser - Intializing PropertiesParser ... 
[2021-06-06T17:42:02.002] [INFO] PropertiesParser - PropertiesParser initialized ...
[2021-06-06T17:42:02.002] [INFO] PropertiesParser - Intializing PropertiesParser ... 
[2021-06-06T17:56:41.803] [INFO] PropertiesParser - PropertiesParser initialized ... init(/Users/udogerhards/Documents/workspace/Nodejs-annotations/lib/foundation/context/parser/annotation/Base/Base.js:25:16)
[2021-06-06T17:56:41.803] [INFO] PropertiesParser - Intializing PropertiesParser ...  init(/Users/udogerhards/Documents/workspace/Nodejs-annotations/lib/foundation/context/parser/annotation/meta/Properties/PropertiesParser.js:26:16)
[2021-06-06T17:56:41.889] [INFO] PropertiesParser - PropertiesParser initialized ...
[2021-06-06T17:56:41.889] [INFO] PropertiesParser - Intializing PropertiesParser ... 
[2021-06-06T17:56:41.947] [INFO] PropertiesParser - PropertiesParser initialized ...
[2021-06-06T17:56:41.947] [INFO] PropertiesParser - Intializing PropertiesParser ... 
[2021-06-06T17:56:42.008] [INFO] PropertiesParser - PropertiesParser initialized ...
[2021-06-06T17:56:42.008] [INFO] PropertiesParser - Intializing PropertiesParser ... 
[2021-06-06T17:56:42.077] [INFO] PropertiesParser - PropertiesParser initialized ...
[2021-06-06T17:56:42.077] [INFO] PropertiesParser - Intializing PropertiesParser ... 
[2021-06-06T17:56:47.271] [INFO] PropertiesParser - PropertiesParser initialized ...
[2021-06-06T17:56:47.271] [INFO] PropertiesParser - Intializing PropertiesParser ... 
[2021-06-06T17:56:47.329] [INFO] PropertiesParser - PropertiesParser initialized ...
[2021-06-06T17:56:47.329] [INFO] PropertiesParser - Intializing PropertiesParser ... 
[2021-06-06T18:01:55.051] [INFO] PropertiesParser - PropertiesParser initialized ... init(/Users/udogerhards/Documents/workspace/Nodejs-annotations/lib/foundation/context/parser/annotation/Base/Base.js:25:16)
[2021-06-06T18:01:55.052] [INFO] PropertiesParser - Intializing PropertiesParser ...  init(/Users/udogerhards/Documents/workspace/Nodejs-annotations/lib/foundation/context/parser/annotation/meta/Properties/PropertiesParser.js:26:16)
[2021-06-06T18:01:55.136] [INFO] PropertiesParser - PropertiesParser initialized ...
[2021-06-06T18:01:55.137] [INFO] PropertiesParser - Intializing PropertiesParser ... 
[2021-06-06T18:01:55.194] [INFO] PropertiesParser - PropertiesParser initialized ...
[2021-06-06T18:01:55.194] [INFO] PropertiesParser - Intializing PropertiesParser ... 
[2021-06-06T18:01:55.256] [INFO] PropertiesParser - PropertiesParser initialized ...
[2021-06-06T18:01:55.256] [INFO] PropertiesParser - Intializing PropertiesParser ... 
[2021-06-06T18:01:55.314] [INFO] PropertiesParser - PropertiesParser initialized ...
[2021-06-06T18:01:55.314] [INFO] PropertiesParser - Intializing PropertiesParser ... 
[2021-06-06T18:02:00.889] [INFO] PropertiesParser - PropertiesParser initialized ...
[2021-06-06T18:02:00.889] [INFO] PropertiesParser - Intializing PropertiesParser ... 
[2021-06-06T18:02:00.956] [INFO] PropertiesParser - PropertiesParser initialized ...
[2021-06-06T18:02:00.957] [INFO] PropertiesParser - Intializing PropertiesParser ... 
[2021-06-06T18:02:01.011] [INFO] PropertiesParser - PropertiesParser initialized ...
[2021-06-06T18:02:01.012] [INFO] PropertiesParser - Intializing PropertiesParser ... 
[2021-06-06T18:02:01.072] [INFO] PropertiesParser - PropertiesParser initialized ...
[2021-06-06T18:02:01.072] [INFO] PropertiesParser - Intializing PropertiesParser ... 
[2021-06-06T18:02:01.146] [INFO] PropertiesParser - PropertiesParser initialized ...
[2021-06-06T18:02:01.147] [INFO] PropertiesParser - Intializing PropertiesParser ... 
[2021-06-06T18:02:01.197] [INFO] PropertiesParser - PropertiesParser initialized ...
[2021-06-06T18:02:01.197] [INFO] PropertiesParser - Intializing PropertiesParser ... 
[2021-06-06T18:02:01.265] [INFO] PropertiesParser - PropertiesParser initialized ...
[2021-06-06T18:02:01.266] [INFO] PropertiesParser - Intializing PropertiesParser ... 
[2021-06-06T18:02:01.372] [INFO] PropertiesParser - PropertiesParser initialized ...
[2021-06-06T18:02:01.372] [INFO] PropertiesParser - Intializing PropertiesParser ... 
[2021-06-06T18:02:36.987] [INFO] PropertiesParser - PropertiesParser initialized ... init(/Users/udogerhards/Documents/workspace/Nodejs-annotations/lib/foundation/context/parser/annotation/Base/Base.js:25:16)
[2021-06-06T18:02:36.987] [INFO] PropertiesParser - Intializing PropertiesParser ...  init(/Users/udogerhards/Documents/workspace/Nodejs-annotations/lib/foundation/context/parser/annotation/meta/Properties/PropertiesParser.js:26:16)
[2021-06-06T18:02:37.063] [INFO] PropertiesParser - PropertiesParser initialized ...
[2021-06-06T18:02:37.063] [INFO] PropertiesParser - Intializing PropertiesParser ... 
[2021-06-06T18:02:37.108] [INFO] PropertiesParser - PropertiesParser initialized ...
[2021-06-06T18:02:37.108] [INFO] PropertiesParser - Intializing PropertiesParser ... 
[2021-06-06T18:02:37.146] [INFO] PropertiesParser - PropertiesParser initialized ...
[2021-06-06T18:02:37.147] [INFO] PropertiesParser - Intializing PropertiesParser ... 
[2021-06-06T18:02:37.183] [INFO] PropertiesParser - PropertiesParser initialized ...
[2021-06-06T18:02:37.183] [INFO] PropertiesParser - Intializing PropertiesParser ... 
[2021-06-06T18:02:37.211] [INFO] PropertiesParser - PropertiesParser initialized ...
[2021-06-06T18:02:37.211] [INFO] PropertiesParser - Intializing PropertiesParser ... 
[2021-06-06T18:02:37.243] [INFO] PropertiesParser - PropertiesParser initialized ...
[2021-06-06T18:02:37.244] [INFO] PropertiesParser - Intializing PropertiesParser ... 
[2021-06-06T18:02:37.288] [INFO] PropertiesParser - PropertiesParser initialized ...
[2021-06-06T18:02:37.288] [INFO] PropertiesParser - Intializing PropertiesParser ... 
[2021-06-06T18:02:37.325] [INFO] PropertiesParser - PropertiesParser initialized ...
[2021-06-06T18:02:37.325] [INFO] PropertiesParser - Intializing PropertiesParser ... 
[2021-06-06T18:02:37.347] [INFO] PropertiesParser - PropertiesParser initialized ...
[2021-06-06T18:02:37.348] [INFO] PropertiesParser - Intializing PropertiesParser ... 
[2021-06-06T18:02:37.373] [INFO] PropertiesParser - PropertiesParser initialized ...
[2021-06-06T18:02:37.373] [INFO] PropertiesParser - Intializing PropertiesParser ... 
[2021-06-06T18:02:37.397] [INFO] PropertiesParser - PropertiesParser initialized ...
[2021-06-06T18:02:37.397] [INFO] PropertiesParser - Intializing PropertiesParser ... 
[2021-06-06T18:02:37.429] [INFO] PropertiesParser - PropertiesParser initialized ...
[2021-06-06T18:02:37.429] [INFO] PropertiesParser - Intializing PropertiesParser ... 
[2021-06-06T18:07:15.879] [INFO] PropertiesParser - PropertiesParser initialized ... init(/Users/udogerhards/Documents/workspace/Nodejs-annotations/lib/foundation/context/parser/annotation/Base/Base.js:25:16)
[2021-06-06T18:07:15.880] [INFO] PropertiesParser - Intializing PropertiesParser ...  init(/Users/udogerhards/Documents/workspace/Nodejs-annotations/lib/foundation/context/parser/annotation/meta/Properties/PropertiesParser.js:26:16)
[2021-06-06T18:07:15.977] [INFO] PropertiesParser - PropertiesParser initialized ...
[2021-06-06T18:07:15.977] [INFO] PropertiesParser - Intializing PropertiesParser ... 
[2021-06-06T18:07:16.050] [INFO] PropertiesParser - PropertiesParser initialized ...
[2021-06-06T18:07:16.050] [INFO] PropertiesParser - Intializing PropertiesParser ... 
[2021-06-06T18:07:16.101] [INFO] PropertiesParser - PropertiesParser initialized ...
[2021-06-06T18:07:16.101] [INFO] PropertiesParser - Intializing PropertiesParser ... 
[2021-06-06T18:07:36.810] [INFO] PropertiesParser - PropertiesParser initialized ... init(/Users/udogerhards/Documents/workspace/Nodejs-annotations/lib/foundation/context/parser/annotation/Base/Base.js:25:16)
[2021-06-06T18:07:36.810] [INFO] PropertiesParser - Intializing PropertiesParser ...  init(/Users/udogerhards/Documents/workspace/Nodejs-annotations/lib/foundation/context/parser/annotation/meta/Properties/PropertiesParser.js:26:16)
[2021-06-06T18:07:36.875] [INFO] PropertiesParser - PropertiesParser initialized ...
[2021-06-06T18:07:36.876] [INFO] PropertiesParser - Intializing PropertiesParser ... 
[2021-06-06T18:07:36.927] [INFO] PropertiesParser - PropertiesParser initialized ...
[2021-06-06T18:07:36.928] [INFO] PropertiesParser - Intializing PropertiesParser ... 
[2021-06-06T18:07:36.957] [INFO] PropertiesParser - PropertiesParser initialized ...
[2021-06-06T18:07:36.958] [INFO] PropertiesParser - Intializing PropertiesParser ... 
[2021-06-06T18:07:36.989] [INFO] PropertiesParser - PropertiesParser initialized ...
[2021-06-06T18:07:36.989] [INFO] PropertiesParser - Intializing PropertiesParser ... 
[2021-06-06T18:07:37.050] [INFO] PropertiesParser - PropertiesParser initialized ...
[2021-06-06T18:07:37.050] [INFO] PropertiesParser - Intializing PropertiesParser ... 
[2021-06-06T18:07:37.104] [INFO] PropertiesParser - PropertiesParser initialized ...
[2021-06-06T18:07:37.107] [INFO] PropertiesParser - Intializing PropertiesParser ... 
[2021-06-06T18:07:37.146] [INFO] PropertiesParser - PropertiesParser initialized ...
[2021-06-06T18:07:37.146] [INFO] PropertiesParser - Intializing PropertiesParser ... 
[2021-06-06T18:07:37.173] [INFO] PropertiesParser - PropertiesParser initialized ...
[2021-06-06T18:07:37.173] [INFO] PropertiesParser - Intializing PropertiesParser ... 
[2021-06-06T18:07:37.199] [INFO] PropertiesParser - PropertiesParser initialized ...
[2021-06-06T18:07:37.199] [INFO] PropertiesParser - Intializing PropertiesParser ... 
[2021-06-06T18:07:37.230] [INFO] PropertiesParser - PropertiesParser initialized ...
[2021-06-06T18:07:37.230] [INFO] PropertiesParser - Intializing PropertiesParser ... 
[2021-06-06T18:07:37.254] [INFO] PropertiesParser - PropertiesParser initialized ...
[2021-06-06T18:07:37.254] [INFO] PropertiesParser - Intializing PropertiesParser ... 
[2021-06-06T18:07:37.278] [INFO] PropertiesParser - PropertiesParser initialized ...
[2021-06-06T18:07:37.278] [INFO] PropertiesParser - Intializing PropertiesParser ... 
[2021-06-06T18:07:59.671] [INFO] PropertiesParser - PropertiesParser initialized ... init(/Users/udogerhards/Documents/workspace/Nodejs-annotations/lib/foundation/context/parser/annotation/Base/Base.js:25:16)
[2021-06-06T18:07:59.672] [INFO] PropertiesParser - Intializing PropertiesParser ...  init(/Users/udogerhards/Documents/workspace/Nodejs-annotations/lib/foundation/context/parser/annotation/meta/Properties/PropertiesParser.js:26:16)
[2021-06-06T18:07:59.815] [INFO] PropertiesParser - PropertiesParser initialized ...
[2021-06-06T18:07:59.815] [INFO] PropertiesParser - Intializing PropertiesParser ... 
[2021-06-06T18:07:59.867] [INFO] PropertiesParser - PropertiesParser initialized ...
[2021-06-06T18:07:59.867] [INFO] PropertiesParser - Intializing PropertiesParser ... 
[2021-06-06T18:07:59.917] [INFO] PropertiesParser - PropertiesParser initialized ...
[2021-06-06T18:07:59.917] [INFO] PropertiesParser - Intializing PropertiesParser ... 
[2021-06-06T18:07:59.974] [INFO] PropertiesParser - PropertiesParser initialized ...
[2021-06-06T18:07:59.974] [INFO] PropertiesParser - Intializing PropertiesParser ... 
[2021-06-06T18:08:00.053] [INFO] PropertiesParser - PropertiesParser initialized ...
[2021-06-06T18:08:00.053] [INFO] PropertiesParser - Intializing PropertiesParser ... 
[2021-06-06T18:08:00.100] [INFO] PropertiesParser - PropertiesParser initialized ...
[2021-06-06T18:08:00.100] [INFO] PropertiesParser - Intializing PropertiesParser ... 
[2021-06-06T18:08:00.155] [INFO] PropertiesParser - PropertiesParser initialized ...
[2021-06-06T18:08:00.155] [INFO] PropertiesParser - Intializing PropertiesParser ... 
[2021-06-06T18:08:00.199] [INFO] PropertiesParser - PropertiesParser initialized ...
[2021-06-06T18:08:00.199] [INFO] PropertiesParser - Intializing PropertiesParser ... 
[2021-06-06T18:08:00.263] [INFO] PropertiesParser - PropertiesParser initialized ...
[2021-06-06T18:08:00.263] [INFO] PropertiesParser - Intializing PropertiesParser ... 
[2021-06-06T18:08:00.313] [INFO] PropertiesParser - PropertiesParser initialized ...
[2021-06-06T18:08:00.313] [INFO] PropertiesParser - Intializing PropertiesParser ... 
[2021-06-06T18:08:00.351] [INFO] PropertiesParser - PropertiesParser initialized ...
[2021-06-06T18:08:00.351] [INFO] PropertiesParser - Intializing PropertiesParser ... 
[2021-06-06T18:08:00.393] [INFO] PropertiesParser - PropertiesParser initialized ...
[2021-06-06T18:08:00.393] [INFO] PropertiesParser - Intializing PropertiesParser ... 
[2021-06-06T18:09:05.174] [INFO] PropertiesParser - PropertiesParser initialized ... init(/Users/udogerhards/Documents/workspace/Nodejs-annotations/lib/foundation/context/parser/annotation/Base/Base.js:25:16)
[2021-06-06T18:09:05.175] [INFO] PropertiesParser - Intializing PropertiesParser ...  init(/Users/udogerhards/Documents/workspace/Nodejs-annotations/lib/foundation/context/parser/annotation/meta/Properties/PropertiesParser.js:26:16)
[2021-06-06T18:09:05.261] [INFO] PropertiesParser - PropertiesParser initialized ...
[2021-06-06T18:09:05.261] [INFO] PropertiesParser - Intializing PropertiesParser ... 
[2021-06-06T18:09:05.330] [INFO] PropertiesParser - PropertiesParser initialized ...
[2021-06-06T18:09:05.330] [INFO] PropertiesParser - Intializing PropertiesParser ... 
[2021-06-06T18:09:05.385] [INFO] PropertiesParser - PropertiesParser initialized ...
[2021-06-06T18:09:05.385] [INFO] PropertiesParser - Intializing PropertiesParser ... 
[2021-06-06T18:09:05.445] [INFO] PropertiesParser - PropertiesParser initialized ...
[2021-06-06T18:09:05.445] [INFO] PropertiesParser - Intializing PropertiesParser ... 
[2021-06-06T18:09:05.520] [INFO] PropertiesParser - PropertiesParser initialized ...
[2021-06-06T18:09:05.521] [INFO] PropertiesParser - Intializing PropertiesParser ... 
[2021-06-06T18:09:05.597] [INFO] PropertiesParser - PropertiesParser initialized ...
[2021-06-06T18:09:05.603] [INFO] PropertiesParser - Intializing PropertiesParser ... 
[2021-06-06T18:09:05.658] [INFO] PropertiesParser - PropertiesParser initialized ...
[2021-06-06T18:09:05.658] [INFO] PropertiesParser - Intializing PropertiesParser ... 
[2021-06-06T18:09:05.718] [INFO] PropertiesParser - PropertiesParser initialized ...
[2021-06-06T18:09:05.718] [INFO] PropertiesParser - Intializing PropertiesParser ... 
[2021-06-06T18:09:05.782] [INFO] PropertiesParser - PropertiesParser initialized ...
[2021-06-06T18:09:05.782] [INFO] PropertiesParser - Intializing PropertiesParser ... 
[2021-06-06T18:09:05.834] [INFO] PropertiesParser - PropertiesParser initialized ...
[2021-06-06T18:09:05.834] [INFO] PropertiesParser - Intializing PropertiesParser ... 
[2021-06-06T18:09:05.890] [INFO] PropertiesParser - PropertiesParser initialized ...
[2021-06-06T18:09:05.890] [INFO] PropertiesParser - Intializing PropertiesParser ... 
[2021-06-06T18:09:05.971] [INFO] PropertiesParser - PropertiesParser initialized ...
[2021-06-06T18:09:05.971] [INFO] PropertiesParser - Intializing PropertiesParser ... 
[2021-06-06T18:26:20.581] [INFO] PropertiesParser - PropertiesParser initialized ... init(/Users/udogerhards/Documents/workspace/Nodejs-annotations/lib/foundation/context/parser/annotation/Base/Base.js:25:16)
[2021-06-06T18:26:20.582] [INFO] PropertiesParser - Intializing PropertiesParser ...  init(/Users/udogerhards/Documents/workspace/Nodejs-annotations/lib/foundation/context/parser/annotation/meta/Properties/PropertiesParser.js:26:16)
[2021-06-06T18:26:20.762] [INFO] PropertiesParser - PropertiesParser initialized ...
[2021-06-06T18:26:20.762] [INFO] PropertiesParser - Intializing PropertiesParser ... 
[2021-06-06T18:26:20.880] [INFO] PropertiesParser - PropertiesParser initialized ...
[2021-06-06T18:26:20.880] [INFO] PropertiesParser - Intializing PropertiesParser ... 
[2021-06-06T18:26:20.979] [INFO] PropertiesParser - PropertiesParser initialized ...
[2021-06-06T18:26:20.980] [INFO] PropertiesParser - Intializing PropertiesParser ... 
[2021-06-06T18:26:21.050] [INFO] PropertiesParser - PropertiesParser initialized ...
[2021-06-06T18:26:21.051] [INFO] PropertiesParser - Intializing PropertiesParser ... 
[2021-06-06T18:26:21.127] [INFO] PropertiesParser - PropertiesParser initialized ...
[2021-06-06T18:26:21.128] [INFO] PropertiesParser - Intializing PropertiesParser ... 
[2021-06-06T18:26:21.197] [INFO] PropertiesParser - PropertiesParser initialized ...
[2021-06-06T18:26:21.199] [INFO] PropertiesParser - Intializing PropertiesParser ... 
[2021-06-06T18:26:21.297] [INFO] PropertiesParser - PropertiesParser initialized ...
[2021-06-06T18:26:21.297] [INFO] PropertiesParser - Intializing PropertiesParser ... 
[2021-06-06T18:26:21.375] [INFO] PropertiesParser - PropertiesParser initialized ...
[2021-06-06T18:26:21.375] [INFO] PropertiesParser - Intializing PropertiesParser ... 
[2021-06-06T18:26:21.445] [INFO] PropertiesParser - PropertiesParser initialized ...
[2021-06-06T18:26:21.445] [INFO] PropertiesParser - Intializing PropertiesParser ... 
[2021-06-06T18:26:21.529] [INFO] PropertiesParser - PropertiesParser initialized ...
[2021-06-06T18:26:21.530] [INFO] PropertiesParser - Intializing PropertiesParser ... 
[2021-06-06T18:26:21.600] [INFO] PropertiesParser - PropertiesParser initialized ...
[2021-06-06T18:26:21.601] [INFO] PropertiesParser - Intializing PropertiesParser ... 
[2021-06-06T18:26:21.673] [INFO] PropertiesParser - PropertiesParser initialized ...
[2021-06-06T18:26:21.673] [INFO] PropertiesParser - Intializing PropertiesParser ... 
[2021-06-06T18:28:11.408] [INFO] PropertiesParser - PropertiesParser initialized ... init(/Users/udogerhards/Documents/workspace/Nodejs-annotations/lib/foundation/context/parser/annotation/Base/Base.js:25:16)
[2021-06-06T18:28:11.408] [INFO] PropertiesParser - Intializing PropertiesParser ...  init(/Users/udogerhards/Documents/workspace/Nodejs-annotations/lib/foundation/context/parser/annotation/meta/Properties/PropertiesParser.js:26:16)
[2021-06-06T18:29:18.864] [INFO] PropertiesParser - PropertiesParser initialized ...
[2021-06-06T18:29:18.864] [INFO] PropertiesParser - Intializing PropertiesParser ... 
[2021-06-06T18:29:18.950] [INFO] PropertiesParser - PropertiesParser initialized ...
[2021-06-06T18:29:18.950] [INFO] PropertiesParser - Intializing PropertiesParser ... 
[2021-06-06T18:29:19.051] [INFO] PropertiesParser - PropertiesParser initialized ...
[2021-06-06T18:29:19.052] [INFO] PropertiesParser - Intializing PropertiesParser ... 
[2021-06-06T18:29:19.212] [INFO] PropertiesParser - PropertiesParser initialized ...
[2021-06-06T18:29:19.213] [INFO] PropertiesParser - Intializing PropertiesParser ... 
[2021-06-06T18:29:19.284] [INFO] PropertiesParser - PropertiesParser initialized ...
[2021-06-06T18:29:19.284] [INFO] PropertiesParser - Intializing PropertiesParser ... 
[2021-06-06T18:29:19.369] [INFO] PropertiesParser - PropertiesParser initialized ...
[2021-06-06T18:29:19.369] [INFO] PropertiesParser - Intializing PropertiesParser ... 
[2021-06-06T18:29:19.464] [INFO] PropertiesParser - PropertiesParser initialized ...
[2021-06-06T18:29:19.464] [INFO] PropertiesParser - Intializing PropertiesParser ... 
[2021-06-06T18:29:19.526] [INFO] PropertiesParser - PropertiesParser initialized ...
[2021-06-06T18:29:19.526] [INFO] PropertiesParser - Intializing PropertiesParser ... 
[2021-06-06T18:29:19.585] [INFO] PropertiesParser - PropertiesParser initialized ...
[2021-06-06T18:29:19.586] [INFO] PropertiesParser - Intializing PropertiesParser ... 
[2021-06-06T18:29:19.661] [INFO] PropertiesParser - PropertiesParser initialized ...
[2021-06-06T18:29:19.662] [INFO] PropertiesParser - Intializing PropertiesParser ... 
[2021-06-06T18:29:19.733] [INFO] PropertiesParser - PropertiesParser initialized ...
[2021-06-06T18:29:19.734] [INFO] PropertiesParser - Intializing PropertiesParser ... 
[2021-06-06T18:29:19.791] [INFO] PropertiesParser - PropertiesParser initialized ...
[2021-06-06T18:29:19.791] [INFO] PropertiesParser - Intializing PropertiesParser ... 
[2021-06-06T18:29:30.284] [INFO] PropertiesParser - PropertiesParser initialized ... init(/Users/udogerhards/Documents/workspace/Nodejs-annotations/lib/foundation/context/parser/annotation/Base/Base.js:25:16)
[2021-06-06T18:29:30.285] [INFO] PropertiesParser - Intializing PropertiesParser ...  init(/Users/udogerhards/Documents/workspace/Nodejs-annotations/lib/foundation/context/parser/annotation/meta/Properties/PropertiesParser.js:26:16)
[2021-06-06T18:29:37.763] [INFO] PropertiesParser - PropertiesParser initialized ...
[2021-06-06T18:29:37.763] [INFO] PropertiesParser - Intializing PropertiesParser ... 
[2021-06-06T18:29:37.990] [INFO] PropertiesParser - PropertiesParser initialized ...
[2021-06-06T18:29:37.990] [INFO] PropertiesParser - Intializing PropertiesParser ... 
[2021-06-06T18:29:38.051] [INFO] PropertiesParser - PropertiesParser initialized ...
[2021-06-06T18:29:38.051] [INFO] PropertiesParser - Intializing PropertiesParser ... 
[2021-06-06T18:29:38.239] [INFO] PropertiesParser - PropertiesParser initialized ...
[2021-06-06T18:29:38.239] [INFO] PropertiesParser - Intializing PropertiesParser ... 
[2021-06-06T18:29:38.302] [INFO] PropertiesParser - PropertiesParser initialized ...
[2021-06-06T18:29:38.302] [INFO] PropertiesParser - Intializing PropertiesParser ... 
[2021-06-06T18:29:38.469] [INFO] PropertiesParser - PropertiesParser initialized ...
[2021-06-06T18:29:38.469] [INFO] PropertiesParser - Intializing PropertiesParser ... 
[2021-06-06T18:29:38.561] [INFO] PropertiesParser - PropertiesParser initialized ...
[2021-06-06T18:29:38.561] [INFO] PropertiesParser - Intializing PropertiesParser ... 
[2021-06-06T18:29:38.634] [INFO] PropertiesParser - PropertiesParser initialized ...
[2021-06-06T18:29:38.634] [INFO] PropertiesParser - Intializing PropertiesParser ... 
[2021-06-06T18:29:38.674] [INFO] PropertiesParser - PropertiesParser initialized ...
[2021-06-06T18:29:38.674] [INFO] PropertiesParser - Intializing PropertiesParser ... 
[2021-06-06T18:29:38.863] [INFO] PropertiesParser - PropertiesParser initialized ...
[2021-06-06T18:29:38.863] [INFO] PropertiesParser - Intializing PropertiesParser ... 
[2021-06-06T18:29:39.004] [INFO] PropertiesParser - PropertiesParser initialized ...
[2021-06-06T18:29:39.004] [INFO] PropertiesParser - Intializing PropertiesParser ... 
[2021-06-06T18:29:39.072] [INFO] PropertiesParser - PropertiesParser initialized ...
[2021-06-06T18:29:39.072] [INFO] PropertiesParser - Intializing PropertiesParser ... 
[2021-06-06T18:30:28.486] [INFO] PropertiesParser - PropertiesParser initialized ... init(/Users/udogerhards/Documents/workspace/Nodejs-annotations/lib/foundation/context/parser/annotation/Base/Base.js:25:16)
[2021-06-06T18:30:28.487] [INFO] PropertiesParser - Intializing PropertiesParser ...  init(/Users/udogerhards/Documents/workspace/Nodejs-annotations/lib/foundation/context/parser/annotation/meta/Properties/PropertiesParser.js:26:16)
[2021-06-06T18:30:28.600] [INFO] PropertiesParser - PropertiesParser initialized ...
[2021-06-06T18:30:28.600] [INFO] PropertiesParser - Intializing PropertiesParser ... 
[2021-06-06T18:30:28.664] [INFO] PropertiesParser - PropertiesParser initialized ...
[2021-06-06T18:30:28.664] [INFO] PropertiesParser - Intializing PropertiesParser ... 
[2021-06-06T18:30:28.750] [INFO] PropertiesParser - PropertiesParser initialized ...
[2021-06-06T18:30:28.750] [INFO] PropertiesParser - Intializing PropertiesParser ... 
[2021-06-06T18:30:28.837] [INFO] PropertiesParser - PropertiesParser initialized ...
[2021-06-06T18:30:28.837] [INFO] PropertiesParser - Intializing PropertiesParser ... 
[2021-06-06T18:30:28.884] [INFO] PropertiesParser - PropertiesParser initialized ...
[2021-06-06T18:30:28.885] [INFO] PropertiesParser - Intializing PropertiesParser ... 
[2021-06-06T18:30:28.941] [INFO] PropertiesParser - PropertiesParser initialized ...
[2021-06-06T18:30:28.941] [INFO] PropertiesParser - Intializing PropertiesParser ... 
[2021-06-06T18:30:29.041] [INFO] PropertiesParser - PropertiesParser initialized ...
[2021-06-06T18:30:29.041] [INFO] PropertiesParser - Intializing PropertiesParser ... 
[2021-06-06T18:30:29.124] [INFO] PropertiesParser - PropertiesParser initialized ...
[2021-06-06T18:30:29.124] [INFO] PropertiesParser - Intializing PropertiesParser ... 
[2021-06-06T18:30:29.190] [INFO] PropertiesParser - PropertiesParser initialized ...
[2021-06-06T18:30:29.192] [INFO] PropertiesParser - Intializing PropertiesParser ... 
[2021-06-06T18:30:29.247] [INFO] PropertiesParser - PropertiesParser initialized ...
[2021-06-06T18:30:29.247] [INFO] PropertiesParser - Intializing PropertiesParser ... 
[2021-06-06T18:30:29.328] [INFO] PropertiesParser - PropertiesParser initialized ...
[2021-06-06T18:30:29.328] [INFO] PropertiesParser - Intializing PropertiesParser ... 
[2021-06-06T18:30:29.387] [INFO] PropertiesParser - PropertiesParser initialized ...
[2021-06-06T18:30:29.388] [INFO] PropertiesParser - Intializing PropertiesParser ... 
[2021-06-06T18:31:07.893] [INFO] PropertiesParser - PropertiesParser initialized ... init(/Users/udogerhards/Documents/workspace/Nodejs-annotations/lib/foundation/context/parser/annotation/Base/Base.js:25:16)
[2021-06-06T18:31:07.894] [INFO] PropertiesParser - Intializing PropertiesParser ...  init(/Users/udogerhards/Documents/workspace/Nodejs-annotations/lib/foundation/context/parser/annotation/meta/Properties/PropertiesParser.js:26:16)
[2021-06-06T18:31:07.995] [INFO] PropertiesParser - PropertiesParser initialized ...
[2021-06-06T18:31:07.995] [INFO] PropertiesParser - Intializing PropertiesParser ... 
[2021-06-06T18:31:08.058] [INFO] PropertiesParser - PropertiesParser initialized ...
[2021-06-06T18:31:08.058] [INFO] PropertiesParser - Intializing PropertiesParser ... 
[2021-06-06T18:31:08.138] [INFO] PropertiesParser - PropertiesParser initialized ...
[2021-06-06T18:31:08.138] [INFO] PropertiesParser - Intializing PropertiesParser ... 
[2021-06-06T18:31:08.353] [INFO] PropertiesParser - PropertiesParser initialized ...
[2021-06-06T18:31:08.353] [INFO] PropertiesParser - Intializing PropertiesParser ... 
[2021-06-06T18:31:08.473] [INFO] PropertiesParser - PropertiesParser initialized ...
[2021-06-06T18:31:08.473] [INFO] PropertiesParser - Intializing PropertiesParser ... 
[2021-06-06T18:31:08.563] [INFO] PropertiesParser - PropertiesParser initialized ...
[2021-06-06T18:31:08.563] [INFO] PropertiesParser - Intializing PropertiesParser ... 
[2021-06-06T18:31:08.621] [INFO] PropertiesParser - PropertiesParser initialized ...
[2021-06-06T18:31:08.621] [INFO] PropertiesParser - Intializing PropertiesParser ... 
[2021-06-06T18:31:08.673] [INFO] PropertiesParser - PropertiesParser initialized ...
[2021-06-06T18:31:08.673] [INFO] PropertiesParser - Intializing PropertiesParser ... 
[2021-06-06T18:31:08.783] [INFO] PropertiesParser - PropertiesParser initialized ...
[2021-06-06T18:31:08.783] [INFO] PropertiesParser - Intializing PropertiesParser ... 
[2021-06-06T18:31:08.858] [INFO] PropertiesParser - PropertiesParser initialized ...
[2021-06-06T18:31:08.858] [INFO] PropertiesParser - Intializing PropertiesParser ... 
[2021-06-06T18:31:08.907] [INFO] PropertiesParser - PropertiesParser initialized ...
[2021-06-06T18:31:08.907] [INFO] PropertiesParser - Intializing PropertiesParser ... 
[2021-06-06T18:31:08.962] [INFO] PropertiesParser - PropertiesParser initialized ...
[2021-06-06T18:31:08.962] [INFO] PropertiesParser - Intializing PropertiesParser ... 
[2021-06-07T10:29:52.340] [INFO] PropertiesParser - PropertiesParser initialized ... init(/Users/udogerhards/Documents/workspace/Nodejs-annotations/lib/foundation/context/parser/annotation/Base/Base.js:25:16)
[2021-06-07T10:29:52.340] [INFO] PropertiesParser - Intializing PropertiesParser ...  init(/Users/udogerhards/Documents/workspace/Nodejs-annotations/lib/foundation/context/parser/annotation/meta/Properties/PropertiesParser.js:26:16)
[2021-06-07T10:29:52.441] [INFO] PropertiesParser - PropertiesParser initialized ...
[2021-06-07T10:29:52.441] [INFO] PropertiesParser - Intializing PropertiesParser ... 
[2021-06-07T10:29:52.545] [INFO] PropertiesParser - PropertiesParser initialized ...
[2021-06-07T10:29:52.545] [INFO] PropertiesParser - Intializing PropertiesParser ... 
[2021-06-07T10:29:52.616] [INFO] PropertiesParser - PropertiesParser initialized ...
[2021-06-07T10:29:52.616] [INFO] PropertiesParser - Intializing PropertiesParser ... 
[2021-06-07T10:29:52.705] [INFO] PropertiesParser - PropertiesParser initialized ...
[2021-06-07T10:29:52.705] [INFO] PropertiesParser - Intializing PropertiesParser ... 
[2021-06-07T10:29:52.768] [INFO] PropertiesParser - PropertiesParser initialized ...
[2021-06-07T10:29:52.769] [INFO] PropertiesParser - Intializing PropertiesParser ... 
[2021-06-07T10:29:52.859] [INFO] PropertiesParser - PropertiesParser initialized ...
[2021-06-07T10:29:52.859] [INFO] PropertiesParser - Intializing PropertiesParser ... 
[2021-06-07T10:29:52.935] [INFO] PropertiesParser - PropertiesParser initialized ...
[2021-06-07T10:29:52.936] [INFO] PropertiesParser - Intializing PropertiesParser ... 
[2021-06-07T10:29:53.019] [INFO] PropertiesParser - PropertiesParser initialized ...
[2021-06-07T10:29:53.019] [INFO] PropertiesParser - Intializing PropertiesParser ... 
[2021-06-07T10:29:53.090] [INFO] PropertiesParser - PropertiesParser initialized ...
[2021-06-07T10:29:53.090] [INFO] PropertiesParser - Intializing PropertiesParser ... 
[2021-06-07T10:29:53.158] [INFO] PropertiesParser - PropertiesParser initialized ...
[2021-06-07T10:29:53.159] [INFO] PropertiesParser - Intializing PropertiesParser ... 
[2021-06-07T10:29:53.208] [INFO] PropertiesParser - PropertiesParser initialized ...
[2021-06-07T10:29:53.208] [INFO] PropertiesParser - Intializing PropertiesParser ... 
[2021-06-07T10:29:53.318] [INFO] PropertiesParser - PropertiesParser initialized ...
[2021-06-07T10:29:53.318] [INFO] PropertiesParser - Intializing PropertiesParser ... 
[2021-06-07T10:30:28.448] [INFO] PropertiesParser - PropertiesParser initialized ... init(/Users/udogerhards/Documents/workspace/Nodejs-annotations/lib/foundation/context/parser/annotation/Base/Base.js:25:16)
[2021-06-07T10:30:28.449] [INFO] PropertiesParser - Intializing PropertiesParser ...  init(/Users/udogerhards/Documents/workspace/Nodejs-annotations/lib/foundation/context/parser/annotation/meta/Properties/PropertiesParser.js:26:16)
[2021-06-07T10:30:28.590] [INFO] PropertiesParser - PropertiesParser initialized ...
[2021-06-07T10:30:28.590] [INFO] PropertiesParser - Intializing PropertiesParser ... 
[2021-06-07T10:30:28.676] [INFO] PropertiesParser - PropertiesParser initialized ...
[2021-06-07T10:30:28.677] [INFO] PropertiesParser - Intializing PropertiesParser ... 
[2021-06-07T10:30:28.761] [INFO] PropertiesParser - PropertiesParser initialized ...
[2021-06-07T10:30:28.761] [INFO] PropertiesParser - Intializing PropertiesParser ... 
[2021-06-07T10:30:28.856] [INFO] PropertiesParser - PropertiesParser initialized ...
[2021-06-07T10:30:28.856] [INFO] PropertiesParser - Intializing PropertiesParser ... 
[2021-06-07T10:30:28.919] [INFO] PropertiesParser - PropertiesParser initialized ...
[2021-06-07T10:30:28.920] [INFO] PropertiesParser - Intializing PropertiesParser ... 
[2021-06-07T10:30:28.973] [INFO] PropertiesParser - PropertiesParser initialized ...
[2021-06-07T10:30:28.974] [INFO] PropertiesParser - Intializing PropertiesParser ... 
[2021-06-07T10:30:29.055] [INFO] PropertiesParser - PropertiesParser initialized ...
[2021-06-07T10:30:29.056] [INFO] PropertiesParser - Intializing PropertiesParser ... 
[2021-06-07T10:30:29.105] [INFO] PropertiesParser - PropertiesParser initialized ...
[2021-06-07T10:30:29.106] [INFO] PropertiesParser - Intializing PropertiesParser ... 
[2021-06-07T10:30:29.185] [INFO] PropertiesParser - PropertiesParser initialized ...
[2021-06-07T10:30:29.185] [INFO] PropertiesParser - Intializing PropertiesParser ... 
[2021-06-07T10:30:29.260] [INFO] PropertiesParser - PropertiesParser initialized ...
[2021-06-07T10:30:29.260] [INFO] PropertiesParser - Intializing PropertiesParser ... 
[2021-06-07T10:30:29.337] [INFO] PropertiesParser - PropertiesParser initialized ...
[2021-06-07T10:30:29.337] [INFO] PropertiesParser - Intializing PropertiesParser ... 
[2021-06-07T10:30:29.418] [INFO] PropertiesParser - PropertiesParser initialized ...
[2021-06-07T10:30:29.418] [INFO] PropertiesParser - Intializing PropertiesParser ... 
[2021-06-07T10:45:46.635] [INFO] PropertiesParser - PropertiesParser initialized ... init(/Users/udogerhards/Documents/workspace/Nodejs-annotations/lib/foundation/context/parser/annotation/Base/Base.js:25:16)
[2021-06-07T10:45:46.635] [INFO] PropertiesParser - Intializing PropertiesParser ...  init(/Users/udogerhards/Documents/workspace/Nodejs-annotations/lib/foundation/context/parser/annotation/meta/Properties/PropertiesParser.js:26:16)
[2021-06-07T10:45:46.717] [INFO] PropertiesParser - PropertiesParser initialized ...
[2021-06-07T10:45:46.717] [INFO] PropertiesParser - Intializing PropertiesParser ... 
[2021-06-07T10:45:46.784] [INFO] PropertiesParser - PropertiesParser initialized ...
[2021-06-07T10:45:46.784] [INFO] PropertiesParser - Intializing PropertiesParser ... 
[2021-06-07T10:45:46.846] [INFO] PropertiesParser - PropertiesParser initialized ...
[2021-06-07T10:45:46.846] [INFO] PropertiesParser - Intializing PropertiesParser ... 
[2021-06-07T10:45:46.916] [INFO] PropertiesParser - PropertiesParser initialized ...
[2021-06-07T10:45:46.917] [INFO] PropertiesParser - Intializing PropertiesParser ... 
[2021-06-07T10:45:46.969] [INFO] PropertiesParser - PropertiesParser initialized ...
[2021-06-07T10:45:46.970] [INFO] PropertiesParser - Intializing PropertiesParser ... 
[2021-06-07T10:45:47.015] [INFO] PropertiesParser - PropertiesParser initialized ...
[2021-06-07T10:45:47.016] [INFO] PropertiesParser - Intializing PropertiesParser ... 
[2021-06-07T10:45:47.087] [INFO] PropertiesParser - PropertiesParser initialized ...
[2021-06-07T10:45:47.087] [INFO] PropertiesParser - Intializing PropertiesParser ... 
[2021-06-07T10:45:47.134] [INFO] PropertiesParser - PropertiesParser initialized ...
[2021-06-07T10:45:47.134] [INFO] PropertiesParser - Intializing PropertiesParser ... 
[2021-06-07T10:45:47.205] [INFO] PropertiesParser - PropertiesParser initialized ...
[2021-06-07T10:45:47.205] [INFO] PropertiesParser - Intializing PropertiesParser ... 
[2021-06-07T10:45:47.249] [INFO] PropertiesParser - PropertiesParser initialized ...
[2021-06-07T10:45:47.250] [INFO] PropertiesParser - Intializing PropertiesParser ... 
[2021-06-07T10:45:47.292] [INFO] PropertiesParser - PropertiesParser initialized ...
[2021-06-07T10:45:47.293] [INFO] PropertiesParser - Intializing PropertiesParser ... 
[2021-06-07T10:45:47.338] [INFO] PropertiesParser - PropertiesParser initialized ...
[2021-06-07T10:45:47.339] [INFO] PropertiesParser - Intializing PropertiesParser ... 
[2021-06-07T10:45:47.387] [INFO] PropertiesParser - PropertiesParser initialized ...
[2021-06-07T10:45:47.387] [INFO] PropertiesParser - Intializing PropertiesParser ... 
[2021-06-07T10:48:50.003] [INFO] PropertiesParser - PropertiesParser initialized ... init(/Users/udogerhards/Documents/workspace/Nodejs-annotations/lib/foundation/context/parser/annotation/Base/Base.js:25:16)
[2021-06-07T10:48:50.003] [INFO] PropertiesParser - Intializing PropertiesParser ...  init(/Users/udogerhards/Documents/workspace/Nodejs-annotations/lib/foundation/context/parser/annotation/meta/Properties/PropertiesParser.js:26:16)
[2021-06-07T10:48:50.083] [INFO] PropertiesParser - PropertiesParser initialized ...
[2021-06-07T10:48:50.083] [INFO] PropertiesParser - Intializing PropertiesParser ... 
[2021-06-07T10:48:50.147] [INFO] PropertiesParser - PropertiesParser initialized ...
[2021-06-07T10:48:50.147] [INFO] PropertiesParser - Intializing PropertiesParser ... 
[2021-06-07T10:48:50.216] [INFO] PropertiesParser - PropertiesParser initialized ...
[2021-06-07T10:48:50.216] [INFO] PropertiesParser - Intializing PropertiesParser ... 
[2021-06-07T10:48:50.266] [INFO] PropertiesParser - PropertiesParser initialized ...
[2021-06-07T10:48:50.267] [INFO] PropertiesParser - Intializing PropertiesParser ... 
[2021-06-07T10:48:50.322] [INFO] PropertiesParser - PropertiesParser initialized ...
[2021-06-07T10:48:50.322] [INFO] PropertiesParser - Intializing PropertiesParser ... 
[2021-06-07T10:48:50.382] [INFO] PropertiesParser - PropertiesParser initialized ...
[2021-06-07T10:48:50.382] [INFO] PropertiesParser - Intializing PropertiesParser ... 
[2021-06-07T10:48:50.438] [INFO] PropertiesParser - PropertiesParser initialized ...
[2021-06-07T10:48:50.438] [INFO] PropertiesParser - Intializing PropertiesParser ... 
[2021-06-07T10:48:50.497] [INFO] PropertiesParser - PropertiesParser initialized ...
[2021-06-07T10:48:50.497] [INFO] PropertiesParser - Intializing PropertiesParser ... 
[2021-06-07T10:48:50.550] [INFO] PropertiesParser - PropertiesParser initialized ...
[2021-06-07T10:48:50.550] [INFO] PropertiesParser - Intializing PropertiesParser ... 
[2021-06-07T10:48:50.596] [INFO] PropertiesParser - PropertiesParser initialized ...
[2021-06-07T10:48:50.596] [INFO] PropertiesParser - Intializing PropertiesParser ... 
[2021-06-07T10:48:50.643] [INFO] PropertiesParser - PropertiesParser initialized ...
[2021-06-07T10:48:50.644] [INFO] PropertiesParser - Intializing PropertiesParser ... 
[2021-06-07T10:48:50.694] [INFO] PropertiesParser - PropertiesParser initialized ...
[2021-06-07T10:48:50.694] [INFO] PropertiesParser - Intializing PropertiesParser ... 
[2021-06-07T10:48:50.754] [INFO] PropertiesParser - PropertiesParser initialized ...
[2021-06-07T10:48:50.754] [INFO] PropertiesParser - Intializing PropertiesParser ... 
[2021-06-07T10:50:04.171] [INFO] PropertiesParser - PropertiesParser initialized ... init(/Users/udogerhards/Documents/workspace/Nodejs-annotations/lib/foundation/context/parser/annotation/Base/Base.js:25:16)
[2021-06-07T10:50:04.172] [INFO] PropertiesParser - Intializing PropertiesParser ...  init(/Users/udogerhards/Documents/workspace/Nodejs-annotations/lib/foundation/context/parser/annotation/meta/Properties/PropertiesParser.js:26:16)
[2021-06-07T10:50:04.257] [INFO] PropertiesParser - PropertiesParser initialized ...
[2021-06-07T10:50:04.257] [INFO] PropertiesParser - Intializing PropertiesParser ... 
[2021-06-07T10:50:04.315] [INFO] PropertiesParser - PropertiesParser initialized ...
[2021-06-07T10:50:04.315] [INFO] PropertiesParser - Intializing PropertiesParser ... 
[2021-06-07T10:50:04.372] [INFO] PropertiesParser - PropertiesParser initialized ...
[2021-06-07T10:50:04.372] [INFO] PropertiesParser - Intializing PropertiesParser ... 
[2021-06-07T10:50:04.432] [INFO] PropertiesParser - PropertiesParser initialized ...
[2021-06-07T10:50:04.432] [INFO] PropertiesParser - Intializing PropertiesParser ... 
[2021-06-07T10:50:04.514] [INFO] PropertiesParser - PropertiesParser initialized ...
[2021-06-07T10:50:04.514] [INFO] PropertiesParser - Intializing PropertiesParser ... 
[2021-06-07T10:50:04.610] [INFO] PropertiesParser - PropertiesParser initialized ...
[2021-06-07T10:50:04.611] [INFO] PropertiesParser - Intializing PropertiesParser ... 
[2021-06-07T10:50:04.725] [INFO] PropertiesParser - PropertiesParser initialized ...
[2021-06-07T10:50:04.725] [INFO] PropertiesParser - Intializing PropertiesParser ... 
[2021-06-07T10:50:04.791] [INFO] PropertiesParser - PropertiesParser initialized ...
[2021-06-07T10:50:04.791] [INFO] PropertiesParser - Intializing PropertiesParser ... 
[2021-06-07T10:50:04.874] [INFO] PropertiesParser - PropertiesParser initialized ...
[2021-06-07T10:50:04.874] [INFO] PropertiesParser - Intializing PropertiesParser ... 
[2021-06-07T10:50:04.931] [INFO] PropertiesParser - PropertiesParser initialized ...
[2021-06-07T10:50:04.931] [INFO] PropertiesParser - Intializing PropertiesParser ... 
[2021-06-07T10:50:04.987] [INFO] PropertiesParser - PropertiesParser initialized ...
[2021-06-07T10:50:04.987] [INFO] PropertiesParser - Intializing PropertiesParser ... 
[2021-06-07T10:50:05.041] [INFO] PropertiesParser - PropertiesParser initialized ...
[2021-06-07T10:50:05.041] [INFO] PropertiesParser - Intializing PropertiesParser ... 
[2021-06-07T10:50:05.097] [INFO] PropertiesParser - PropertiesParser initialized ...
[2021-06-07T10:50:05.098] [INFO] PropertiesParser - Intializing PropertiesParser ... 
[2021-06-07T10:51:26.355] [INFO] PropertiesParser - PropertiesParser initialized ... init(/Users/udogerhards/Documents/workspace/Nodejs-annotations/lib/foundation/context/parser/annotation/Base/Base.js:25:16)
[2021-06-07T10:51:26.355] [INFO] PropertiesParser - Intializing PropertiesParser ...  init(/Users/udogerhards/Documents/workspace/Nodejs-annotations/lib/foundation/context/parser/annotation/meta/Properties/PropertiesParser.js:26:16)
[2021-06-07T10:51:26.441] [INFO] PropertiesParser - PropertiesParser initialized ...
[2021-06-07T10:51:26.441] [INFO] PropertiesParser - Intializing PropertiesParser ... 
[2021-06-07T10:51:26.513] [INFO] PropertiesParser - PropertiesParser initialized ...
[2021-06-07T10:51:26.513] [INFO] PropertiesParser - Intializing PropertiesParser ... 
[2021-06-07T10:51:26.581] [INFO] PropertiesParser - PropertiesParser initialized ...
[2021-06-07T10:51:26.581] [INFO] PropertiesParser - Intializing PropertiesParser ... 
[2021-06-07T10:51:26.635] [INFO] PropertiesParser - PropertiesParser initialized ...
[2021-06-07T10:51:26.635] [INFO] PropertiesParser - Intializing PropertiesParser ... 
[2021-06-07T10:51:26.685] [INFO] PropertiesParser - PropertiesParser initialized ...
[2021-06-07T10:51:26.685] [INFO] PropertiesParser - Intializing PropertiesParser ... 
[2021-06-07T10:51:26.755] [INFO] PropertiesParser - PropertiesParser initialized ...
[2021-06-07T10:51:26.756] [INFO] PropertiesParser - Intializing PropertiesParser ... 
[2021-06-07T10:51:26.804] [INFO] PropertiesParser - PropertiesParser initialized ...
[2021-06-07T10:51:26.804] [INFO] PropertiesParser - Intializing PropertiesParser ... 
[2021-06-07T10:51:26.851] [INFO] PropertiesParser - PropertiesParser initialized ...
[2021-06-07T10:51:26.852] [INFO] PropertiesParser - Intializing PropertiesParser ... 
[2021-06-07T10:51:26.905] [INFO] PropertiesParser - PropertiesParser initialized ...
[2021-06-07T10:51:26.905] [INFO] PropertiesParser - Intializing PropertiesParser ... 
[2021-06-07T10:51:27.043] [INFO] PropertiesParser - PropertiesParser initialized ...
[2021-06-07T10:51:27.044] [INFO] PropertiesParser - Intializing PropertiesParser ... 
[2021-06-07T10:51:27.104] [INFO] PropertiesParser - PropertiesParser initialized ...
[2021-06-07T10:51:27.104] [INFO] PropertiesParser - Intializing PropertiesParser ... 
[2021-06-07T10:52:31.956] [INFO] PropertiesParser - PropertiesParser initialized ... init(/Users/udogerhards/Documents/workspace/Nodejs-annotations/lib/foundation/context/parser/annotation/Base/Base.js:25:16)
[2021-06-07T10:52:31.957] [INFO] PropertiesParser - Intializing PropertiesParser ...  init(/Users/udogerhards/Documents/workspace/Nodejs-annotations/lib/foundation/context/parser/annotation/meta/Properties/PropertiesParser.js:26:16)
[2021-06-07T10:52:32.056] [INFO] PropertiesParser - PropertiesParser initialized ...
[2021-06-07T10:52:32.056] [INFO] PropertiesParser - Intializing PropertiesParser ... 
[2021-06-07T10:52:32.203] [INFO] PropertiesParser - PropertiesParser initialized ...
[2021-06-07T10:52:32.203] [INFO] PropertiesParser - Intializing PropertiesParser ... 
[2021-06-07T10:52:32.267] [INFO] PropertiesParser - PropertiesParser initialized ...
[2021-06-07T10:52:32.268] [INFO] PropertiesParser - Intializing PropertiesParser ... 
[2021-06-07T10:52:32.354] [INFO] PropertiesParser - PropertiesParser initialized ...
[2021-06-07T10:52:32.354] [INFO] PropertiesParser - Intializing PropertiesParser ... 
[2021-06-07T10:52:32.427] [INFO] PropertiesParser - PropertiesParser initialized ...
[2021-06-07T10:52:32.428] [INFO] PropertiesParser - Intializing PropertiesParser ... 
[2021-06-07T10:52:32.488] [INFO] PropertiesParser - PropertiesParser initialized ...
[2021-06-07T10:52:32.488] [INFO] PropertiesParser - Intializing PropertiesParser ... 
[2021-06-07T10:52:32.543] [INFO] PropertiesParser - PropertiesParser initialized ...
[2021-06-07T10:52:32.543] [INFO] PropertiesParser - Intializing PropertiesParser ... 
[2021-06-07T10:52:32.594] [INFO] PropertiesParser - PropertiesParser initialized ...
[2021-06-07T10:52:32.594] [INFO] PropertiesParser - Intializing PropertiesParser ... 
[2021-06-07T10:52:32.661] [INFO] PropertiesParser - PropertiesParser initialized ...
[2021-06-07T10:52:32.662] [INFO] PropertiesParser - Intializing PropertiesParser ... 
[2021-06-07T10:52:32.711] [INFO] PropertiesParser - PropertiesParser initialized ...
[2021-06-07T10:52:32.712] [INFO] PropertiesParser - Intializing PropertiesParser ... 
[2021-06-07T10:52:32.757] [INFO] PropertiesParser - PropertiesParser initialized ...
[2021-06-07T10:52:32.757] [INFO] PropertiesParser - Intializing PropertiesParser ... 
[2021-06-07T10:52:32.810] [INFO] PropertiesParser - PropertiesParser initialized ...
[2021-06-07T10:52:32.811] [INFO] PropertiesParser - Intializing PropertiesParser ... 
[2021-06-07T10:52:32.879] [INFO] PropertiesParser - PropertiesParser initialized ...
[2021-06-07T10:52:32.880] [INFO] PropertiesParser - Intializing PropertiesParser ... 
[2021-06-07T10:53:41.203] [INFO] PropertiesParser - PropertiesParser initialized ... init(/Users/udogerhards/Documents/workspace/Nodejs-annotations/lib/foundation/context/parser/annotation/Base/Base.js:25:16)
[2021-06-07T10:53:41.203] [INFO] PropertiesParser - Intializing PropertiesParser ...  init(/Users/udogerhards/Documents/workspace/Nodejs-annotations/lib/foundation/context/parser/annotation/meta/Properties/PropertiesParser.js:26:16)
[2021-06-07T10:53:41.287] [INFO] PropertiesParser - PropertiesParser initialized ...
[2021-06-07T10:53:41.287] [INFO] PropertiesParser - Intializing PropertiesParser ... 
[2021-06-07T10:53:41.356] [INFO] PropertiesParser - PropertiesParser initialized ...
[2021-06-07T10:53:41.357] [INFO] PropertiesParser - Intializing PropertiesParser ... 
[2021-06-07T10:53:41.423] [INFO] PropertiesParser - PropertiesParser initialized ...
[2021-06-07T10:53:41.423] [INFO] PropertiesParser - Intializing PropertiesParser ... 
[2021-06-07T10:53:41.481] [INFO] PropertiesParser - PropertiesParser initialized ...
[2021-06-07T10:53:41.481] [INFO] PropertiesParser - Intializing PropertiesParser ... 
[2021-06-07T10:53:41.536] [INFO] PropertiesParser - PropertiesParser initialized ...
[2021-06-07T10:53:41.537] [INFO] PropertiesParser - Intializing PropertiesParser ... 
[2021-06-07T10:53:41.591] [INFO] PropertiesParser - PropertiesParser initialized ...
[2021-06-07T10:53:41.591] [INFO] PropertiesParser - Intializing PropertiesParser ... 
[2021-06-07T10:53:41.664] [INFO] PropertiesParser - PropertiesParser initialized ...
[2021-06-07T10:53:41.664] [INFO] PropertiesParser - Intializing PropertiesParser ... 
[2021-06-07T10:53:41.784] [INFO] PropertiesParser - PropertiesParser initialized ...
[2021-06-07T10:53:41.784] [INFO] PropertiesParser - Intializing PropertiesParser ... 
[2021-06-07T10:53:41.853] [INFO] PropertiesParser - PropertiesParser initialized ...
[2021-06-07T10:53:41.853] [INFO] PropertiesParser - Intializing PropertiesParser ... 
[2021-06-07T10:53:41.901] [INFO] PropertiesParser - PropertiesParser initialized ...
[2021-06-07T10:53:41.901] [INFO] PropertiesParser - Intializing PropertiesParser ... 
[2021-06-07T10:53:41.942] [INFO] PropertiesParser - PropertiesParser initialized ...
[2021-06-07T10:53:41.942] [INFO] PropertiesParser - Intializing PropertiesParser ... 
[2021-06-07T10:53:42.002] [INFO] PropertiesParser - PropertiesParser initialized ...
[2021-06-07T10:53:42.002] [INFO] PropertiesParser - Intializing PropertiesParser ... 
[2021-06-07T10:53:42.075] [INFO] PropertiesParser - PropertiesParser initialized ...
[2021-06-07T10:53:42.078] [INFO] PropertiesParser - Intializing PropertiesParser ... 
[2021-06-07T10:54:28.522] [INFO] PropertiesParser - PropertiesParser initialized ... init(/Users/udogerhards/Documents/workspace/Nodejs-annotations/lib/foundation/context/parser/annotation/Base/Base.js:25:16)
[2021-06-07T10:54:28.522] [INFO] PropertiesParser - Intializing PropertiesParser ...  init(/Users/udogerhards/Documents/workspace/Nodejs-annotations/lib/foundation/context/parser/annotation/meta/Properties/PropertiesParser.js:26:16)
[2021-06-07T10:54:28.604] [INFO] PropertiesParser - PropertiesParser initialized ...
[2021-06-07T10:54:28.604] [INFO] PropertiesParser - Intializing PropertiesParser ... 
[2021-06-07T10:54:28.665] [INFO] PropertiesParser - PropertiesParser initialized ...
[2021-06-07T10:54:28.665] [INFO] PropertiesParser - Intializing PropertiesParser ... 
[2021-06-07T10:54:28.739] [INFO] PropertiesParser - PropertiesParser initialized ...
[2021-06-07T10:54:28.740] [INFO] PropertiesParser - Intializing PropertiesParser ... 
[2021-06-07T10:54:28.811] [INFO] PropertiesParser - PropertiesParser initialized ...
[2021-06-07T10:54:28.811] [INFO] PropertiesParser - Intializing PropertiesParser ... 
[2021-06-07T10:54:28.869] [INFO] PropertiesParser - PropertiesParser initialized ...
[2021-06-07T10:54:28.869] [INFO] PropertiesParser - Intializing PropertiesParser ... 
[2021-06-07T10:54:28.938] [INFO] PropertiesParser - PropertiesParser initialized ...
[2021-06-07T10:54:28.938] [INFO] PropertiesParser - Intializing PropertiesParser ... 
[2021-06-07T10:54:29.007] [INFO] PropertiesParser - PropertiesParser initialized ...
[2021-06-07T10:54:29.007] [INFO] PropertiesParser - Intializing PropertiesParser ... 
[2021-06-07T10:54:29.058] [INFO] PropertiesParser - PropertiesParser initialized ...
[2021-06-07T10:54:29.058] [INFO] PropertiesParser - Intializing PropertiesParser ... 
[2021-06-07T10:54:29.116] [INFO] PropertiesParser - PropertiesParser initialized ...
[2021-06-07T10:54:29.117] [INFO] PropertiesParser - Intializing PropertiesParser ... 
[2021-06-07T10:54:29.166] [INFO] PropertiesParser - PropertiesParser initialized ...
[2021-06-07T10:54:29.166] [INFO] PropertiesParser - Intializing PropertiesParser ... 
[2021-06-07T10:54:29.208] [INFO] PropertiesParser - PropertiesParser initialized ...
[2021-06-07T10:54:29.209] [INFO] PropertiesParser - Intializing PropertiesParser ... 
[2021-06-07T10:59:49.720] [INFO] PropertiesParser - PropertiesParser initialized ... init(/Users/udogerhards/Documents/workspace/Nodejs-annotations/lib/foundation/context/parser/annotation/Base/Base.js:25:16)
[2021-06-07T10:59:49.720] [INFO] PropertiesParser - Intializing PropertiesParser ...  init(/Users/udogerhards/Documents/workspace/Nodejs-annotations/lib/foundation/context/parser/annotation/meta/Properties/PropertiesParser.js:26:16)
[2021-06-07T10:59:49.820] [INFO] PropertiesParser - PropertiesParser initialized ...
[2021-06-07T10:59:49.821] [INFO] PropertiesParser - Intializing PropertiesParser ... 
[2021-06-07T10:59:49.908] [INFO] PropertiesParser - PropertiesParser initialized ...
[2021-06-07T10:59:49.908] [INFO] PropertiesParser - Intializing PropertiesParser ... 
[2021-06-07T10:59:49.971] [INFO] PropertiesParser - PropertiesParser initialized ...
[2021-06-07T10:59:49.971] [INFO] PropertiesParser - Intializing PropertiesParser ... 
[2021-06-07T10:59:50.037] [INFO] PropertiesParser - PropertiesParser initialized ...
[2021-06-07T10:59:50.037] [INFO] PropertiesParser - Intializing PropertiesParser ... 
[2021-06-07T10:59:50.106] [INFO] PropertiesParser - PropertiesParser initialized ...
[2021-06-07T10:59:50.107] [INFO] PropertiesParser - Intializing PropertiesParser ... 
[2021-06-07T10:59:50.200] [INFO] PropertiesParser - PropertiesParser initialized ...
[2021-06-07T10:59:50.200] [INFO] PropertiesParser - Intializing PropertiesParser ... 
[2021-06-07T10:59:50.279] [INFO] PropertiesParser - PropertiesParser initialized ...
[2021-06-07T10:59:50.279] [INFO] PropertiesParser - Intializing PropertiesParser ... 
[2021-06-07T10:59:50.322] [INFO] PropertiesParser - PropertiesParser initialized ...
[2021-06-07T10:59:50.322] [INFO] PropertiesParser - Intializing PropertiesParser ... 
[2021-06-07T10:59:50.367] [INFO] PropertiesParser - PropertiesParser initialized ...
[2021-06-07T10:59:50.367] [INFO] PropertiesParser - Intializing PropertiesParser ... 
[2021-06-07T10:59:50.409] [INFO] PropertiesParser - PropertiesParser initialized ...
[2021-06-07T10:59:50.409] [INFO] PropertiesParser - Intializing PropertiesParser ... 
[2021-06-07T10:59:50.449] [INFO] PropertiesParser - PropertiesParser initialized ...
[2021-06-07T10:59:50.449] [INFO] PropertiesParser - Intializing PropertiesParser ... 
[2021-06-07T10:59:50.495] [INFO] PropertiesParser - PropertiesParser initialized ...
[2021-06-07T10:59:50.495] [INFO] PropertiesParser - Intializing PropertiesParser ... 
[2021-06-07T10:59:58.307] [INFO] PropertiesParser - PropertiesParser initialized ...
[2021-06-07T10:59:58.307] [INFO] PropertiesParser - Intializing PropertiesParser ... 
[2021-06-07T11:06:33.793] [INFO] PropertiesParser - PropertiesParser initialized ... init(/Users/udogerhards/Documents/workspace/Nodejs-annotations/lib/foundation/context/parser/annotation/Base/Base.js:25:16)
[2021-06-07T11:06:33.793] [INFO] PropertiesParser - Intializing PropertiesParser ...  init(/Users/udogerhards/Documents/workspace/Nodejs-annotations/lib/foundation/context/parser/annotation/meta/Properties/PropertiesParser.js:26:16)
[2021-06-07T11:06:33.881] [INFO] PropertiesParser - PropertiesParser initialized ...
[2021-06-07T11:06:33.881] [INFO] PropertiesParser - Intializing PropertiesParser ... 
[2021-06-07T11:06:33.953] [INFO] PropertiesParser - PropertiesParser initialized ...
[2021-06-07T11:06:33.953] [INFO] PropertiesParser - Intializing PropertiesParser ... 
[2021-06-07T11:06:34.027] [INFO] PropertiesParser - PropertiesParser initialized ...
[2021-06-07T11:06:34.027] [INFO] PropertiesParser - Intializing PropertiesParser ... 
[2021-06-07T11:06:34.086] [INFO] PropertiesParser - PropertiesParser initialized ...
[2021-06-07T11:06:34.087] [INFO] PropertiesParser - Intializing PropertiesParser ... 
[2021-06-07T11:06:34.137] [INFO] PropertiesParser - PropertiesParser initialized ...
[2021-06-07T11:06:34.137] [INFO] PropertiesParser - Intializing PropertiesParser ... 
[2021-06-07T11:06:34.221] [INFO] PropertiesParser - PropertiesParser initialized ...
[2021-06-07T11:06:34.222] [INFO] PropertiesParser - Intializing PropertiesParser ... 
[2021-06-07T11:06:34.265] [INFO] PropertiesParser - PropertiesParser initialized ...
[2021-06-07T11:06:34.265] [INFO] PropertiesParser - Intializing PropertiesParser ... 
[2021-06-07T11:06:34.320] [INFO] PropertiesParser - PropertiesParser initialized ...
[2021-06-07T11:06:34.320] [INFO] PropertiesParser - Intializing PropertiesParser ... 
[2021-06-07T11:06:34.457] [INFO] PropertiesParser - PropertiesParser initialized ...
[2021-06-07T11:06:34.457] [INFO] PropertiesParser - Intializing PropertiesParser ... 
[2021-06-07T11:06:34.538] [INFO] PropertiesParser - PropertiesParser initialized ...
[2021-06-07T11:06:34.538] [INFO] PropertiesParser - Intializing PropertiesParser ... 
[2021-06-07T11:06:34.586] [INFO] PropertiesParser - PropertiesParser initialized ...
[2021-06-07T11:06:34.587] [INFO] PropertiesParser - Intializing PropertiesParser ... 
[2021-06-07T11:06:34.636] [INFO] PropertiesParser - PropertiesParser initialized ...
[2021-06-07T11:06:34.637] [INFO] PropertiesParser - Intializing PropertiesParser ... 
[2021-06-07T11:06:34.683] [INFO] PropertiesParser - PropertiesParser initialized ...
[2021-06-07T11:06:34.683] [INFO] PropertiesParser - Intializing PropertiesParser ... 
[2021-06-07T11:08:29.160] [INFO] PropertiesParser - PropertiesParser initialized ... init(/Users/udogerhards/Documents/workspace/Nodejs-annotations/lib/foundation/context/parser/annotation/Base/Base.js:25:16)
[2021-06-07T11:08:29.160] [INFO] PropertiesParser - Intializing PropertiesParser ...  init(/Users/udogerhards/Documents/workspace/Nodejs-annotations/lib/foundation/context/parser/annotation/meta/Properties/PropertiesParser.js:26:16)
[2021-06-07T11:08:29.253] [INFO] PropertiesParser - PropertiesParser initialized ...
[2021-06-07T11:08:29.253] [INFO] PropertiesParser - Intializing PropertiesParser ... 
[2021-06-07T11:08:29.317] [INFO] PropertiesParser - PropertiesParser initialized ...
[2021-06-07T11:08:29.317] [INFO] PropertiesParser - Intializing PropertiesParser ... 
[2021-06-07T11:08:29.383] [INFO] PropertiesParser - PropertiesParser initialized ...
[2021-06-07T11:08:29.384] [INFO] PropertiesParser - Intializing PropertiesParser ... 
[2021-06-07T11:08:29.465] [INFO] PropertiesParser - PropertiesParser initialized ...
[2021-06-07T11:08:29.466] [INFO] PropertiesParser - Intializing PropertiesParser ... 
[2021-06-07T11:08:29.526] [INFO] PropertiesParser - PropertiesParser initialized ...
[2021-06-07T11:08:29.527] [INFO] PropertiesParser - Intializing PropertiesParser ... 
[2021-06-07T11:08:29.589] [INFO] PropertiesParser - PropertiesParser initialized ...
[2021-06-07T11:08:29.589] [INFO] PropertiesParser - Intializing PropertiesParser ... 
[2021-06-07T11:08:29.665] [INFO] PropertiesParser - PropertiesParser initialized ...
[2021-06-07T11:08:29.665] [INFO] PropertiesParser - Intializing PropertiesParser ... 
[2021-06-07T11:08:29.707] [INFO] PropertiesParser - PropertiesParser initialized ...
[2021-06-07T11:08:29.707] [INFO] PropertiesParser - Intializing PropertiesParser ... 
[2021-06-07T11:08:29.759] [INFO] PropertiesParser - PropertiesParser initialized ...
[2021-06-07T11:08:29.759] [INFO] PropertiesParser - Intializing PropertiesParser ... 
[2021-06-07T11:08:29.811] [INFO] PropertiesParser - PropertiesParser initialized ...
[2021-06-07T11:08:29.811] [INFO] PropertiesParser - Intializing PropertiesParser ... 
[2021-06-07T11:08:29.892] [INFO] PropertiesParser - PropertiesParser initialized ...
[2021-06-07T11:08:29.892] [INFO] PropertiesParser - Intializing PropertiesParser ... 
[2021-06-07T11:08:29.942] [INFO] PropertiesParser - PropertiesParser initialized ...
[2021-06-07T11:08:29.942] [INFO] PropertiesParser - Intializing PropertiesParser ... 
[2021-06-07T11:08:29.979] [INFO] PropertiesParser - PropertiesParser initialized ...
[2021-06-07T11:08:29.979] [INFO] PropertiesParser - Intializing PropertiesParser ... 
[2021-06-07T11:11:15.305] [INFO] PropertiesParser - PropertiesParser initialized ... init(/Users/udogerhards/Documents/workspace/Nodejs-annotations/lib/foundation/context/parser/annotation/Base/Base.js:25:16)
[2021-06-07T11:11:15.305] [INFO] PropertiesParser - Intializing PropertiesParser ...  init(/Users/udogerhards/Documents/workspace/Nodejs-annotations/lib/foundation/context/parser/annotation/meta/Properties/PropertiesParser.js:26:16)
[2021-06-07T12:09:58.523] [INFO] PropertiesParser - PropertiesParser initialized ... init(/Users/udogerhards/Documents/workspace/Nodejs-annotations/lib/foundation/context/parser/annotation/Base/Base.js:25:16)
[2021-06-07T12:09:58.523] [INFO] PropertiesParser - Intializing PropertiesParser ...  init(/Users/udogerhards/Documents/workspace/Nodejs-annotations/lib/foundation/context/parser/annotation/meta/Properties/PropertiesParser.js:26:16)
[2021-06-07T12:09:58.634] [INFO] PropertiesParser - PropertiesParser initialized ...
[2021-06-07T12:09:58.634] [INFO] PropertiesParser - Intializing PropertiesParser ... 
[2021-06-07T12:09:58.699] [INFO] PropertiesParser - PropertiesParser initialized ...
[2021-06-07T12:09:58.699] [INFO] PropertiesParser - Intializing PropertiesParser ... 
[2021-06-07T12:09:58.762] [INFO] PropertiesParser - PropertiesParser initialized ...
[2021-06-07T12:09:58.762] [INFO] PropertiesParser - Intializing PropertiesParser ... 
[2021-06-07T12:09:58.827] [INFO] PropertiesParser - PropertiesParser initialized ...
[2021-06-07T12:09:58.828] [INFO] PropertiesParser - Intializing PropertiesParser ... 
[2021-06-07T12:09:58.879] [INFO] PropertiesParser - PropertiesParser initialized ...
[2021-06-07T12:09:58.879] [INFO] PropertiesParser - Intializing PropertiesParser ... 
[2021-06-07T12:09:58.929] [INFO] PropertiesParser - PropertiesParser initialized ...
[2021-06-07T12:09:58.929] [INFO] PropertiesParser - Intializing PropertiesParser ... 
[2021-06-07T12:09:58.998] [INFO] PropertiesParser - PropertiesParser initialized ...
[2021-06-07T12:09:58.998] [INFO] PropertiesParser - Intializing PropertiesParser ... 
[2021-06-07T12:09:59.055] [INFO] PropertiesParser - PropertiesParser initialized ...
[2021-06-07T12:09:59.055] [INFO] PropertiesParser - Intializing PropertiesParser ... 
[2021-06-07T12:09:59.115] [INFO] PropertiesParser - PropertiesParser initialized ...
[2021-06-07T12:09:59.116] [INFO] PropertiesParser - Intializing PropertiesParser ... 
[2021-06-07T12:09:59.163] [INFO] PropertiesParser - PropertiesParser initialized ...
[2021-06-07T12:09:59.164] [INFO] PropertiesParser - Intializing PropertiesParser ... 
[2021-06-07T12:09:59.206] [INFO] PropertiesParser - PropertiesParser initialized ...
[2021-06-07T12:09:59.206] [INFO] PropertiesParser - Intializing PropertiesParser ... 
[2021-06-07T12:09:59.255] [INFO] PropertiesParser - PropertiesParser initialized ...
[2021-06-07T12:09:59.255] [INFO] PropertiesParser - Intializing PropertiesParser ... 
[2021-06-07T12:09:59.298] [INFO] PropertiesParser - PropertiesParser initialized ...
[2021-06-07T12:09:59.299] [INFO] PropertiesParser - Intializing PropertiesParser ... 
