[2021-05-30T08:20:34.138] [INFO] Service - Service initialized ... init(/Users/udogerhards/Documents/workspace/Nodejs-annotations/lib/foundation/context/parser/annotation/instance/Service/Service.js:15:16)
[2021-05-30T08:20:34.131] [INFO] Qualifier - Qualifier initialized ... init(/Users/udogerhards/Documents/workspace/Nodejs-annotations/lib/foundation/context/parser/annotation/Base/Base.js:25:16)
[2021-05-30T08:20:34.377] [ERROR] Qualifier - Missing bean 'Number' _inject(/Users/udogerhards/Documents/workspace/Nodejs-annotations/lib/foundation/context/parser/annotation/inject/Qualifier/Qualifier.js:95:28)
[2021-05-30T08:20:34.378] [ERROR] Qualifier - Missing bean 'Integer' _inject(/Users/udogerhards/Documents/workspace/Nodejs-annotations/lib/foundation/context/parser/annotation/inject/Qualifier/Qualifier.js:95:28)
[2021-05-30T08:20:34.378] [ERROR] Qualifier - Missing bean 'Float' _inject(/Users/udogerhards/Documents/workspace/Nodejs-annotations/lib/foundation/context/parser/annotation/inject/Qualifier/Qualifier.js:95:28)
[2021-05-30T08:20:34.379] [ERROR] Qualifier - Missing bean 'Boolean' _inject(/Users/udogerhards/Documents/workspace/Nodejs-annotations/lib/foundation/context/parser/annotation/inject/Qualifier/Qualifier.js:95:28)
[2021-05-30T08:20:34.379] [ERROR] Qualifier - Missing bean 'String' _inject(/Users/udogerhards/Documents/workspace/Nodejs-annotations/lib/foundation/context/parser/annotation/inject/Qualifier/Qualifier.js:95:28)
[2021-05-30T08:20:34.474] [INFO] Service - Service initialized ...
[2021-05-30T08:20:34.470] [INFO] Qualifier - Qualifier initialized ...
[2021-05-30T08:20:34.573] [INFO] Service - Service initialized ...
[2021-05-30T08:20:34.559] [INFO] Qualifier - Qualifier initialized ...
[2021-05-30T08:20:34.968] [INFO] Service - Service initialized ...
[2021-05-30T08:20:34.966] [INFO] Qualifier - Qualifier initialized ...
[2021-05-30T08:20:35.089] [INFO] Service - Service initialized ...
[2021-05-30T08:20:35.045] [INFO] Qualifier - Qualifier initialized ...
[2021-05-30T08:20:35.159] [INFO] Service - Service initialized ...
[2021-05-30T08:20:35.157] [INFO] Qualifier - Qualifier initialized ...
[2021-05-30T08:22:03.178] [INFO] Service - Service initialized ... init(/Users/udogerhards/Documents/workspace/Nodejs-annotations/lib/foundation/context/parser/annotation/instance/Service/Service.js:15:16)
[2021-05-30T08:22:03.163] [INFO] Qualifier - Qualifier initialized ... init(/Users/udogerhards/Documents/workspace/Nodejs-annotations/lib/foundation/context/parser/annotation/Base/Base.js:25:16)
[2021-05-30T08:22:03.338] [ERROR] Qualifier - Missing bean 'Number' _inject(/Users/udogerhards/Documents/workspace/Nodejs-annotations/lib/foundation/context/parser/annotation/inject/Qualifier/Qualifier.js:95:28)
[2021-05-30T08:22:03.339] [ERROR] Qualifier - Missing bean 'Integer' _inject(/Users/udogerhards/Documents/workspace/Nodejs-annotations/lib/foundation/context/parser/annotation/inject/Qualifier/Qualifier.js:95:28)
[2021-05-30T08:22:03.340] [ERROR] Qualifier - Missing bean 'Float' _inject(/Users/udogerhards/Documents/workspace/Nodejs-annotations/lib/foundation/context/parser/annotation/inject/Qualifier/Qualifier.js:95:28)
[2021-05-30T08:22:03.340] [ERROR] Qualifier - Missing bean 'Boolean' _inject(/Users/udogerhards/Documents/workspace/Nodejs-annotations/lib/foundation/context/parser/annotation/inject/Qualifier/Qualifier.js:95:28)
[2021-05-30T08:22:03.340] [ERROR] Qualifier - Missing bean 'String' _inject(/Users/udogerhards/Documents/workspace/Nodejs-annotations/lib/foundation/context/parser/annotation/inject/Qualifier/Qualifier.js:95:28)
[2021-05-30T08:22:03.447] [INFO] Service - Service initialized ...
[2021-05-30T08:22:03.442] [INFO] Qualifier - Qualifier initialized ...
[2021-05-30T08:22:03.622] [INFO] Service - Service initialized ...
[2021-05-30T08:22:03.611] [INFO] Qualifier - Qualifier initialized ...
[2021-05-30T08:22:03.838] [INFO] Service - Service initialized ...
[2021-05-30T08:22:03.835] [INFO] Qualifier - Qualifier initialized ...
[2021-05-30T08:22:03.991] [INFO] Qualifier - Qualifier initialized ...
[2021-05-30T08:22:03.995] [INFO] Service - Service initialized ...
[2021-05-30T08:22:04.314] [INFO] Service - Service initialized ...
[2021-05-30T08:22:04.310] [INFO] Qualifier - Qualifier initialized ...
[2021-05-30T08:22:04.392] [ERROR] Qualifier - Missing bean 'InitFlag'
[2021-05-30T08:22:04.393] [ERROR] Qualifier - Missing bean 'InitFlag'
[2021-05-30T08:22:04.393] [ERROR] Qualifier - Missing bean 'InitFlag'
[2021-05-30T08:22:04.394] [ERROR] Qualifier - Missing bean 'XmlPropertiesBean'
[2021-05-30T08:22:04.394] [ERROR] Qualifier - Missing bean 'JsonPropertiesBean'
[2021-05-30T08:22:04.395] [ERROR] Qualifier - Missing bean 'JavaPropertiesBean'
[2021-05-30T08:22:04.659] [INFO] Service - Service initialized ...
[2021-05-30T08:22:04.657] [INFO] Qualifier - Qualifier initialized ...
[2021-05-30T08:22:04.937] [INFO] Service - Service initialized ...
[2021-05-30T08:22:04.935] [INFO] Qualifier - Qualifier initialized ...
[2021-05-30T08:22:04.990] [INFO] Service - Service initialized ...
[2021-05-30T08:22:04.989] [INFO] Qualifier - Qualifier initialized ...
[2021-05-30T08:22:05.040] [INFO] Service - Service initialized ...
[2021-05-30T08:22:05.038] [INFO] Qualifier - Qualifier initialized ...
[2021-05-30T08:22:05.087] [INFO] Service - Service initialized ...
[2021-05-30T08:22:05.083] [INFO] Qualifier - Qualifier initialized ...
[2021-05-30T08:24:05.194] [INFO] Service - Service initialized ... init(/Users/udogerhards/Documents/workspace/Nodejs-annotations/lib/foundation/context/parser/annotation/instance/Service/Service.js:15:16)
[2021-05-30T08:24:05.180] [INFO] Qualifier - Qualifier initialized ... init(/Users/udogerhards/Documents/workspace/Nodejs-annotations/lib/foundation/context/parser/annotation/Base/Base.js:25:16)
[2021-05-30T08:24:05.341] [ERROR] Qualifier - Missing bean 'Number' _inject(/Users/udogerhards/Documents/workspace/Nodejs-annotations/lib/foundation/context/parser/annotation/inject/Qualifier/Qualifier.js:95:28)
[2021-05-30T08:24:05.341] [ERROR] Qualifier - Missing bean 'Integer' _inject(/Users/udogerhards/Documents/workspace/Nodejs-annotations/lib/foundation/context/parser/annotation/inject/Qualifier/Qualifier.js:95:28)
[2021-05-30T08:24:05.342] [ERROR] Qualifier - Missing bean 'Float' _inject(/Users/udogerhards/Documents/workspace/Nodejs-annotations/lib/foundation/context/parser/annotation/inject/Qualifier/Qualifier.js:95:28)
[2021-05-30T08:24:05.342] [ERROR] Qualifier - Missing bean 'Boolean' _inject(/Users/udogerhards/Documents/workspace/Nodejs-annotations/lib/foundation/context/parser/annotation/inject/Qualifier/Qualifier.js:95:28)
[2021-05-30T08:24:05.342] [ERROR] Qualifier - Missing bean 'String' _inject(/Users/udogerhards/Documents/workspace/Nodejs-annotations/lib/foundation/context/parser/annotation/inject/Qualifier/Qualifier.js:95:28)
[2021-05-30T08:24:05.434] [INFO] Service - Service initialized ...
[2021-05-30T08:24:05.429] [INFO] Qualifier - Qualifier initialized ...
[2021-05-30T08:24:05.548] [INFO] Service - Service initialized ...
[2021-05-30T08:24:05.546] [INFO] Qualifier - Qualifier initialized ...
[2021-05-30T08:24:05.686] [INFO] Service - Service initialized ...
[2021-05-30T08:24:05.670] [INFO] Qualifier - Qualifier initialized ...
[2021-05-30T08:24:05.946] [INFO] Service - Service initialized ...
[2021-05-30T08:24:05.943] [INFO] Qualifier - Qualifier initialized ...
[2021-05-30T08:24:06.122] [INFO] Service - Service initialized ...
[2021-05-30T08:24:06.113] [INFO] Qualifier - Qualifier initialized ...
[2021-05-30T08:24:06.231] [ERROR] Qualifier - Missing bean 'InitFlag'
[2021-05-30T08:24:06.233] [ERROR] Qualifier - Missing bean 'InitFlag'
[2021-05-30T08:24:06.235] [ERROR] Qualifier - Missing bean 'InitFlag'
[2021-05-30T08:24:06.235] [ERROR] Qualifier - Missing bean 'XmlPropertiesBean'
[2021-05-30T08:24:06.236] [ERROR] Qualifier - Missing bean 'JsonPropertiesBean'
[2021-05-30T08:24:06.236] [ERROR] Qualifier - Missing bean 'JavaPropertiesBean'
[2021-05-30T08:24:06.375] [INFO] Service - Service initialized ...
[2021-05-30T08:24:06.371] [INFO] Qualifier - Qualifier initialized ...
[2021-05-30T08:24:06.594] [INFO] Service - Service initialized ...
[2021-05-30T08:24:06.589] [INFO] Qualifier - Qualifier initialized ...
[2021-05-30T08:24:06.651] [INFO] Service - Service initialized ...
[2021-05-30T08:24:06.649] [INFO] Qualifier - Qualifier initialized ...
[2021-05-30T08:24:06.716] [INFO] Service - Service initialized ...
[2021-05-30T08:24:06.712] [INFO] Qualifier - Qualifier initialized ...
[2021-05-30T08:24:06.783] [INFO] Service - Service initialized ...
[2021-05-30T08:24:06.781] [INFO] Qualifier - Qualifier initialized ...
[2021-05-30T08:27:46.563] [INFO] Service - Service initialized ... init(/Users/udogerhards/Documents/workspace/Nodejs-annotations/lib/foundation/context/parser/annotation/instance/Service/Service.js:15:16)
[2021-05-30T08:27:46.550] [INFO] Qualifier - Qualifier initialized ... init(/Users/udogerhards/Documents/workspace/Nodejs-annotations/lib/foundation/context/parser/annotation/Base/Base.js:25:16)
[2021-05-30T08:27:46.674] [ERROR] Qualifier - Missing bean 'Number' _inject(/Users/udogerhards/Documents/workspace/Nodejs-annotations/lib/foundation/context/parser/annotation/inject/Qualifier/Qualifier.js:95:28)
[2021-05-30T08:27:46.674] [ERROR] Qualifier - Missing bean 'Integer' _inject(/Users/udogerhards/Documents/workspace/Nodejs-annotations/lib/foundation/context/parser/annotation/inject/Qualifier/Qualifier.js:95:28)
[2021-05-30T08:27:46.675] [ERROR] Qualifier - Missing bean 'Float' _inject(/Users/udogerhards/Documents/workspace/Nodejs-annotations/lib/foundation/context/parser/annotation/inject/Qualifier/Qualifier.js:95:28)
[2021-05-30T08:27:46.675] [ERROR] Qualifier - Missing bean 'Boolean' _inject(/Users/udogerhards/Documents/workspace/Nodejs-annotations/lib/foundation/context/parser/annotation/inject/Qualifier/Qualifier.js:95:28)
[2021-05-30T08:27:46.676] [ERROR] Qualifier - Missing bean 'String' _inject(/Users/udogerhards/Documents/workspace/Nodejs-annotations/lib/foundation/context/parser/annotation/inject/Qualifier/Qualifier.js:95:28)
[2021-05-30T08:27:46.767] [INFO] Service - Service initialized ...
[2021-05-30T08:27:46.765] [INFO] Qualifier - Qualifier initialized ...
[2021-05-30T08:27:46.897] [INFO] Service - Service initialized ...
[2021-05-30T08:27:46.889] [INFO] Qualifier - Qualifier initialized ...
[2021-05-30T08:27:47.016] [INFO] Service - Service initialized ...
[2021-05-30T08:27:47.011] [INFO] Qualifier - Qualifier initialized ...
[2021-05-30T08:27:47.190] [INFO] Service - Service initialized ...
[2021-05-30T08:27:47.184] [INFO] Qualifier - Qualifier initialized ...
[2021-05-30T08:27:47.354] [INFO] Service - Service initialized ...
[2021-05-30T08:27:47.352] [INFO] Qualifier - Qualifier initialized ...
[2021-05-30T08:27:47.395] [ERROR] Qualifier - Missing bean 'InitFlag'
[2021-05-30T08:27:47.396] [ERROR] Qualifier - Missing bean 'InitFlag'
[2021-05-30T08:27:47.396] [ERROR] Qualifier - Missing bean 'InitFlag'
[2021-05-30T08:27:47.397] [ERROR] Qualifier - Missing bean 'XmlPropertiesBean'
[2021-05-30T08:27:47.397] [ERROR] Qualifier - Missing bean 'JsonPropertiesBean'
[2021-05-30T08:27:47.397] [ERROR] Qualifier - Missing bean 'JavaPropertiesBean'
[2021-05-30T08:27:47.477] [INFO] Service - Service initialized ...
[2021-05-30T08:27:47.474] [INFO] Qualifier - Qualifier initialized ...
[2021-05-30T08:27:47.677] [INFO] Service - Service initialized ...
[2021-05-30T08:27:47.672] [INFO] Qualifier - Qualifier initialized ...
[2021-05-30T08:27:47.748] [INFO] Service - Service initialized ...
[2021-05-30T08:27:47.746] [INFO] Qualifier - Qualifier initialized ...
[2021-05-30T08:33:47.224] [INFO] Service - Service initialized ... init(/Users/udogerhards/Documents/workspace/Nodejs-annotations/lib/foundation/context/parser/annotation/instance/Service/Service.js:15:16)
[2021-05-30T08:33:47.214] [INFO] Qualifier - Qualifier initialized ... init(/Users/udogerhards/Documents/workspace/Nodejs-annotations/lib/foundation/context/parser/annotation/Base/Base.js:25:16)
[2021-05-30T08:33:47.373] [ERROR] Qualifier - Missing bean 'Number' _inject(/Users/udogerhards/Documents/workspace/Nodejs-annotations/lib/foundation/context/parser/annotation/inject/Qualifier/Qualifier.js:95:28)
[2021-05-30T08:33:47.374] [ERROR] Qualifier - Missing bean 'Integer' _inject(/Users/udogerhards/Documents/workspace/Nodejs-annotations/lib/foundation/context/parser/annotation/inject/Qualifier/Qualifier.js:95:28)
[2021-05-30T08:33:47.374] [ERROR] Qualifier - Missing bean 'Float' _inject(/Users/udogerhards/Documents/workspace/Nodejs-annotations/lib/foundation/context/parser/annotation/inject/Qualifier/Qualifier.js:95:28)
[2021-05-30T08:33:47.374] [ERROR] Qualifier - Missing bean 'Boolean' _inject(/Users/udogerhards/Documents/workspace/Nodejs-annotations/lib/foundation/context/parser/annotation/inject/Qualifier/Qualifier.js:95:28)
[2021-05-30T08:33:47.375] [ERROR] Qualifier - Missing bean 'String' _inject(/Users/udogerhards/Documents/workspace/Nodejs-annotations/lib/foundation/context/parser/annotation/inject/Qualifier/Qualifier.js:95:28)
[2021-05-30T08:33:47.493] [INFO] Service - Service initialized ...
[2021-05-30T08:33:47.489] [INFO] Qualifier - Qualifier initialized ...
[2021-05-30T08:33:47.601] [INFO] Service - Service initialized ...
[2021-05-30T08:33:47.599] [INFO] Qualifier - Qualifier initialized ...
[2021-05-30T08:33:47.693] [INFO] Service - Service initialized ...
[2021-05-30T08:33:47.689] [INFO] Qualifier - Qualifier initialized ...
[2021-05-30T08:33:47.808] [INFO] Service - Service initialized ...
[2021-05-30T08:33:47.805] [INFO] Qualifier - Qualifier initialized ...
[2021-05-30T08:33:47.975] [INFO] Service - Service initialized ...
[2021-05-30T08:33:47.971] [INFO] Qualifier - Qualifier initialized ...
[2021-05-30T08:33:48.023] [ERROR] Qualifier - Missing bean 'InitFlag'
[2021-05-30T08:33:48.023] [ERROR] Qualifier - Missing bean 'InitFlag'
[2021-05-30T08:33:48.024] [ERROR] Qualifier - Missing bean 'InitFlag'
[2021-05-30T08:33:48.024] [ERROR] Qualifier - Missing bean 'XmlPropertiesBean'
[2021-05-30T08:33:48.024] [ERROR] Qualifier - Missing bean 'JsonPropertiesBean'
[2021-05-30T08:33:48.024] [ERROR] Qualifier - Missing bean 'JavaPropertiesBean'
[2021-05-30T08:33:48.177] [INFO] Service - Service initialized ...
[2021-05-30T08:33:48.172] [INFO] Qualifier - Qualifier initialized ...
[2021-05-30T08:33:48.270] [INFO] Service - Service initialized ...
[2021-05-30T08:33:48.268] [INFO] Qualifier - Qualifier initialized ...
[2021-05-30T08:33:48.307] [INFO] Service - Service initialized ...
[2021-05-30T08:33:48.306] [INFO] Qualifier - Qualifier initialized ...
[2021-05-30T08:35:48.640] [INFO] Service - Service initialized ... init(/Users/udogerhards/Documents/workspace/Nodejs-annotations/lib/foundation/context/parser/annotation/instance/Service/Service.js:15:16)
[2021-05-30T08:35:48.627] [INFO] Qualifier - Qualifier initialized ... init(/Users/udogerhards/Documents/workspace/Nodejs-annotations/lib/foundation/context/parser/annotation/Base/Base.js:25:16)
[2021-05-30T08:35:48.779] [ERROR] Qualifier - Missing bean 'Number' _inject(/Users/udogerhards/Documents/workspace/Nodejs-annotations/lib/foundation/context/parser/annotation/inject/Qualifier/Qualifier.js:95:28)
[2021-05-30T08:35:48.781] [ERROR] Qualifier - Missing bean 'Integer' _inject(/Users/udogerhards/Documents/workspace/Nodejs-annotations/lib/foundation/context/parser/annotation/inject/Qualifier/Qualifier.js:95:28)
[2021-05-30T08:35:48.781] [ERROR] Qualifier - Missing bean 'Float' _inject(/Users/udogerhards/Documents/workspace/Nodejs-annotations/lib/foundation/context/parser/annotation/inject/Qualifier/Qualifier.js:95:28)
[2021-05-30T08:35:48.782] [ERROR] Qualifier - Missing bean 'Boolean' _inject(/Users/udogerhards/Documents/workspace/Nodejs-annotations/lib/foundation/context/parser/annotation/inject/Qualifier/Qualifier.js:95:28)
[2021-05-30T08:35:48.782] [ERROR] Qualifier - Missing bean 'String' _inject(/Users/udogerhards/Documents/workspace/Nodejs-annotations/lib/foundation/context/parser/annotation/inject/Qualifier/Qualifier.js:95:28)
[2021-05-30T08:35:48.885] [INFO] Service - Service initialized ...
[2021-05-30T08:35:48.881] [INFO] Qualifier - Qualifier initialized ...
[2021-05-30T08:35:48.986] [INFO] Service - Service initialized ...
[2021-05-30T08:35:48.984] [INFO] Qualifier - Qualifier initialized ...
[2021-05-30T08:35:49.085] [INFO] Service - Service initialized ...
[2021-05-30T08:35:49.078] [INFO] Qualifier - Qualifier initialized ...
[2021-05-30T08:35:49.194] [INFO] Service - Service initialized ...
[2021-05-30T08:35:49.192] [INFO] Qualifier - Qualifier initialized ...
[2021-05-30T08:35:49.377] [INFO] Service - Service initialized ...
[2021-05-30T08:35:49.375] [INFO] Qualifier - Qualifier initialized ...
[2021-05-30T08:35:49.419] [ERROR] Qualifier - Missing bean 'InitFlag'
[2021-05-30T08:35:49.419] [ERROR] Qualifier - Missing bean 'InitFlag'
[2021-05-30T08:35:49.419] [ERROR] Qualifier - Missing bean 'InitFlag'
[2021-05-30T08:35:49.420] [ERROR] Qualifier - Missing bean 'XmlPropertiesBean'
[2021-05-30T08:35:49.420] [ERROR] Qualifier - Missing bean 'JsonPropertiesBean'
[2021-05-30T08:35:49.420] [ERROR] Qualifier - Missing bean 'JavaPropertiesBean'
[2021-05-30T08:35:49.477] [INFO] Service - Service initialized ...
[2021-05-30T08:35:49.476] [INFO] Qualifier - Qualifier initialized ...
[2021-05-30T08:35:49.558] [INFO] Qualifier - Qualifier initialized ...
[2021-05-30T08:35:49.560] [INFO] Service - Service initialized ...
[2021-05-30T08:35:49.618] [INFO] Service - Service initialized ...
[2021-05-30T08:35:49.616] [INFO] Qualifier - Qualifier initialized ...
[2021-05-30T17:21:53.608] [INFO] Service - Service initialized ... init(/Users/udogerhards/Documents/workspace/Nodejs-annotations/lib/foundation/context/parser/annotation/instance/Service/Service.js:15:16)
[2021-05-30T17:21:53.604] [INFO] Qualifier - Qualifier initialized ... init(/Users/udogerhards/Documents/workspace/Nodejs-annotations/lib/foundation/context/parser/annotation/Base/Base.js:25:16)
[2021-05-30T17:21:53.735] [ERROR] Qualifier - Missing bean 'Number' _inject(/Users/udogerhards/Documents/workspace/Nodejs-annotations/lib/foundation/context/parser/annotation/inject/Qualifier/Qualifier.js:95:28)
[2021-05-30T17:21:53.736] [ERROR] Qualifier - Missing bean 'Integer' _inject(/Users/udogerhards/Documents/workspace/Nodejs-annotations/lib/foundation/context/parser/annotation/inject/Qualifier/Qualifier.js:95:28)
[2021-05-30T17:21:53.737] [ERROR] Qualifier - Missing bean 'Float' _inject(/Users/udogerhards/Documents/workspace/Nodejs-annotations/lib/foundation/context/parser/annotation/inject/Qualifier/Qualifier.js:95:28)
[2021-05-30T17:21:53.738] [ERROR] Qualifier - Missing bean 'Boolean' _inject(/Users/udogerhards/Documents/workspace/Nodejs-annotations/lib/foundation/context/parser/annotation/inject/Qualifier/Qualifier.js:95:28)
[2021-05-30T17:21:53.740] [ERROR] Qualifier - Missing bean 'String' _inject(/Users/udogerhards/Documents/workspace/Nodejs-annotations/lib/foundation/context/parser/annotation/inject/Qualifier/Qualifier.js:95:28)
[2021-05-30T17:21:53.818] [INFO] Service - Service initialized ...
[2021-05-30T17:21:53.817] [INFO] Qualifier - Qualifier initialized ...
[2021-05-30T17:21:53.975] [INFO] Service - Service initialized ...
[2021-05-30T17:21:53.973] [INFO] Qualifier - Qualifier initialized ...
[2021-05-30T17:21:54.102] [INFO] Service - Service initialized ...
[2021-05-30T17:21:54.101] [INFO] Qualifier - Qualifier initialized ...
[2021-05-30T17:21:54.260] [INFO] Service - Service initialized ...
[2021-05-30T17:21:54.254] [INFO] Qualifier - Qualifier initialized ...
[2021-05-30T17:21:54.433] [INFO] Service - Service initialized ...
[2021-05-30T17:21:54.431] [INFO] Qualifier - Qualifier initialized ...
[2021-05-30T17:21:54.502] [ERROR] Qualifier - Missing bean 'InitFlag'
[2021-05-30T17:21:54.503] [ERROR] Qualifier - Missing bean 'InitFlag'
[2021-05-30T17:21:54.504] [ERROR] Qualifier - Missing bean 'InitFlag'
[2021-05-30T17:21:54.504] [ERROR] Qualifier - Missing bean 'XmlPropertiesBean'
[2021-05-30T17:21:54.504] [ERROR] Qualifier - Missing bean 'JsonPropertiesBean'
[2021-05-30T17:21:54.504] [ERROR] Qualifier - Missing bean 'JavaPropertiesBean'
[2021-05-30T17:21:54.595] [INFO] Service - Service initialized ...
[2021-05-30T17:21:54.589] [INFO] Qualifier - Qualifier initialized ...
[2021-05-30T17:21:54.724] [INFO] Service - Service initialized ...
[2021-05-30T17:21:54.722] [INFO] Qualifier - Qualifier initialized ...
[2021-05-30T17:21:54.792] [INFO] Service - Service initialized ...
[2021-05-30T17:21:54.790] [INFO] Qualifier - Qualifier initialized ...
[2021-05-30T17:22:43.554] [INFO] Service - Service initialized ... init(/Users/udogerhards/Documents/workspace/Nodejs-annotations/lib/foundation/context/parser/annotation/instance/Service/Service.js:15:16)
[2021-05-30T17:22:43.548] [INFO] Qualifier - Qualifier initialized ... init(/Users/udogerhards/Documents/workspace/Nodejs-annotations/lib/foundation/context/parser/annotation/Base/Base.js:25:16)
[2021-05-30T17:22:43.671] [ERROR] Qualifier - Missing bean 'Number' _inject(/Users/udogerhards/Documents/workspace/Nodejs-annotations/lib/foundation/context/parser/annotation/inject/Qualifier/Qualifier.js:95:28)
[2021-05-30T17:22:43.671] [ERROR] Qualifier - Missing bean 'Integer' _inject(/Users/udogerhards/Documents/workspace/Nodejs-annotations/lib/foundation/context/parser/annotation/inject/Qualifier/Qualifier.js:95:28)
[2021-05-30T17:22:43.672] [ERROR] Qualifier - Missing bean 'Float' _inject(/Users/udogerhards/Documents/workspace/Nodejs-annotations/lib/foundation/context/parser/annotation/inject/Qualifier/Qualifier.js:95:28)
[2021-05-30T17:22:43.672] [ERROR] Qualifier - Missing bean 'Boolean' _inject(/Users/udogerhards/Documents/workspace/Nodejs-annotations/lib/foundation/context/parser/annotation/inject/Qualifier/Qualifier.js:95:28)
[2021-05-30T17:22:43.678] [ERROR] Qualifier - Missing bean 'String' _inject(/Users/udogerhards/Documents/workspace/Nodejs-annotations/lib/foundation/context/parser/annotation/inject/Qualifier/Qualifier.js:95:28)
[2021-05-30T17:22:43.765] [INFO] Service - Service initialized ...
[2021-05-30T17:22:43.762] [INFO] Qualifier - Qualifier initialized ...
[2021-05-30T17:22:43.893] [INFO] Service - Service initialized ...
[2021-05-30T17:22:43.891] [INFO] Qualifier - Qualifier initialized ...
[2021-05-30T17:22:44.000] [INFO] Qualifier - Qualifier initialized ...
[2021-05-30T17:22:44.002] [INFO] Service - Service initialized ...
[2021-05-30T17:22:44.118] [INFO] Service - Service initialized ...
[2021-05-30T17:22:44.117] [INFO] Qualifier - Qualifier initialized ...
[2021-05-30T17:22:44.225] [INFO] Service - Service initialized ...
[2021-05-30T17:22:44.223] [INFO] Qualifier - Qualifier initialized ...
[2021-05-30T17:22:44.283] [ERROR] Qualifier - Missing bean 'InitFlag'
[2021-05-30T17:22:44.283] [ERROR] Qualifier - Missing bean 'InitFlag'
[2021-05-30T17:22:44.284] [ERROR] Qualifier - Missing bean 'InitFlag'
[2021-05-30T17:22:44.284] [ERROR] Qualifier - Missing bean 'XmlPropertiesBean'
[2021-05-30T17:22:44.284] [ERROR] Qualifier - Missing bean 'JsonPropertiesBean'
[2021-05-30T17:22:44.285] [ERROR] Qualifier - Missing bean 'JavaPropertiesBean'
[2021-05-30T17:22:44.359] [INFO] Service - Service initialized ...
[2021-05-30T17:22:44.357] [INFO] Qualifier - Qualifier initialized ...
[2021-05-30T17:22:44.465] [INFO] Service - Service initialized ...
[2021-05-30T17:22:44.463] [INFO] Qualifier - Qualifier initialized ...
[2021-05-30T17:22:44.502] [INFO] Service - Service initialized ...
[2021-05-30T17:22:44.500] [INFO] Qualifier - Qualifier initialized ...
[2021-05-30T17:23:10.331] [INFO] Service - Service initialized ... init(/Users/udogerhards/Documents/workspace/Nodejs-annotations/lib/foundation/context/parser/annotation/instance/Service/Service.js:15:16)
[2021-05-30T17:23:10.327] [INFO] Qualifier - Qualifier initialized ... init(/Users/udogerhards/Documents/workspace/Nodejs-annotations/lib/foundation/context/parser/annotation/Base/Base.js:25:16)
[2021-05-30T17:23:10.437] [ERROR] Qualifier - Missing bean 'Number' _inject(/Users/udogerhards/Documents/workspace/Nodejs-annotations/lib/foundation/context/parser/annotation/inject/Qualifier/Qualifier.js:95:28)
[2021-05-30T17:23:10.438] [ERROR] Qualifier - Missing bean 'Integer' _inject(/Users/udogerhards/Documents/workspace/Nodejs-annotations/lib/foundation/context/parser/annotation/inject/Qualifier/Qualifier.js:95:28)
[2021-05-30T17:23:10.438] [ERROR] Qualifier - Missing bean 'Float' _inject(/Users/udogerhards/Documents/workspace/Nodejs-annotations/lib/foundation/context/parser/annotation/inject/Qualifier/Qualifier.js:95:28)
[2021-05-30T17:23:10.438] [ERROR] Qualifier - Missing bean 'Boolean' _inject(/Users/udogerhards/Documents/workspace/Nodejs-annotations/lib/foundation/context/parser/annotation/inject/Qualifier/Qualifier.js:95:28)
[2021-05-30T17:23:10.445] [ERROR] Qualifier - Missing bean 'String' _inject(/Users/udogerhards/Documents/workspace/Nodejs-annotations/lib/foundation/context/parser/annotation/inject/Qualifier/Qualifier.js:95:28)
[2021-05-30T17:23:10.538] [INFO] Service - Service initialized ...
[2021-05-30T17:23:10.536] [INFO] Qualifier - Qualifier initialized ...
[2021-05-30T17:23:10.651] [INFO] Service - Service initialized ...
[2021-05-30T17:23:10.649] [INFO] Qualifier - Qualifier initialized ...
[2021-05-30T17:23:10.793] [INFO] Service - Service initialized ...
[2021-05-30T17:23:10.788] [INFO] Qualifier - Qualifier initialized ...
[2021-05-30T17:23:10.925] [INFO] Service - Service initialized ...
[2021-05-30T17:23:10.923] [INFO] Qualifier - Qualifier initialized ...
[2021-05-30T17:23:11.037] [INFO] Service - Service initialized ...
[2021-05-30T17:23:11.035] [INFO] Qualifier - Qualifier initialized ...
[2021-05-30T17:23:11.102] [ERROR] Qualifier - Missing bean 'InitFlag'
[2021-05-30T17:23:11.103] [ERROR] Qualifier - Missing bean 'InitFlag'
[2021-05-30T17:23:11.103] [ERROR] Qualifier - Missing bean 'InitFlag'
[2021-05-30T17:23:11.103] [ERROR] Qualifier - Missing bean 'XmlPropertiesBean'
[2021-05-30T17:23:11.104] [ERROR] Qualifier - Missing bean 'JsonPropertiesBean'
[2021-05-30T17:23:11.104] [ERROR] Qualifier - Missing bean 'JavaPropertiesBean'
[2021-05-30T17:23:11.210] [INFO] Service - Service initialized ...
[2021-05-30T17:23:11.208] [INFO] Qualifier - Qualifier initialized ...
[2021-05-30T17:23:11.363] [INFO] Service - Service initialized ...
[2021-05-30T17:23:11.357] [INFO] Qualifier - Qualifier initialized ...
[2021-05-30T17:23:11.422] [INFO] Service - Service initialized ...
[2021-05-30T17:23:11.421] [INFO] Qualifier - Qualifier initialized ...
[2021-05-30T17:23:33.884] [INFO] Service - Service initialized ... init(/Users/udogerhards/Documents/workspace/Nodejs-annotations/lib/foundation/context/parser/annotation/instance/Service/Service.js:15:16)
[2021-05-30T17:23:33.877] [INFO] Qualifier - Qualifier initialized ... init(/Users/udogerhards/Documents/workspace/Nodejs-annotations/lib/foundation/context/parser/annotation/Base/Base.js:25:16)
[2021-05-30T17:23:33.988] [ERROR] Qualifier - Missing bean 'Number' _inject(/Users/udogerhards/Documents/workspace/Nodejs-annotations/lib/foundation/context/parser/annotation/inject/Qualifier/Qualifier.js:95:28)
[2021-05-30T17:23:33.989] [ERROR] Qualifier - Missing bean 'Integer' _inject(/Users/udogerhards/Documents/workspace/Nodejs-annotations/lib/foundation/context/parser/annotation/inject/Qualifier/Qualifier.js:95:28)
[2021-05-30T17:23:33.989] [ERROR] Qualifier - Missing bean 'Float' _inject(/Users/udogerhards/Documents/workspace/Nodejs-annotations/lib/foundation/context/parser/annotation/inject/Qualifier/Qualifier.js:95:28)
[2021-05-30T17:23:33.989] [ERROR] Qualifier - Missing bean 'Boolean' _inject(/Users/udogerhards/Documents/workspace/Nodejs-annotations/lib/foundation/context/parser/annotation/inject/Qualifier/Qualifier.js:95:28)
[2021-05-30T17:23:33.991] [ERROR] Qualifier - Missing bean 'String' _inject(/Users/udogerhards/Documents/workspace/Nodejs-annotations/lib/foundation/context/parser/annotation/inject/Qualifier/Qualifier.js:95:28)
[2021-05-30T17:23:34.078] [INFO] Service - Service initialized ...
[2021-05-30T17:23:34.076] [INFO] Qualifier - Qualifier initialized ...
[2021-05-30T17:23:34.203] [INFO] Service - Service initialized ...
[2021-05-30T17:23:34.201] [INFO] Qualifier - Qualifier initialized ...
[2021-05-30T17:23:34.322] [INFO] Service - Service initialized ...
[2021-05-30T17:23:34.320] [INFO] Qualifier - Qualifier initialized ...
[2021-05-30T17:23:34.460] [INFO] Service - Service initialized ...
[2021-05-30T17:23:34.459] [INFO] Qualifier - Qualifier initialized ...
[2021-05-30T17:23:34.594] [INFO] Service - Service initialized ...
[2021-05-30T17:23:34.593] [INFO] Qualifier - Qualifier initialized ...
[2021-05-30T17:23:34.653] [ERROR] Qualifier - Missing bean 'InitFlag'
[2021-05-30T17:23:34.654] [ERROR] Qualifier - Missing bean 'InitFlag'
[2021-05-30T17:23:34.654] [ERROR] Qualifier - Missing bean 'InitFlag'
[2021-05-30T17:23:34.654] [ERROR] Qualifier - Missing bean 'XmlPropertiesBean'
[2021-05-30T17:23:34.654] [ERROR] Qualifier - Missing bean 'JsonPropertiesBean'
[2021-05-30T17:23:34.655] [ERROR] Qualifier - Missing bean 'JavaPropertiesBean'
[2021-05-30T17:23:34.724] [INFO] Service - Service initialized ...
[2021-05-30T17:23:34.722] [INFO] Qualifier - Qualifier initialized ...
[2021-05-30T17:23:34.844] [INFO] Service - Service initialized ...
[2021-05-30T17:23:34.843] [INFO] Qualifier - Qualifier initialized ...
[2021-05-30T17:23:34.894] [INFO] Service - Service initialized ...
[2021-05-30T17:23:34.891] [INFO] Qualifier - Qualifier initialized ...
[2021-05-30T17:24:46.065] [INFO] Service - Service initialized ... init(/Users/udogerhards/Documents/workspace/Nodejs-annotations/lib/foundation/context/parser/annotation/instance/Service/Service.js:15:16)
[2021-05-30T17:24:46.057] [INFO] Qualifier - Qualifier initialized ... init(/Users/udogerhards/Documents/workspace/Nodejs-annotations/lib/foundation/context/parser/annotation/Base/Base.js:25:16)
[2021-05-30T17:24:46.179] [ERROR] Qualifier - Missing bean 'Number' _inject(/Users/udogerhards/Documents/workspace/Nodejs-annotations/lib/foundation/context/parser/annotation/inject/Qualifier/Qualifier.js:95:28)
[2021-05-30T17:24:46.180] [ERROR] Qualifier - Missing bean 'Integer' _inject(/Users/udogerhards/Documents/workspace/Nodejs-annotations/lib/foundation/context/parser/annotation/inject/Qualifier/Qualifier.js:95:28)
[2021-05-30T17:24:46.180] [ERROR] Qualifier - Missing bean 'Float' _inject(/Users/udogerhards/Documents/workspace/Nodejs-annotations/lib/foundation/context/parser/annotation/inject/Qualifier/Qualifier.js:95:28)
[2021-05-30T17:24:46.180] [ERROR] Qualifier - Missing bean 'Boolean' _inject(/Users/udogerhards/Documents/workspace/Nodejs-annotations/lib/foundation/context/parser/annotation/inject/Qualifier/Qualifier.js:95:28)
[2021-05-30T17:24:46.182] [ERROR] Qualifier - Missing bean 'String' _inject(/Users/udogerhards/Documents/workspace/Nodejs-annotations/lib/foundation/context/parser/annotation/inject/Qualifier/Qualifier.js:95:28)
[2021-05-30T17:24:46.256] [INFO] Service - Service initialized ...
[2021-05-30T17:24:46.255] [INFO] Qualifier - Qualifier initialized ...
[2021-05-30T17:24:46.364] [INFO] Service - Service initialized ...
[2021-05-30T17:24:46.363] [INFO] Qualifier - Qualifier initialized ...
[2021-05-30T17:24:46.483] [INFO] Service - Service initialized ...
[2021-05-30T17:24:46.480] [INFO] Qualifier - Qualifier initialized ...
[2021-05-30T17:24:46.614] [INFO] Service - Service initialized ...
[2021-05-30T17:24:46.612] [INFO] Qualifier - Qualifier initialized ...
[2021-05-30T17:24:46.734] [INFO] Service - Service initialized ...
[2021-05-30T17:24:46.732] [INFO] Qualifier - Qualifier initialized ...
[2021-05-30T17:24:46.779] [ERROR] Qualifier - Missing bean 'InitFlag'
[2021-05-30T17:24:46.779] [ERROR] Qualifier - Missing bean 'InitFlag'
[2021-05-30T17:24:46.779] [ERROR] Qualifier - Missing bean 'InitFlag'
[2021-05-30T17:24:46.779] [ERROR] Qualifier - Missing bean 'XmlPropertiesBean'
[2021-05-30T17:24:46.780] [ERROR] Qualifier - Missing bean 'JsonPropertiesBean'
[2021-05-30T17:24:46.780] [ERROR] Qualifier - Missing bean 'JavaPropertiesBean'
[2021-05-30T17:24:46.854] [INFO] Service - Service initialized ...
[2021-05-30T17:24:46.851] [INFO] Qualifier - Qualifier initialized ...
[2021-05-30T17:24:46.969] [INFO] Service - Service initialized ...
[2021-05-30T17:24:46.968] [INFO] Qualifier - Qualifier initialized ...
[2021-05-30T17:24:47.009] [INFO] Service - Service initialized ...
[2021-05-30T17:24:47.008] [INFO] Qualifier - Qualifier initialized ...
[2021-05-30T17:25:28.627] [INFO] Service - Service initialized ... init(/Users/udogerhards/Documents/workspace/Nodejs-annotations/lib/foundation/context/parser/annotation/instance/Service/Service.js:15:16)
[2021-05-30T17:25:28.623] [INFO] Qualifier - Qualifier initialized ... init(/Users/udogerhards/Documents/workspace/Nodejs-annotations/lib/foundation/context/parser/annotation/Base/Base.js:25:16)
[2021-05-30T17:25:28.737] [ERROR] Qualifier - Missing bean 'Number' _inject(/Users/udogerhards/Documents/workspace/Nodejs-annotations/lib/foundation/context/parser/annotation/inject/Qualifier/Qualifier.js:95:28)
[2021-05-30T17:25:28.737] [ERROR] Qualifier - Missing bean 'Integer' _inject(/Users/udogerhards/Documents/workspace/Nodejs-annotations/lib/foundation/context/parser/annotation/inject/Qualifier/Qualifier.js:95:28)
[2021-05-30T17:25:28.738] [ERROR] Qualifier - Missing bean 'Float' _inject(/Users/udogerhards/Documents/workspace/Nodejs-annotations/lib/foundation/context/parser/annotation/inject/Qualifier/Qualifier.js:95:28)
[2021-05-30T17:25:28.738] [ERROR] Qualifier - Missing bean 'Boolean' _inject(/Users/udogerhards/Documents/workspace/Nodejs-annotations/lib/foundation/context/parser/annotation/inject/Qualifier/Qualifier.js:95:28)
[2021-05-30T17:25:28.740] [ERROR] Qualifier - Missing bean 'String' _inject(/Users/udogerhards/Documents/workspace/Nodejs-annotations/lib/foundation/context/parser/annotation/inject/Qualifier/Qualifier.js:95:28)
[2021-05-30T17:25:28.813] [INFO] Service - Service initialized ...
[2021-05-30T17:25:28.811] [INFO] Qualifier - Qualifier initialized ...
[2021-05-30T17:25:28.921] [INFO] Service - Service initialized ...
[2021-05-30T17:25:28.919] [INFO] Qualifier - Qualifier initialized ...
[2021-05-30T17:25:29.039] [INFO] Service - Service initialized ...
[2021-05-30T17:25:29.034] [INFO] Qualifier - Qualifier initialized ...
[2021-05-30T17:25:29.166] [INFO] Service - Service initialized ...
[2021-05-30T17:25:29.164] [INFO] Qualifier - Qualifier initialized ...
[2021-05-30T17:25:29.280] [INFO] Service - Service initialized ...
[2021-05-30T17:25:29.279] [INFO] Qualifier - Qualifier initialized ...
[2021-05-30T17:25:29.332] [ERROR] Qualifier - Missing bean 'InitFlag'
[2021-05-30T17:25:29.333] [ERROR] Qualifier - Missing bean 'InitFlag'
[2021-05-30T17:25:29.333] [ERROR] Qualifier - Missing bean 'InitFlag'
[2021-05-30T17:25:29.334] [ERROR] Qualifier - Missing bean 'XmlPropertiesBean'
[2021-05-30T17:25:29.334] [ERROR] Qualifier - Missing bean 'JsonPropertiesBean'
[2021-05-30T17:25:29.334] [ERROR] Qualifier - Missing bean 'JavaPropertiesBean'
[2021-05-30T17:25:29.404] [INFO] Qualifier - Qualifier initialized ...
[2021-05-30T17:25:29.406] [INFO] Service - Service initialized ...
[2021-05-30T17:25:29.533] [INFO] Service - Service initialized ...
[2021-05-30T17:25:29.531] [INFO] Qualifier - Qualifier initialized ...
[2021-05-30T17:25:29.587] [INFO] Service - Service initialized ...
[2021-05-30T17:25:29.583] [INFO] Qualifier - Qualifier initialized ...
[2021-05-30T17:26:25.898] [INFO] Service - Service initialized ... init(/Users/udogerhards/Documents/workspace/Nodejs-annotations/lib/foundation/context/parser/annotation/instance/Service/Service.js:15:16)
[2021-05-30T17:26:25.893] [INFO] Qualifier - Qualifier initialized ... init(/Users/udogerhards/Documents/workspace/Nodejs-annotations/lib/foundation/context/parser/annotation/Base/Base.js:25:16)
[2021-05-30T17:26:26.036] [ERROR] Qualifier - Missing bean 'Number' _inject(/Users/udogerhards/Documents/workspace/Nodejs-annotations/lib/foundation/context/parser/annotation/inject/Qualifier/Qualifier.js:95:28)
[2021-05-30T17:26:26.037] [ERROR] Qualifier - Missing bean 'Integer' _inject(/Users/udogerhards/Documents/workspace/Nodejs-annotations/lib/foundation/context/parser/annotation/inject/Qualifier/Qualifier.js:95:28)
[2021-05-30T17:26:26.038] [ERROR] Qualifier - Missing bean 'Float' _inject(/Users/udogerhards/Documents/workspace/Nodejs-annotations/lib/foundation/context/parser/annotation/inject/Qualifier/Qualifier.js:95:28)
[2021-05-30T17:26:26.038] [ERROR] Qualifier - Missing bean 'Boolean' _inject(/Users/udogerhards/Documents/workspace/Nodejs-annotations/lib/foundation/context/parser/annotation/inject/Qualifier/Qualifier.js:95:28)
[2021-05-30T17:26:26.042] [ERROR] Qualifier - Missing bean 'String' _inject(/Users/udogerhards/Documents/workspace/Nodejs-annotations/lib/foundation/context/parser/annotation/inject/Qualifier/Qualifier.js:95:28)
[2021-05-30T17:26:26.117] [INFO] Service - Service initialized ...
[2021-05-30T17:26:26.115] [INFO] Qualifier - Qualifier initialized ...
[2021-05-30T17:26:26.237] [INFO] Service - Service initialized ...
[2021-05-30T17:26:26.234] [INFO] Qualifier - Qualifier initialized ...
[2021-05-30T17:26:26.426] [INFO] Service - Service initialized ...
[2021-05-30T17:26:26.423] [INFO] Qualifier - Qualifier initialized ...
[2021-05-30T17:26:26.602] [INFO] Service - Service initialized ...
[2021-05-30T17:26:26.598] [INFO] Qualifier - Qualifier initialized ...
[2021-05-30T17:26:26.724] [INFO] Service - Service initialized ...
[2021-05-30T17:26:26.722] [INFO] Qualifier - Qualifier initialized ...
[2021-05-30T17:26:26.774] [ERROR] Qualifier - Missing bean 'InitFlag'
[2021-05-30T17:26:26.777] [ERROR] Qualifier - Missing bean 'InitFlag'
[2021-05-30T17:26:26.777] [ERROR] Qualifier - Missing bean 'InitFlag'
[2021-05-30T17:26:26.778] [ERROR] Qualifier - Missing bean 'XmlPropertiesBean'
[2021-05-30T17:26:26.779] [ERROR] Qualifier - Missing bean 'JsonPropertiesBean'
[2021-05-30T17:26:26.779] [ERROR] Qualifier - Missing bean 'JavaPropertiesBean'
[2021-05-30T17:26:26.848] [INFO] Service - Service initialized ...
[2021-05-30T17:26:26.846] [INFO] Qualifier - Qualifier initialized ...
[2021-05-30T17:26:26.954] [INFO] Service - Service initialized ...
[2021-05-30T17:26:26.952] [INFO] Qualifier - Qualifier initialized ...
[2021-05-30T17:26:26.991] [INFO] Qualifier - Qualifier initialized ...
[2021-05-30T17:26:26.993] [INFO] Service - Service initialized ...
[2021-05-30T17:32:23.439] [INFO] Service - Service initialized ... init(/Users/udogerhards/Documents/workspace/Nodejs-annotations/lib/foundation/context/parser/annotation/instance/Service/Service.js:15:16)
[2021-05-30T17:32:23.435] [INFO] Qualifier - Qualifier initialized ... init(/Users/udogerhards/Documents/workspace/Nodejs-annotations/lib/foundation/context/parser/annotation/Base/Base.js:25:16)
[2021-05-30T17:32:23.607] [ERROR] Qualifier - Missing bean 'Number' _inject(/Users/udogerhards/Documents/workspace/Nodejs-annotations/lib/foundation/context/parser/annotation/inject/Qualifier/Qualifier.js:95:28)
[2021-05-30T17:32:23.607] [ERROR] Qualifier - Missing bean 'Integer' _inject(/Users/udogerhards/Documents/workspace/Nodejs-annotations/lib/foundation/context/parser/annotation/inject/Qualifier/Qualifier.js:95:28)
[2021-05-30T17:32:23.608] [ERROR] Qualifier - Missing bean 'Float' _inject(/Users/udogerhards/Documents/workspace/Nodejs-annotations/lib/foundation/context/parser/annotation/inject/Qualifier/Qualifier.js:95:28)
[2021-05-30T17:32:23.608] [ERROR] Qualifier - Missing bean 'Boolean' _inject(/Users/udogerhards/Documents/workspace/Nodejs-annotations/lib/foundation/context/parser/annotation/inject/Qualifier/Qualifier.js:95:28)
[2021-05-30T17:32:23.609] [ERROR] Qualifier - Missing bean 'String' _inject(/Users/udogerhards/Documents/workspace/Nodejs-annotations/lib/foundation/context/parser/annotation/inject/Qualifier/Qualifier.js:95:28)
[2021-05-30T17:32:23.679] [INFO] Service - Service initialized ...
[2021-05-30T17:32:23.678] [INFO] Qualifier - Qualifier initialized ...
[2021-05-30T17:32:23.805] [INFO] Service - Service initialized ...
[2021-05-30T17:32:23.798] [INFO] Qualifier - Qualifier initialized ...
[2021-05-30T17:32:23.926] [INFO] Service - Service initialized ...
[2021-05-30T17:32:23.925] [INFO] Qualifier - Qualifier initialized ...
[2021-05-30T17:32:24.047] [INFO] Service - Service initialized ...
[2021-05-30T17:32:24.046] [INFO] Qualifier - Qualifier initialized ...
[2021-05-30T17:32:24.157] [INFO] Service - Service initialized ...
[2021-05-30T17:32:24.155] [INFO] Qualifier - Qualifier initialized ...
[2021-05-30T17:32:24.196] [ERROR] Qualifier - Missing bean 'InitFlag'
[2021-05-30T17:32:24.196] [ERROR] Qualifier - Missing bean 'InitFlag'
[2021-05-30T17:32:24.196] [ERROR] Qualifier - Missing bean 'InitFlag'
[2021-05-30T17:32:24.197] [ERROR] Qualifier - Missing bean 'XmlPropertiesBean'
[2021-05-30T17:32:24.197] [ERROR] Qualifier - Missing bean 'JsonPropertiesBean'
[2021-05-30T17:32:24.197] [ERROR] Qualifier - Missing bean 'JavaPropertiesBean'
[2021-05-30T17:32:24.259] [INFO] Service - Service initialized ...
[2021-05-30T17:32:24.257] [INFO] Qualifier - Qualifier initialized ...
[2021-05-30T17:32:24.397] [INFO] Qualifier - Qualifier initialized ...
[2021-05-30T17:32:24.406] [INFO] Service - Service initialized ...
[2021-05-30T17:32:24.475] [INFO] Service - Service initialized ...
[2021-05-30T17:32:24.473] [INFO] Qualifier - Qualifier initialized ...
[2021-05-30T17:34:48.163] [INFO] Service - Service initialized ... init(/Users/udogerhards/Documents/workspace/Nodejs-annotations/lib/foundation/context/parser/annotation/instance/Service/Service.js:15:16)
[2021-05-30T17:34:48.149] [INFO] Qualifier - Qualifier initialized ... init(/Users/udogerhards/Documents/workspace/Nodejs-annotations/lib/foundation/context/parser/annotation/Base/Base.js:25:16)
[2021-05-30T17:34:48.329] [ERROR] Qualifier - Missing bean 'Number' _inject(/Users/udogerhards/Documents/workspace/Nodejs-annotations/lib/foundation/context/parser/annotation/inject/Qualifier/Qualifier.js:95:28)
[2021-05-30T17:34:48.330] [ERROR] Qualifier - Missing bean 'Integer' _inject(/Users/udogerhards/Documents/workspace/Nodejs-annotations/lib/foundation/context/parser/annotation/inject/Qualifier/Qualifier.js:95:28)
[2021-05-30T17:34:48.331] [ERROR] Qualifier - Missing bean 'Float' _inject(/Users/udogerhards/Documents/workspace/Nodejs-annotations/lib/foundation/context/parser/annotation/inject/Qualifier/Qualifier.js:95:28)
[2021-05-30T17:34:48.331] [ERROR] Qualifier - Missing bean 'Boolean' _inject(/Users/udogerhards/Documents/workspace/Nodejs-annotations/lib/foundation/context/parser/annotation/inject/Qualifier/Qualifier.js:95:28)
[2021-05-30T17:34:48.348] [ERROR] Qualifier - Missing bean 'String' _inject(/Users/udogerhards/Documents/workspace/Nodejs-annotations/lib/foundation/context/parser/annotation/inject/Qualifier/Qualifier.js:95:28)
[2021-05-30T17:34:48.464] [INFO] Service - Service initialized ...
[2021-05-30T17:34:48.456] [INFO] Qualifier - Qualifier initialized ...
[2021-05-30T17:34:48.589] [INFO] Service - Service initialized ...
[2021-05-30T17:34:48.582] [INFO] Qualifier - Qualifier initialized ...
[2021-05-30T17:34:48.702] [INFO] Service - Service initialized ...
[2021-05-30T17:34:48.699] [INFO] Qualifier - Qualifier initialized ...
[2021-05-30T17:34:48.803] [INFO] Service - Service initialized ...
[2021-05-30T17:34:48.801] [INFO] Qualifier - Qualifier initialized ...
[2021-05-30T17:34:48.894] [INFO] Service - Service initialized ...
[2021-05-30T17:34:48.893] [INFO] Qualifier - Qualifier initialized ...
[2021-05-30T17:34:48.930] [ERROR] Qualifier - Missing bean 'InitFlag'
[2021-05-30T17:34:48.930] [ERROR] Qualifier - Missing bean 'InitFlag'
[2021-05-30T17:34:48.930] [ERROR] Qualifier - Missing bean 'InitFlag'
[2021-05-30T17:34:48.930] [ERROR] Qualifier - Missing bean 'XmlPropertiesBean'
[2021-05-30T17:34:48.930] [ERROR] Qualifier - Missing bean 'JsonPropertiesBean'
[2021-05-30T17:34:48.931] [ERROR] Qualifier - Missing bean 'JavaPropertiesBean'
[2021-05-30T17:34:48.989] [INFO] Service - Service initialized ...
[2021-05-30T17:34:48.988] [INFO] Qualifier - Qualifier initialized ...
[2021-05-30T17:34:49.085] [INFO] Qualifier - Qualifier initialized ...
[2021-05-30T17:34:49.087] [INFO] Service - Service initialized ...
[2021-05-30T17:34:49.120] [INFO] Qualifier - Qualifier initialized ...
[2021-05-30T17:34:49.121] [INFO] Service - Service initialized ...
[2021-05-30T17:35:07.583] [INFO] Qualifier - Qualifier initialized ... init(/Users/udogerhards/Documents/workspace/Nodejs-annotations/lib/foundation/context/parser/annotation/Base/Base.js:25:16)
[2021-05-30T17:35:07.594] [INFO] Service - Service initialized ... init(/Users/udogerhards/Documents/workspace/Nodejs-annotations/lib/foundation/context/parser/annotation/instance/Service/Service.js:15:16)
[2021-05-30T17:35:07.765] [ERROR] Qualifier - Missing bean 'Number' _inject(/Users/udogerhards/Documents/workspace/Nodejs-annotations/lib/foundation/context/parser/annotation/inject/Qualifier/Qualifier.js:95:28)
[2021-05-30T17:35:07.773] [ERROR] Qualifier - Missing bean 'Integer' _inject(/Users/udogerhards/Documents/workspace/Nodejs-annotations/lib/foundation/context/parser/annotation/inject/Qualifier/Qualifier.js:95:28)
[2021-05-30T17:35:07.777] [ERROR] Qualifier - Missing bean 'Float' _inject(/Users/udogerhards/Documents/workspace/Nodejs-annotations/lib/foundation/context/parser/annotation/inject/Qualifier/Qualifier.js:95:28)
[2021-05-30T17:35:07.780] [ERROR] Qualifier - Missing bean 'Boolean' _inject(/Users/udogerhards/Documents/workspace/Nodejs-annotations/lib/foundation/context/parser/annotation/inject/Qualifier/Qualifier.js:95:28)
[2021-05-30T17:35:07.793] [ERROR] Qualifier - Missing bean 'String' _inject(/Users/udogerhards/Documents/workspace/Nodejs-annotations/lib/foundation/context/parser/annotation/inject/Qualifier/Qualifier.js:95:28)
[2021-05-30T17:35:07.894] [INFO] Service - Service initialized ...
[2021-05-30T17:35:07.893] [INFO] Qualifier - Qualifier initialized ...
[2021-05-30T17:35:07.990] [INFO] Service - Service initialized ...
[2021-05-30T17:35:07.988] [INFO] Qualifier - Qualifier initialized ...
[2021-05-30T17:35:08.129] [INFO] Service - Service initialized ...
[2021-05-30T17:35:08.115] [INFO] Qualifier - Qualifier initialized ...
[2021-05-30T17:35:08.262] [INFO] Service - Service initialized ...
[2021-05-30T17:35:08.260] [INFO] Qualifier - Qualifier initialized ...
[2021-05-30T17:35:08.372] [INFO] Service - Service initialized ...
[2021-05-30T17:35:08.370] [INFO] Qualifier - Qualifier initialized ...
[2021-05-30T17:35:08.408] [ERROR] Qualifier - Missing bean 'InitFlag'
[2021-05-30T17:35:08.408] [ERROR] Qualifier - Missing bean 'InitFlag'
[2021-05-30T17:35:08.408] [ERROR] Qualifier - Missing bean 'InitFlag'
[2021-05-30T17:35:08.408] [ERROR] Qualifier - Missing bean 'XmlPropertiesBean'
[2021-05-30T17:35:08.409] [ERROR] Qualifier - Missing bean 'JsonPropertiesBean'
[2021-05-30T17:35:08.409] [ERROR] Qualifier - Missing bean 'JavaPropertiesBean'
[2021-05-30T17:35:08.467] [INFO] Service - Service initialized ...
[2021-05-30T17:35:08.465] [INFO] Qualifier - Qualifier initialized ...
[2021-05-30T17:35:08.555] [INFO] Service - Service initialized ...
[2021-05-30T17:35:08.553] [INFO] Qualifier - Qualifier initialized ...
[2021-05-30T17:35:08.589] [INFO] Service - Service initialized ...
[2021-05-30T17:35:08.588] [INFO] Qualifier - Qualifier initialized ...
[2021-05-30T17:35:44.903] [INFO] Service - Service initialized ... init(/Users/udogerhards/Documents/workspace/Nodejs-annotations/lib/foundation/context/parser/annotation/instance/Service/Service.js:15:16)
[2021-05-30T17:35:44.887] [INFO] Qualifier - Qualifier initialized ... init(/Users/udogerhards/Documents/workspace/Nodejs-annotations/lib/foundation/context/parser/annotation/Base/Base.js:25:16)
[2021-05-30T17:35:45.040] [ERROR] Qualifier - Missing bean 'Number' _inject(/Users/udogerhards/Documents/workspace/Nodejs-annotations/lib/foundation/context/parser/annotation/inject/Qualifier/Qualifier.js:95:28)
[2021-05-30T17:35:45.045] [ERROR] Qualifier - Missing bean 'Integer' _inject(/Users/udogerhards/Documents/workspace/Nodejs-annotations/lib/foundation/context/parser/annotation/inject/Qualifier/Qualifier.js:95:28)
[2021-05-30T17:35:45.047] [ERROR] Qualifier - Missing bean 'Float' _inject(/Users/udogerhards/Documents/workspace/Nodejs-annotations/lib/foundation/context/parser/annotation/inject/Qualifier/Qualifier.js:95:28)
[2021-05-30T17:35:45.049] [ERROR] Qualifier - Missing bean 'Boolean' _inject(/Users/udogerhards/Documents/workspace/Nodejs-annotations/lib/foundation/context/parser/annotation/inject/Qualifier/Qualifier.js:95:28)
[2021-05-30T17:35:45.060] [ERROR] Qualifier - Missing bean 'String' _inject(/Users/udogerhards/Documents/workspace/Nodejs-annotations/lib/foundation/context/parser/annotation/inject/Qualifier/Qualifier.js:95:28)
[2021-05-30T17:35:45.174] [INFO] Qualifier - Qualifier initialized ...
[2021-05-30T17:35:45.178] [INFO] Service - Service initialized ...
[2021-05-30T17:35:45.294] [INFO] Service - Service initialized ...
[2021-05-30T17:35:45.292] [INFO] Qualifier - Qualifier initialized ...
[2021-05-30T17:35:45.394] [INFO] Service - Service initialized ...
[2021-05-30T17:35:45.389] [INFO] Qualifier - Qualifier initialized ...
[2021-05-30T17:35:45.510] [INFO] Qualifier - Qualifier initialized ...
[2021-05-30T17:35:45.513] [INFO] Service - Service initialized ...
[2021-05-30T17:35:45.721] [INFO] Service - Service initialized ...
[2021-05-30T17:35:45.714] [INFO] Qualifier - Qualifier initialized ...
[2021-05-30T17:35:45.762] [ERROR] Qualifier - Missing bean 'InitFlag'
[2021-05-30T17:35:45.762] [ERROR] Qualifier - Missing bean 'InitFlag'
[2021-05-30T17:35:45.763] [ERROR] Qualifier - Missing bean 'InitFlag'
[2021-05-30T17:35:45.763] [ERROR] Qualifier - Missing bean 'XmlPropertiesBean'
[2021-05-30T17:35:45.763] [ERROR] Qualifier - Missing bean 'JsonPropertiesBean'
[2021-05-30T17:35:45.763] [ERROR] Qualifier - Missing bean 'JavaPropertiesBean'
[2021-05-30T17:35:45.826] [INFO] Service - Service initialized ...
[2021-05-30T17:35:45.824] [INFO] Qualifier - Qualifier initialized ...
[2021-05-30T17:35:45.918] [INFO] Service - Service initialized ...
[2021-05-30T17:35:45.916] [INFO] Qualifier - Qualifier initialized ...
[2021-05-30T17:35:45.955] [INFO] Service - Service initialized ...
[2021-05-30T17:35:45.953] [INFO] Qualifier - Qualifier initialized ...
[2021-05-30T17:40:28.598] [INFO] Service - Service initialized ... init(/Users/udogerhards/Documents/workspace/Nodejs-annotations/lib/foundation/context/parser/annotation/instance/Service/Service.js:15:16)
[2021-05-30T17:40:28.522] [INFO] Qualifier - Qualifier initialized ... init(/Users/udogerhards/Documents/workspace/Nodejs-annotations/lib/foundation/context/parser/annotation/Base/Base.js:25:16)
[2021-05-30T17:40:28.863] [ERROR] Qualifier - Missing bean 'Number' _inject(/Users/udogerhards/Documents/workspace/Nodejs-annotations/lib/foundation/context/parser/annotation/inject/Qualifier/Qualifier.js:95:28)
[2021-05-30T17:40:28.864] [ERROR] Qualifier - Missing bean 'Integer' _inject(/Users/udogerhards/Documents/workspace/Nodejs-annotations/lib/foundation/context/parser/annotation/inject/Qualifier/Qualifier.js:95:28)
[2021-05-30T17:40:28.864] [ERROR] Qualifier - Missing bean 'Float' _inject(/Users/udogerhards/Documents/workspace/Nodejs-annotations/lib/foundation/context/parser/annotation/inject/Qualifier/Qualifier.js:95:28)
[2021-05-30T17:40:28.865] [ERROR] Qualifier - Missing bean 'Boolean' _inject(/Users/udogerhards/Documents/workspace/Nodejs-annotations/lib/foundation/context/parser/annotation/inject/Qualifier/Qualifier.js:95:28)
[2021-05-30T17:40:28.881] [ERROR] Qualifier - Missing bean 'String' _inject(/Users/udogerhards/Documents/workspace/Nodejs-annotations/lib/foundation/context/parser/annotation/inject/Qualifier/Qualifier.js:95:28)
[2021-05-30T17:40:29.100] [INFO] Service - Service initialized ...
[2021-05-30T17:40:29.093] [INFO] Qualifier - Qualifier initialized ...
[2021-05-30T17:40:29.406] [INFO] Service - Service initialized ...
[2021-05-30T17:40:29.401] [INFO] Qualifier - Qualifier initialized ...
[2021-05-30T17:40:29.806] [INFO] Service - Service initialized ...
[2021-05-30T17:40:29.682] [INFO] Qualifier - Qualifier initialized ...
[2021-05-30T17:40:30.110] [INFO] Service - Service initialized ...
[2021-05-30T17:40:30.104] [INFO] Qualifier - Qualifier initialized ...
[2021-05-30T17:40:30.340] [INFO] Service - Service initialized ...
[2021-05-30T17:40:30.324] [INFO] Qualifier - Qualifier initialized ...
[2021-05-30T17:40:30.405] [ERROR] Qualifier - Missing bean 'InitFlag'
[2021-05-30T17:40:30.406] [ERROR] Qualifier - Missing bean 'InitFlag'
[2021-05-30T17:40:30.406] [ERROR] Qualifier - Missing bean 'InitFlag'
[2021-05-30T17:40:30.406] [ERROR] Qualifier - Missing bean 'XmlPropertiesBean'
[2021-05-30T17:40:30.407] [ERROR] Qualifier - Missing bean 'JsonPropertiesBean'
[2021-05-30T17:40:30.407] [ERROR] Qualifier - Missing bean 'JavaPropertiesBean'
[2021-05-30T17:40:30.571] [INFO] Service - Service initialized ...
[2021-05-30T17:40:30.569] [INFO] Qualifier - Qualifier initialized ...
[2021-05-30T17:40:30.869] [INFO] Service - Service initialized ...
[2021-05-30T17:40:30.865] [INFO] Qualifier - Qualifier initialized ...
[2021-05-30T17:40:30.973] [INFO] Service - Service initialized ...
[2021-05-30T17:40:30.970] [INFO] Qualifier - Qualifier initialized ...
[2021-05-30T17:42:10.627] [INFO] Service - Service initialized ... init(/Users/udogerhards/Documents/workspace/Nodejs-annotations/lib/foundation/context/parser/annotation/instance/Service/Service.js:15:16)
[2021-05-30T17:42:10.581] [INFO] Qualifier - Qualifier initialized ... init(/Users/udogerhards/Documents/workspace/Nodejs-annotations/lib/foundation/context/parser/annotation/Base/Base.js:25:16)
[2021-05-30T17:42:10.973] [ERROR] Qualifier - Missing bean 'Number' _inject(/Users/udogerhards/Documents/workspace/Nodejs-annotations/lib/foundation/context/parser/annotation/inject/Qualifier/Qualifier.js:95:28)
[2021-05-30T17:42:10.975] [ERROR] Qualifier - Missing bean 'Integer' _inject(/Users/udogerhards/Documents/workspace/Nodejs-annotations/lib/foundation/context/parser/annotation/inject/Qualifier/Qualifier.js:95:28)
[2021-05-30T17:42:10.976] [ERROR] Qualifier - Missing bean 'Float' _inject(/Users/udogerhards/Documents/workspace/Nodejs-annotations/lib/foundation/context/parser/annotation/inject/Qualifier/Qualifier.js:95:28)
[2021-05-30T17:42:10.976] [ERROR] Qualifier - Missing bean 'Boolean' _inject(/Users/udogerhards/Documents/workspace/Nodejs-annotations/lib/foundation/context/parser/annotation/inject/Qualifier/Qualifier.js:95:28)
[2021-05-30T17:42:10.987] [ERROR] Qualifier - Missing bean 'String' _inject(/Users/udogerhards/Documents/workspace/Nodejs-annotations/lib/foundation/context/parser/annotation/inject/Qualifier/Qualifier.js:95:28)
[2021-05-30T17:42:11.275] [INFO] Service - Service initialized ...
[2021-05-30T17:42:11.260] [INFO] Qualifier - Qualifier initialized ...
[2021-05-30T17:42:11.615] [INFO] Service - Service initialized ...
[2021-05-30T17:42:11.608] [INFO] Qualifier - Qualifier initialized ...
[2021-05-30T17:42:11.978] [INFO] Service - Service initialized ...
[2021-05-30T17:42:11.971] [INFO] Qualifier - Qualifier initialized ...
[2021-05-30T17:42:12.291] [INFO] Service - Service initialized ...
[2021-05-30T17:42:12.276] [INFO] Qualifier - Qualifier initialized ...
[2021-05-30T17:42:12.563] [INFO] Service - Service initialized ...
[2021-05-30T17:42:12.559] [INFO] Qualifier - Qualifier initialized ...
[2021-05-30T17:42:12.625] [ERROR] Qualifier - Missing bean 'InitFlag'
[2021-05-30T17:42:12.626] [ERROR] Qualifier - Missing bean 'InitFlag'
[2021-05-30T17:42:12.626] [ERROR] Qualifier - Missing bean 'InitFlag'
[2021-05-30T17:42:12.627] [ERROR] Qualifier - Missing bean 'XmlPropertiesBean'
[2021-05-30T17:42:12.628] [ERROR] Qualifier - Missing bean 'JsonPropertiesBean'
[2021-05-30T17:42:12.628] [ERROR] Qualifier - Missing bean 'JavaPropertiesBean'
[2021-05-30T17:42:12.858] [INFO] Service - Service initialized ...
[2021-05-30T17:42:12.851] [INFO] Qualifier - Qualifier initialized ...
[2021-05-30T17:42:13.238] [INFO] Service - Service initialized ...
[2021-05-30T17:42:13.223] [INFO] Qualifier - Qualifier initialized ...
[2021-05-30T17:42:13.327] [INFO] Service - Service initialized ...
[2021-05-30T17:42:13.323] [INFO] Qualifier - Qualifier initialized ...
[2021-05-30T17:46:05.660] [INFO] Service - Service initialized ... init(/Users/udogerhards/Documents/workspace/Nodejs-annotations/lib/foundation/context/parser/annotation/instance/Service/Service.js:15:16)
[2021-05-30T17:46:05.655] [INFO] Qualifier - Qualifier initialized ... init(/Users/udogerhards/Documents/workspace/Nodejs-annotations/lib/foundation/context/parser/annotation/Base/Base.js:25:16)
[2021-05-30T17:46:05.749] [ERROR] Qualifier - Missing bean 'Number' _inject(/Users/udogerhards/Documents/workspace/Nodejs-annotations/lib/foundation/context/parser/annotation/inject/Qualifier/Qualifier.js:95:28)
[2021-05-30T17:46:05.749] [ERROR] Qualifier - Missing bean 'Integer' _inject(/Users/udogerhards/Documents/workspace/Nodejs-annotations/lib/foundation/context/parser/annotation/inject/Qualifier/Qualifier.js:95:28)
[2021-05-30T17:46:05.750] [ERROR] Qualifier - Missing bean 'Float' _inject(/Users/udogerhards/Documents/workspace/Nodejs-annotations/lib/foundation/context/parser/annotation/inject/Qualifier/Qualifier.js:95:28)
[2021-05-30T17:46:05.750] [ERROR] Qualifier - Missing bean 'Boolean' _inject(/Users/udogerhards/Documents/workspace/Nodejs-annotations/lib/foundation/context/parser/annotation/inject/Qualifier/Qualifier.js:95:28)
[2021-05-30T17:46:05.752] [ERROR] Qualifier - Missing bean 'String' _inject(/Users/udogerhards/Documents/workspace/Nodejs-annotations/lib/foundation/context/parser/annotation/inject/Qualifier/Qualifier.js:95:28)
[2021-05-30T17:46:05.822] [INFO] Service - Service initialized ...
[2021-05-30T17:46:05.820] [INFO] Qualifier - Qualifier initialized ...
[2021-05-30T17:46:05.932] [INFO] Service - Service initialized ...
[2021-05-30T17:46:05.930] [INFO] Qualifier - Qualifier initialized ...
[2021-05-30T17:46:06.055] [INFO] Service - Service initialized ...
[2021-05-30T17:46:06.053] [INFO] Qualifier - Qualifier initialized ...
[2021-05-30T17:46:06.181] [INFO] Qualifier - Qualifier initialized ...
[2021-05-30T17:46:06.182] [INFO] Service - Service initialized ...
[2021-05-30T17:46:06.304] [INFO] Service - Service initialized ...
[2021-05-30T17:46:06.302] [INFO] Qualifier - Qualifier initialized ...
[2021-05-30T17:46:06.353] [ERROR] Qualifier - Missing bean 'InitFlag'
[2021-05-30T17:46:06.353] [ERROR] Qualifier - Missing bean 'InitFlag'
[2021-05-30T17:46:06.354] [ERROR] Qualifier - Missing bean 'InitFlag'
[2021-05-30T17:46:06.354] [ERROR] Qualifier - Missing bean 'XmlPropertiesBean'
[2021-05-30T17:46:06.354] [ERROR] Qualifier - Missing bean 'JsonPropertiesBean'
[2021-05-30T17:46:06.354] [ERROR] Qualifier - Missing bean 'JavaPropertiesBean'
[2021-05-30T17:46:06.426] [INFO] Service - Service initialized ...
[2021-05-30T17:46:06.424] [INFO] Qualifier - Qualifier initialized ...
[2021-05-30T17:46:06.545] [INFO] Service - Service initialized ...
[2021-05-30T17:46:06.544] [INFO] Qualifier - Qualifier initialized ...
[2021-05-30T17:46:06.595] [INFO] Service - Service initialized ...
[2021-05-30T17:46:06.594] [INFO] Qualifier - Qualifier initialized ...
[2021-05-30T17:54:04.917] [INFO] Service - Service initialized ... init(/Users/udogerhards/Documents/workspace/Nodejs-annotations/lib/foundation/context/parser/annotation/instance/Service/Service.js:15:16)
[2021-05-30T17:54:04.899] [INFO] Qualifier - Qualifier initialized ... init(/Users/udogerhards/Documents/workspace/Nodejs-annotations/lib/foundation/context/parser/annotation/Base/Base.js:25:16)
[2021-05-30T17:54:05.138] [ERROR] Qualifier - Missing bean 'Number' _inject(/Users/udogerhards/Documents/workspace/Nodejs-annotations/lib/foundation/context/parser/annotation/inject/Qualifier/Qualifier.js:95:28)
[2021-05-30T17:54:05.139] [ERROR] Qualifier - Missing bean 'Integer' _inject(/Users/udogerhards/Documents/workspace/Nodejs-annotations/lib/foundation/context/parser/annotation/inject/Qualifier/Qualifier.js:95:28)
[2021-05-30T17:54:05.145] [ERROR] Qualifier - Missing bean 'Float' _inject(/Users/udogerhards/Documents/workspace/Nodejs-annotations/lib/foundation/context/parser/annotation/inject/Qualifier/Qualifier.js:95:28)
[2021-05-30T17:54:05.147] [ERROR] Qualifier - Missing bean 'Boolean' _inject(/Users/udogerhards/Documents/workspace/Nodejs-annotations/lib/foundation/context/parser/annotation/inject/Qualifier/Qualifier.js:95:28)
[2021-05-30T17:54:05.155] [ERROR] Qualifier - Missing bean 'String' _inject(/Users/udogerhards/Documents/workspace/Nodejs-annotations/lib/foundation/context/parser/annotation/inject/Qualifier/Qualifier.js:95:28)
[2021-05-30T17:54:13.442] [INFO] Service - Service initialized ...
[2021-05-30T17:54:13.409] [INFO] Qualifier - Qualifier initialized ...
[2021-05-30T17:54:13.756] [INFO] Service - Service initialized ...
[2021-05-30T17:54:13.743] [INFO] Qualifier - Qualifier initialized ...
[2021-05-30T17:54:14.137] [INFO] Service - Service initialized ...
[2021-05-30T17:54:14.095] [INFO] Qualifier - Qualifier initialized ...
[2021-05-30T17:54:14.611] [INFO] Service - Service initialized ...
[2021-05-30T17:54:14.609] [INFO] Qualifier - Qualifier initialized ...
[2021-05-30T17:54:14.861] [INFO] Service - Service initialized ...
[2021-05-30T17:54:14.856] [INFO] Qualifier - Qualifier initialized ...
[2021-05-30T17:54:15.016] [ERROR] Qualifier - Missing bean 'InitFlag'
[2021-05-30T17:54:15.017] [ERROR] Qualifier - Missing bean 'InitFlag'
[2021-05-30T17:54:15.017] [ERROR] Qualifier - Missing bean 'InitFlag'
[2021-05-30T17:54:15.017] [ERROR] Qualifier - Missing bean 'XmlPropertiesBean'
[2021-05-30T17:54:15.017] [ERROR] Qualifier - Missing bean 'JsonPropertiesBean'
[2021-05-30T17:54:15.018] [ERROR] Qualifier - Missing bean 'JavaPropertiesBean'
[2021-05-30T17:54:15.335] [INFO] Service - Service initialized ...
[2021-05-30T17:54:15.309] [INFO] Qualifier - Qualifier initialized ...
[2021-05-30T17:54:15.742] [INFO] Service - Service initialized ...
[2021-05-30T17:54:15.708] [INFO] Qualifier - Qualifier initialized ...
[2021-05-30T17:54:15.883] [INFO] Service - Service initialized ...
[2021-05-30T17:54:15.878] [INFO] Qualifier - Qualifier initialized ...
[2021-05-30T17:54:50.826] [INFO] Service - Service initialized ... init(/Users/udogerhards/Documents/workspace/Nodejs-annotations/lib/foundation/context/parser/annotation/instance/Service/Service.js:15:16)
[2021-05-30T17:54:50.812] [INFO] Qualifier - Qualifier initialized ... init(/Users/udogerhards/Documents/workspace/Nodejs-annotations/lib/foundation/context/parser/annotation/Base/Base.js:25:16)
[2021-05-30T17:54:50.995] [ERROR] Qualifier - Missing bean 'Number' _inject(/Users/udogerhards/Documents/workspace/Nodejs-annotations/lib/foundation/context/parser/annotation/inject/Qualifier/Qualifier.js:95:28)
[2021-05-30T17:54:50.996] [ERROR] Qualifier - Missing bean 'Integer' _inject(/Users/udogerhards/Documents/workspace/Nodejs-annotations/lib/foundation/context/parser/annotation/inject/Qualifier/Qualifier.js:95:28)
[2021-05-30T17:54:51.002] [ERROR] Qualifier - Missing bean 'Float' _inject(/Users/udogerhards/Documents/workspace/Nodejs-annotations/lib/foundation/context/parser/annotation/inject/Qualifier/Qualifier.js:95:28)
[2021-05-30T17:54:51.002] [ERROR] Qualifier - Missing bean 'Boolean' _inject(/Users/udogerhards/Documents/workspace/Nodejs-annotations/lib/foundation/context/parser/annotation/inject/Qualifier/Qualifier.js:95:28)
[2021-05-30T17:54:51.004] [ERROR] Qualifier - Missing bean 'String' _inject(/Users/udogerhards/Documents/workspace/Nodejs-annotations/lib/foundation/context/parser/annotation/inject/Qualifier/Qualifier.js:95:28)
[2021-05-30T17:54:51.134] [INFO] Service - Service initialized ...
[2021-05-30T17:54:51.122] [INFO] Qualifier - Qualifier initialized ...
[2021-05-30T17:54:51.256] [INFO] Service - Service initialized ...
[2021-05-30T17:54:51.253] [INFO] Qualifier - Qualifier initialized ...
[2021-05-30T17:54:51.386] [INFO] Service - Service initialized ...
[2021-05-30T17:54:51.380] [INFO] Qualifier - Qualifier initialized ...
[2021-05-30T17:54:51.549] [INFO] Qualifier - Qualifier initialized ...
[2021-05-30T17:54:51.550] [INFO] Service - Service initialized ...
[2021-05-30T17:54:51.658] [INFO] Service - Service initialized ...
[2021-05-30T17:54:51.654] [INFO] Qualifier - Qualifier initialized ...
[2021-05-30T17:54:51.708] [ERROR] Qualifier - Missing bean 'InitFlag'
[2021-05-30T17:54:51.708] [ERROR] Qualifier - Missing bean 'InitFlag'
[2021-05-30T17:54:51.709] [ERROR] Qualifier - Missing bean 'InitFlag'
[2021-05-30T17:54:51.709] [ERROR] Qualifier - Missing bean 'XmlPropertiesBean'
[2021-05-30T17:54:51.709] [ERROR] Qualifier - Missing bean 'JsonPropertiesBean'
[2021-05-30T17:54:51.710] [ERROR] Qualifier - Missing bean 'JavaPropertiesBean'
[2021-05-30T17:54:51.786] [INFO] Service - Service initialized ...
[2021-05-30T17:54:51.784] [INFO] Qualifier - Qualifier initialized ...
[2021-05-30T17:54:51.923] [INFO] Service - Service initialized ...
[2021-05-30T17:54:51.916] [INFO] Qualifier - Qualifier initialized ...
[2021-05-30T17:54:52.000] [INFO] Service - Service initialized ...
[2021-05-30T17:54:51.997] [INFO] Qualifier - Qualifier initialized ...
[2021-05-30T17:55:30.489] [INFO] Service - Service initialized ... init(/Users/udogerhards/Documents/workspace/Nodejs-annotations/lib/foundation/context/parser/annotation/instance/Service/Service.js:15:16)
[2021-05-30T17:55:30.458] [INFO] Qualifier - Qualifier initialized ... init(/Users/udogerhards/Documents/workspace/Nodejs-annotations/lib/foundation/context/parser/annotation/Base/Base.js:25:16)
[2021-05-30T17:55:30.673] [ERROR] Qualifier - Missing bean 'Number' _inject(/Users/udogerhards/Documents/workspace/Nodejs-annotations/lib/foundation/context/parser/annotation/inject/Qualifier/Qualifier.js:95:28)
[2021-05-30T17:55:30.674] [ERROR] Qualifier - Missing bean 'Integer' _inject(/Users/udogerhards/Documents/workspace/Nodejs-annotations/lib/foundation/context/parser/annotation/inject/Qualifier/Qualifier.js:95:28)
[2021-05-30T17:55:30.676] [ERROR] Qualifier - Missing bean 'Float' _inject(/Users/udogerhards/Documents/workspace/Nodejs-annotations/lib/foundation/context/parser/annotation/inject/Qualifier/Qualifier.js:95:28)
[2021-05-30T17:55:30.677] [ERROR] Qualifier - Missing bean 'Boolean' _inject(/Users/udogerhards/Documents/workspace/Nodejs-annotations/lib/foundation/context/parser/annotation/inject/Qualifier/Qualifier.js:95:28)
[2021-05-30T17:55:30.688] [ERROR] Qualifier - Missing bean 'String' _inject(/Users/udogerhards/Documents/workspace/Nodejs-annotations/lib/foundation/context/parser/annotation/inject/Qualifier/Qualifier.js:95:28)
[2021-05-30T17:55:30.767] [INFO] Service - Service initialized ...
[2021-05-30T17:55:30.764] [INFO] Qualifier - Qualifier initialized ...
[2021-05-30T17:55:30.899] [INFO] Service - Service initialized ...
[2021-05-30T17:55:30.897] [INFO] Qualifier - Qualifier initialized ...
[2021-05-30T17:55:31.032] [INFO] Service - Service initialized ...
[2021-05-30T17:55:31.029] [INFO] Qualifier - Qualifier initialized ...
[2021-05-30T17:55:31.156] [INFO] Service - Service initialized ...
[2021-05-30T17:55:31.154] [INFO] Qualifier - Qualifier initialized ...
[2021-05-30T17:55:31.270] [INFO] Service - Service initialized ...
[2021-05-30T17:55:31.267] [INFO] Qualifier - Qualifier initialized ...
[2021-05-30T17:55:31.311] [ERROR] Qualifier - Missing bean 'InitFlag'
[2021-05-30T17:55:31.311] [ERROR] Qualifier - Missing bean 'InitFlag'
[2021-05-30T17:55:31.311] [ERROR] Qualifier - Missing bean 'InitFlag'
[2021-05-30T17:55:31.311] [ERROR] Qualifier - Missing bean 'XmlPropertiesBean'
[2021-05-30T17:55:31.311] [ERROR] Qualifier - Missing bean 'JsonPropertiesBean'
[2021-05-30T17:55:31.312] [ERROR] Qualifier - Missing bean 'JavaPropertiesBean'
[2021-05-30T17:55:31.397] [INFO] Service - Service initialized ...
[2021-05-30T17:55:31.395] [INFO] Qualifier - Qualifier initialized ...
[2021-05-30T17:55:31.527] [INFO] Qualifier - Qualifier initialized ...
[2021-05-30T17:55:31.532] [INFO] Service - Service initialized ...
[2021-05-30T17:55:31.655] [INFO] Service - Service initialized ...
[2021-05-30T17:55:31.652] [INFO] Qualifier - Qualifier initialized ...
[2021-05-30T17:56:27.541] [INFO] Service - Service initialized ... init(/Users/udogerhards/Documents/workspace/Nodejs-annotations/lib/foundation/context/parser/annotation/instance/Service/Service.js:15:16)
[2021-05-30T17:56:27.514] [INFO] Qualifier - Qualifier initialized ... init(/Users/udogerhards/Documents/workspace/Nodejs-annotations/lib/foundation/context/parser/annotation/Base/Base.js:25:16)
[2021-05-30T17:56:27.727] [ERROR] Qualifier - Missing bean 'Number' _inject(/Users/udogerhards/Documents/workspace/Nodejs-annotations/lib/foundation/context/parser/annotation/inject/Qualifier/Qualifier.js:95:28)
[2021-05-30T17:56:27.730] [ERROR] Qualifier - Missing bean 'Integer' _inject(/Users/udogerhards/Documents/workspace/Nodejs-annotations/lib/foundation/context/parser/annotation/inject/Qualifier/Qualifier.js:95:28)
[2021-05-30T17:56:27.730] [ERROR] Qualifier - Missing bean 'Float' _inject(/Users/udogerhards/Documents/workspace/Nodejs-annotations/lib/foundation/context/parser/annotation/inject/Qualifier/Qualifier.js:95:28)
[2021-05-30T17:56:27.731] [ERROR] Qualifier - Missing bean 'Boolean' _inject(/Users/udogerhards/Documents/workspace/Nodejs-annotations/lib/foundation/context/parser/annotation/inject/Qualifier/Qualifier.js:95:28)
[2021-05-30T17:56:27.736] [ERROR] Qualifier - Missing bean 'String' _inject(/Users/udogerhards/Documents/workspace/Nodejs-annotations/lib/foundation/context/parser/annotation/inject/Qualifier/Qualifier.js:95:28)
[2021-05-30T17:56:28.057] [INFO] Service - Service initialized ...
[2021-05-30T17:56:27.996] [INFO] Qualifier - Qualifier initialized ...
[2021-05-30T17:56:28.563] [INFO] Service - Service initialized ...
[2021-05-30T17:56:28.541] [INFO] Qualifier - Qualifier initialized ...
[2021-05-30T17:56:28.933] [INFO] Service - Service initialized ...
[2021-05-30T17:56:28.929] [INFO] Qualifier - Qualifier initialized ...
[2021-05-30T17:56:29.277] [INFO] Service - Service initialized ...
[2021-05-30T17:56:29.259] [INFO] Qualifier - Qualifier initialized ...
[2021-05-30T17:56:29.621] [INFO] Service - Service initialized ...
[2021-05-30T17:56:29.583] [INFO] Qualifier - Qualifier initialized ...
[2021-05-30T17:56:29.743] [ERROR] Qualifier - Missing bean 'InitFlag'
[2021-05-30T17:56:29.746] [ERROR] Qualifier - Missing bean 'InitFlag'
[2021-05-30T17:56:29.747] [ERROR] Qualifier - Missing bean 'InitFlag'
[2021-05-30T17:56:29.748] [ERROR] Qualifier - Missing bean 'XmlPropertiesBean'
[2021-05-30T17:56:29.748] [ERROR] Qualifier - Missing bean 'JsonPropertiesBean'
[2021-05-30T17:56:29.767] [ERROR] Qualifier - Missing bean 'JavaPropertiesBean'
[2021-05-30T17:56:30.045] [INFO] Service - Service initialized ...
[2021-05-30T17:56:29.987] [INFO] Qualifier - Qualifier initialized ...
[2021-05-30T17:56:30.373] [INFO] Service - Service initialized ...
[2021-05-30T17:56:30.364] [INFO] Qualifier - Qualifier initialized ...
[2021-05-30T17:56:30.609] [INFO] Service - Service initialized ...
[2021-05-30T17:56:30.604] [INFO] Qualifier - Qualifier initialized ...
[2021-05-30T18:21:45.322] [INFO] Service - Service initialized ... init(/Users/udogerhards/Documents/workspace/Nodejs-annotations/lib/foundation/context/parser/annotation/instance/Service/Service.js:15:16)
[2021-05-30T18:21:45.139] [INFO] Qualifier - Qualifier initialized ... init(/Users/udogerhards/Documents/workspace/Nodejs-annotations/lib/foundation/context/parser/annotation/Base/Base.js:25:16)
[2021-05-30T18:21:45.516] [ERROR] Qualifier - Missing bean 'Number' _inject(/Users/udogerhards/Documents/workspace/Nodejs-annotations/lib/foundation/context/parser/annotation/inject/Qualifier/Qualifier.js:95:28)
[2021-05-30T18:21:45.518] [ERROR] Qualifier - Missing bean 'Integer' _inject(/Users/udogerhards/Documents/workspace/Nodejs-annotations/lib/foundation/context/parser/annotation/inject/Qualifier/Qualifier.js:95:28)
[2021-05-30T18:21:45.519] [ERROR] Qualifier - Missing bean 'Float' _inject(/Users/udogerhards/Documents/workspace/Nodejs-annotations/lib/foundation/context/parser/annotation/inject/Qualifier/Qualifier.js:95:28)
[2021-05-30T18:21:45.519] [ERROR] Qualifier - Missing bean 'Boolean' _inject(/Users/udogerhards/Documents/workspace/Nodejs-annotations/lib/foundation/context/parser/annotation/inject/Qualifier/Qualifier.js:95:28)
[2021-05-30T18:21:45.522] [ERROR] Qualifier - Missing bean 'String' _inject(/Users/udogerhards/Documents/workspace/Nodejs-annotations/lib/foundation/context/parser/annotation/inject/Qualifier/Qualifier.js:95:28)
[2021-05-30T18:21:45.766] [INFO] Service - Service initialized ...
[2021-05-30T18:21:45.735] [INFO] Qualifier - Qualifier initialized ...
[2021-05-30T18:21:46.093] [INFO] Service - Service initialized ...
[2021-05-30T18:21:46.089] [INFO] Qualifier - Qualifier initialized ...
[2021-05-30T18:21:46.324] [INFO] Service - Service initialized ...
[2021-05-30T18:21:46.306] [INFO] Qualifier - Qualifier initialized ...
[2021-05-30T18:21:46.626] [INFO] Service - Service initialized ...
[2021-05-30T18:21:46.623] [INFO] Qualifier - Qualifier initialized ...
[2021-05-30T18:21:46.967] [INFO] Service - Service initialized ...
[2021-05-30T18:21:46.953] [INFO] Qualifier - Qualifier initialized ...
[2021-05-30T18:21:47.082] [ERROR] Qualifier - Missing bean 'InitFlag'
[2021-05-30T18:21:47.083] [ERROR] Qualifier - Missing bean 'InitFlag'
[2021-05-30T18:21:47.083] [ERROR] Qualifier - Missing bean 'InitFlag'
[2021-05-30T18:21:47.084] [ERROR] Qualifier - Missing bean 'XmlPropertiesBean'
[2021-05-30T18:21:47.084] [ERROR] Qualifier - Missing bean 'JsonPropertiesBean'
[2021-05-30T18:21:47.084] [ERROR] Qualifier - Missing bean 'JavaPropertiesBean'
[2021-05-30T18:21:47.275] [INFO] Service - Service initialized ...
[2021-05-30T18:21:47.269] [INFO] Qualifier - Qualifier initialized ...
[2021-05-30T18:21:47.609] [INFO] Service - Service initialized ...
[2021-05-30T18:21:47.606] [INFO] Qualifier - Qualifier initialized ...
[2021-05-30T18:21:47.758] [INFO] Service - Service initialized ...
[2021-05-30T18:21:47.756] [INFO] Qualifier - Qualifier initialized ...
[2021-05-30T18:22:50.469] [INFO] Service - Service initialized ... init(/Users/udogerhards/Documents/workspace/Nodejs-annotations/lib/foundation/context/parser/annotation/instance/Service/Service.js:15:16)
[2021-05-30T18:22:50.334] [INFO] Qualifier - Qualifier initialized ... init(/Users/udogerhards/Documents/workspace/Nodejs-annotations/lib/foundation/context/parser/annotation/Base/Base.js:25:16)
[2021-05-30T18:22:50.699] [ERROR] Qualifier - Missing bean 'Number' _inject(/Users/udogerhards/Documents/workspace/Nodejs-annotations/lib/foundation/context/parser/annotation/inject/Qualifier/Qualifier.js:95:28)
[2021-05-30T18:22:50.700] [ERROR] Qualifier - Missing bean 'Integer' _inject(/Users/udogerhards/Documents/workspace/Nodejs-annotations/lib/foundation/context/parser/annotation/inject/Qualifier/Qualifier.js:95:28)
[2021-05-30T18:22:50.701] [ERROR] Qualifier - Missing bean 'Float' _inject(/Users/udogerhards/Documents/workspace/Nodejs-annotations/lib/foundation/context/parser/annotation/inject/Qualifier/Qualifier.js:95:28)
[2021-05-30T18:22:50.702] [ERROR] Qualifier - Missing bean 'Boolean' _inject(/Users/udogerhards/Documents/workspace/Nodejs-annotations/lib/foundation/context/parser/annotation/inject/Qualifier/Qualifier.js:95:28)
[2021-05-30T18:22:50.710] [ERROR] Qualifier - Missing bean 'String' _inject(/Users/udogerhards/Documents/workspace/Nodejs-annotations/lib/foundation/context/parser/annotation/inject/Qualifier/Qualifier.js:95:28)
[2021-05-30T18:22:50.996] [INFO] Service - Service initialized ...
[2021-05-30T18:22:50.986] [INFO] Qualifier - Qualifier initialized ...
[2021-05-30T18:22:51.338] [INFO] Service - Service initialized ...
[2021-05-30T18:22:51.333] [INFO] Qualifier - Qualifier initialized ...
[2021-05-30T18:22:51.563] [INFO] Service - Service initialized ...
[2021-05-30T18:22:51.551] [INFO] Qualifier - Qualifier initialized ...
[2021-05-30T18:22:51.938] [INFO] Service - Service initialized ...
[2021-05-30T18:22:51.919] [INFO] Qualifier - Qualifier initialized ...
[2021-05-30T18:22:52.188] [INFO] Service - Service initialized ...
[2021-05-30T18:22:52.175] [INFO] Qualifier - Qualifier initialized ...
[2021-05-30T18:22:52.324] [ERROR] Qualifier - Missing bean 'InitFlag'
[2021-05-30T18:22:52.327] [ERROR] Qualifier - Missing bean 'InitFlag'
[2021-05-30T18:22:52.328] [ERROR] Qualifier - Missing bean 'InitFlag'
[2021-05-30T18:22:52.329] [ERROR] Qualifier - Missing bean 'XmlPropertiesBean'
[2021-05-30T18:22:52.329] [ERROR] Qualifier - Missing bean 'JsonPropertiesBean'
[2021-05-30T18:22:52.329] [ERROR] Qualifier - Missing bean 'JavaPropertiesBean'
[2021-05-30T18:22:52.490] [INFO] Qualifier - Qualifier initialized ...
[2021-05-30T18:22:52.504] [INFO] Service - Service initialized ...
[2021-05-30T18:23:04.988] [INFO] Service - Service initialized ...
[2021-05-30T18:23:04.956] [INFO] Qualifier - Qualifier initialized ...
[2021-05-30T18:25:45.740] [INFO] Service - Service initialized ... init(/Users/udogerhards/Documents/workspace/Nodejs-annotations/lib/foundation/context/parser/annotation/instance/Service/Service.js:15:16)
[2021-05-30T18:25:45.609] [INFO] Qualifier - Qualifier initialized ... init(/Users/udogerhards/Documents/workspace/Nodejs-annotations/lib/foundation/context/parser/annotation/Base/Base.js:25:16)
[2021-05-30T18:25:45.945] [ERROR] Qualifier - Missing bean 'Number' _inject(/Users/udogerhards/Documents/workspace/Nodejs-annotations/lib/foundation/context/parser/annotation/inject/Qualifier/Qualifier.js:95:28)
[2021-05-30T18:25:45.946] [ERROR] Qualifier - Missing bean 'Integer' _inject(/Users/udogerhards/Documents/workspace/Nodejs-annotations/lib/foundation/context/parser/annotation/inject/Qualifier/Qualifier.js:95:28)
[2021-05-30T18:25:45.946] [ERROR] Qualifier - Missing bean 'Float' _inject(/Users/udogerhards/Documents/workspace/Nodejs-annotations/lib/foundation/context/parser/annotation/inject/Qualifier/Qualifier.js:95:28)
[2021-05-30T18:25:45.947] [ERROR] Qualifier - Missing bean 'Boolean' _inject(/Users/udogerhards/Documents/workspace/Nodejs-annotations/lib/foundation/context/parser/annotation/inject/Qualifier/Qualifier.js:95:28)
[2021-05-30T18:25:45.974] [ERROR] Qualifier - Missing bean 'String' _inject(/Users/udogerhards/Documents/workspace/Nodejs-annotations/lib/foundation/context/parser/annotation/inject/Qualifier/Qualifier.js:95:28)
[2021-05-30T18:25:59.586] [INFO] Service - Service initialized ...
[2021-05-30T18:25:59.578] [INFO] Qualifier - Qualifier initialized ...
[2021-05-30T18:26:00.818] [INFO] Service - Service initialized ...
[2021-05-30T18:26:00.798] [INFO] Qualifier - Qualifier initialized ...
[2021-05-30T18:26:01.890] [INFO] Service - Service initialized ...
[2021-05-30T18:26:01.867] [INFO] Qualifier - Qualifier initialized ...
[2021-05-30T18:26:03.918] [INFO] Service - Service initialized ...
[2021-05-30T18:26:03.891] [INFO] Qualifier - Qualifier initialized ...
[2021-05-30T18:26:05.475] [INFO] Service - Service initialized ...
[2021-05-30T18:26:05.449] [INFO] Qualifier - Qualifier initialized ...
[2021-05-30T18:26:05.607] [ERROR] Qualifier - Missing bean 'InitFlag'
[2021-05-30T18:26:05.608] [ERROR] Qualifier - Missing bean 'InitFlag'
[2021-05-30T18:26:05.609] [ERROR] Qualifier - Missing bean 'InitFlag'
[2021-05-30T18:26:05.610] [ERROR] Qualifier - Missing bean 'XmlPropertiesBean'
[2021-05-30T18:26:05.610] [ERROR] Qualifier - Missing bean 'JsonPropertiesBean'
[2021-05-30T18:26:05.611] [ERROR] Qualifier - Missing bean 'JavaPropertiesBean'
[2021-05-30T18:26:07.213] [INFO] Service - Service initialized ...
[2021-05-30T18:26:07.205] [INFO] Qualifier - Qualifier initialized ...
[2021-05-30T18:26:15.075] [INFO] Service - Service initialized ...
[2021-05-30T18:26:15.062] [INFO] Qualifier - Qualifier initialized ...
[2021-05-30T18:34:24.906] [INFO] Service - Service initialized ... init(/Users/udogerhards/Documents/workspace/Nodejs-annotations/lib/foundation/context/parser/annotation/instance/Service/Service.js:15:16)
[2021-05-30T18:34:24.841] [INFO] Qualifier - Qualifier initialized ... init(/Users/udogerhards/Documents/workspace/Nodejs-annotations/lib/foundation/context/parser/annotation/Base/Base.js:25:16)
[2021-05-30T18:34:55.405] [ERROR] Qualifier - Missing bean 'Number' _inject(/Users/udogerhards/Documents/workspace/Nodejs-annotations/lib/foundation/context/parser/annotation/inject/Qualifier/Qualifier.js:95:28)
[2021-05-30T18:34:55.407] [ERROR] Qualifier - Missing bean 'Integer' _inject(/Users/udogerhards/Documents/workspace/Nodejs-annotations/lib/foundation/context/parser/annotation/inject/Qualifier/Qualifier.js:95:28)
[2021-05-30T18:34:55.412] [ERROR] Qualifier - Missing bean 'Float' _inject(/Users/udogerhards/Documents/workspace/Nodejs-annotations/lib/foundation/context/parser/annotation/inject/Qualifier/Qualifier.js:95:28)
[2021-05-30T18:34:55.413] [ERROR] Qualifier - Missing bean 'Boolean' _inject(/Users/udogerhards/Documents/workspace/Nodejs-annotations/lib/foundation/context/parser/annotation/inject/Qualifier/Qualifier.js:95:28)
[2021-05-30T18:34:55.421] [ERROR] Qualifier - Missing bean 'String' _inject(/Users/udogerhards/Documents/workspace/Nodejs-annotations/lib/foundation/context/parser/annotation/inject/Qualifier/Qualifier.js:95:28)
[2021-05-30T18:34:55.596] [INFO] Service - Service initialized ...
[2021-05-30T18:34:55.566] [INFO] Qualifier - Qualifier initialized ...
[2021-05-30T18:34:55.776] [INFO] Service - Service initialized ...
[2021-05-30T18:34:55.774] [INFO] Qualifier - Qualifier initialized ...
[2021-05-30T18:34:56.020] [INFO] Service - Service initialized ...
[2021-05-30T18:34:56.011] [INFO] Qualifier - Qualifier initialized ...
[2021-05-30T18:34:56.233] [INFO] Service - Service initialized ...
[2021-05-30T18:34:56.229] [INFO] Qualifier - Qualifier initialized ...
[2021-05-30T18:34:56.342] [INFO] Service - Service initialized ...
[2021-05-30T18:34:56.340] [INFO] Qualifier - Qualifier initialized ...
[2021-05-30T18:34:56.383] [ERROR] Qualifier - Missing bean 'InitFlag'
[2021-05-30T18:34:56.383] [ERROR] Qualifier - Missing bean 'InitFlag'
[2021-05-30T18:34:56.384] [ERROR] Qualifier - Missing bean 'InitFlag'
[2021-05-30T18:34:56.384] [ERROR] Qualifier - Missing bean 'XmlPropertiesBean'
[2021-05-30T18:34:56.384] [ERROR] Qualifier - Missing bean 'JsonPropertiesBean'
[2021-05-30T18:34:56.384] [ERROR] Qualifier - Missing bean 'JavaPropertiesBean'
[2021-05-30T18:34:56.470] [INFO] Service - Service initialized ...
[2021-05-30T18:34:56.465] [INFO] Qualifier - Qualifier initialized ...
[2021-05-30T18:34:56.599] [INFO] Service - Service initialized ...
[2021-05-30T18:34:56.592] [INFO] Qualifier - Qualifier initialized ...
[2021-05-30T18:38:33.817] [INFO] Service - Service initialized ... init(/Users/udogerhards/Documents/workspace/Nodejs-annotations/lib/foundation/context/parser/annotation/instance/Service/Service.js:15:16)
[2021-05-30T18:38:33.776] [INFO] Qualifier - Qualifier initialized ... init(/Users/udogerhards/Documents/workspace/Nodejs-annotations/lib/foundation/context/parser/annotation/Base/Base.js:25:16)
[2021-05-30T18:38:48.707] [ERROR] Qualifier - Missing bean 'Number' _inject(/Users/udogerhards/Documents/workspace/Nodejs-annotations/lib/foundation/context/parser/annotation/inject/Qualifier/Qualifier.js:95:28)
[2021-05-30T18:38:48.712] [ERROR] Qualifier - Missing bean 'Integer' _inject(/Users/udogerhards/Documents/workspace/Nodejs-annotations/lib/foundation/context/parser/annotation/inject/Qualifier/Qualifier.js:95:28)
[2021-05-30T18:38:48.718] [ERROR] Qualifier - Missing bean 'Float' _inject(/Users/udogerhards/Documents/workspace/Nodejs-annotations/lib/foundation/context/parser/annotation/inject/Qualifier/Qualifier.js:95:28)
[2021-05-30T18:38:48.721] [ERROR] Qualifier - Missing bean 'Boolean' _inject(/Users/udogerhards/Documents/workspace/Nodejs-annotations/lib/foundation/context/parser/annotation/inject/Qualifier/Qualifier.js:95:28)
[2021-05-30T18:38:48.752] [ERROR] Qualifier - Missing bean 'String' _inject(/Users/udogerhards/Documents/workspace/Nodejs-annotations/lib/foundation/context/parser/annotation/inject/Qualifier/Qualifier.js:95:28)
[2021-05-30T18:38:49.094] [INFO] Service - Service initialized ...
[2021-05-30T18:38:49.081] [INFO] Qualifier - Qualifier initialized ...
[2021-05-30T18:38:49.300] [INFO] Service - Service initialized ...
[2021-05-30T18:38:49.298] [INFO] Qualifier - Qualifier initialized ...
[2021-05-30T18:38:49.501] [INFO] Service - Service initialized ...
[2021-05-30T18:38:49.464] [INFO] Qualifier - Qualifier initialized ...
[2021-05-30T18:38:49.688] [INFO] Service - Service initialized ...
[2021-05-30T18:38:49.686] [INFO] Qualifier - Qualifier initialized ...
[2021-05-30T18:38:49.903] [INFO] Service - Service initialized ...
[2021-05-30T18:38:49.898] [INFO] Qualifier - Qualifier initialized ...
[2021-05-30T18:38:49.950] [ERROR] Qualifier - Missing bean 'InitFlag'
[2021-05-30T18:38:49.950] [ERROR] Qualifier - Missing bean 'InitFlag'
[2021-05-30T18:38:49.952] [ERROR] Qualifier - Missing bean 'InitFlag'
[2021-05-30T18:38:49.952] [ERROR] Qualifier - Missing bean 'XmlPropertiesBean'
[2021-05-30T18:38:49.953] [ERROR] Qualifier - Missing bean 'JsonPropertiesBean'
[2021-05-30T18:38:49.953] [ERROR] Qualifier - Missing bean 'JavaPropertiesBean'
[2021-05-30T18:38:50.037] [INFO] Service - Service initialized ...
[2021-05-30T18:38:50.035] [INFO] Qualifier - Qualifier initialized ...
[2021-05-30T18:38:50.151] [INFO] Service - Service initialized ...
[2021-05-30T18:38:50.148] [INFO] Qualifier - Qualifier initialized ...
[2021-05-30T18:39:29.110] [INFO] Service - Service initialized ... init(/Users/udogerhards/Documents/workspace/Nodejs-annotations/lib/foundation/context/parser/annotation/instance/Service/Service.js:15:16)
[2021-05-30T18:39:28.970] [INFO] Qualifier - Qualifier initialized ... init(/Users/udogerhards/Documents/workspace/Nodejs-annotations/lib/foundation/context/parser/annotation/Base/Base.js:25:16)
[2021-05-30T18:39:47.813] [ERROR] Qualifier - Missing bean 'Number' _inject(/Users/udogerhards/Documents/workspace/Nodejs-annotations/lib/foundation/context/parser/annotation/inject/Qualifier/Qualifier.js:95:28)
[2021-05-30T18:39:47.814] [ERROR] Qualifier - Missing bean 'Integer' _inject(/Users/udogerhards/Documents/workspace/Nodejs-annotations/lib/foundation/context/parser/annotation/inject/Qualifier/Qualifier.js:95:28)
[2021-05-30T18:39:47.814] [ERROR] Qualifier - Missing bean 'Float' _inject(/Users/udogerhards/Documents/workspace/Nodejs-annotations/lib/foundation/context/parser/annotation/inject/Qualifier/Qualifier.js:95:28)
[2021-05-30T18:39:47.814] [ERROR] Qualifier - Missing bean 'Boolean' _inject(/Users/udogerhards/Documents/workspace/Nodejs-annotations/lib/foundation/context/parser/annotation/inject/Qualifier/Qualifier.js:95:28)
[2021-05-30T18:39:47.816] [ERROR] Qualifier - Missing bean 'String' _inject(/Users/udogerhards/Documents/workspace/Nodejs-annotations/lib/foundation/context/parser/annotation/inject/Qualifier/Qualifier.js:95:28)
[2021-05-30T18:39:47.931] [INFO] Service - Service initialized ...
[2021-05-30T18:39:47.920] [INFO] Qualifier - Qualifier initialized ...
[2021-05-30T18:39:48.221] [INFO] Service - Service initialized ...
[2021-05-30T18:39:48.219] [INFO] Qualifier - Qualifier initialized ...
[2021-05-30T18:39:48.396] [INFO] Service - Service initialized ...
[2021-05-30T18:39:48.387] [INFO] Qualifier - Qualifier initialized ...
[2021-05-30T18:39:48.597] [INFO] Service - Service initialized ...
[2021-05-30T18:39:48.588] [INFO] Qualifier - Qualifier initialized ...
[2021-05-30T18:39:48.815] [INFO] Service - Service initialized ...
[2021-05-30T18:39:48.807] [INFO] Qualifier - Qualifier initialized ...
[2021-05-30T18:39:48.903] [ERROR] Qualifier - Missing bean 'InitFlag'
[2021-05-30T18:39:48.903] [ERROR] Qualifier - Missing bean 'InitFlag'
[2021-05-30T18:39:48.903] [ERROR] Qualifier - Missing bean 'InitFlag'
[2021-05-30T18:39:48.904] [ERROR] Qualifier - Missing bean 'XmlPropertiesBean'
[2021-05-30T18:39:48.904] [ERROR] Qualifier - Missing bean 'JsonPropertiesBean'
[2021-05-30T18:39:48.904] [ERROR] Qualifier - Missing bean 'JavaPropertiesBean'
[2021-05-30T18:39:49.087] [INFO] Service - Service initialized ...
[2021-05-30T18:39:49.078] [INFO] Qualifier - Qualifier initialized ...
[2021-05-30T18:39:49.206] [INFO] Service - Service initialized ...
[2021-05-30T18:39:49.203] [INFO] Qualifier - Qualifier initialized ...
[2021-05-30T19:13:01.679] [INFO] Qualifier - Qualifier initialized ... init(/Users/udogerhards/Documents/workspace/Nodejs-annotations/lib/foundation/context/parser/annotation/Base/Base.js:25:16)
[2021-05-30T19:13:01.698] [INFO] Service - Service initialized ... init(/Users/udogerhards/Documents/workspace/Nodejs-annotations/lib/foundation/context/parser/annotation/instance/Service/Service.js:15:16)
[2021-05-30T19:13:02.110] [ERROR] Qualifier - Missing bean 'Number' _inject(/Users/udogerhards/Documents/workspace/Nodejs-annotations/lib/foundation/context/parser/annotation/inject/Qualifier/Qualifier.js:95:28)
[2021-05-30T19:13:02.118] [ERROR] Qualifier - Missing bean 'Integer' _inject(/Users/udogerhards/Documents/workspace/Nodejs-annotations/lib/foundation/context/parser/annotation/inject/Qualifier/Qualifier.js:95:28)
[2021-05-30T19:13:02.123] [ERROR] Qualifier - Missing bean 'Float' _inject(/Users/udogerhards/Documents/workspace/Nodejs-annotations/lib/foundation/context/parser/annotation/inject/Qualifier/Qualifier.js:95:28)
[2021-05-30T19:13:02.127] [ERROR] Qualifier - Missing bean 'Boolean' _inject(/Users/udogerhards/Documents/workspace/Nodejs-annotations/lib/foundation/context/parser/annotation/inject/Qualifier/Qualifier.js:95:28)
[2021-05-30T19:13:02.143] [ERROR] Qualifier - Missing bean 'String' _inject(/Users/udogerhards/Documents/workspace/Nodejs-annotations/lib/foundation/context/parser/annotation/inject/Qualifier/Qualifier.js:95:28)
[2021-05-30T19:13:02.398] [INFO] Service - Service initialized ...
[2021-05-30T19:13:02.378] [INFO] Qualifier - Qualifier initialized ...
[2021-05-30T19:14:08.204] [INFO] Service - Service initialized ...
[2021-05-30T19:14:08.167] [INFO] Qualifier - Qualifier initialized ...
[2021-05-30T19:14:10.197] [INFO] Service - Service initialized ...
[2021-05-30T19:14:10.169] [INFO] Qualifier - Qualifier initialized ...
[2021-05-30T19:14:12.451] [INFO] Service - Service initialized ...
[2021-05-30T19:14:12.444] [INFO] Qualifier - Qualifier initialized ...
[2021-05-30T19:14:14.224] [INFO] Service - Service initialized ...
[2021-05-30T19:14:14.201] [INFO] Qualifier - Qualifier initialized ...
[2021-05-30T19:14:15.157] [ERROR] Qualifier - Missing bean 'InitFlag'
[2021-05-30T19:14:15.159] [ERROR] Qualifier - Missing bean 'InitFlag'
[2021-05-30T19:14:15.159] [ERROR] Qualifier - Missing bean 'InitFlag'
[2021-05-30T19:14:15.160] [ERROR] Qualifier - Missing bean 'XmlPropertiesBean'
[2021-05-30T19:14:15.160] [ERROR] Qualifier - Missing bean 'JsonPropertiesBean'
[2021-05-30T19:14:15.160] [ERROR] Qualifier - Missing bean 'JavaPropertiesBean'
[2021-05-30T19:14:15.956] [INFO] Service - Service initialized ...
[2021-05-30T19:14:15.943] [INFO] Qualifier - Qualifier initialized ...
[2021-05-30T19:14:20.050] [INFO] Service - Service initialized ...
[2021-05-30T19:14:20.037] [INFO] Qualifier - Qualifier initialized ...
